<?xml version="1.0" encoding="UTF-8"?>
<coverage generated="1779493659102" clover="3.2.0">
  <project timestamp="1779493659102" name="All files">
    <metrics statements="8300" coveredstatements="6772" conditionals="4553" coveredconditionals="3154" methods="2176" coveredmethods="1697" elements="15029" coveredelements="11623" complexity="0" loc="8300" ncloc="8300" packages="43" files="186" classes="186"/>
    <package name="packages.Bible Visualization Utils.bibleVizUtils.application.services">
      <metrics statements="592" coveredstatements="568" conditionals="281" coveredconditionals="246" methods="109" coveredmethods="107"/>
      <file name="ArrangementService.tsx" path="D:\Documents\Work\CasualOS\seed-bible\packages\Bible Visualization Utils\bibleVizUtils\application\services\ArrangementService.tsx">
        <metrics statements="157" coveredstatements="157" conditionals="77" coveredconditionals="64" methods="28" coveredmethods="28"/>
        <line num="39" count="49" type="stmt"/>
        <line num="48" count="49" type="stmt"/>
        <line num="49" count="49" type="stmt"/>
        <line num="50" count="49" type="stmt"/>
        <line num="51" count="49" type="cond" truecount="2" falsecount="0"/>
        <line num="52" count="1" type="stmt"/>
        <line num="56" count="67" type="stmt"/>
        <line num="57" count="67" type="stmt"/>
        <line num="59" count="67" type="stmt"/>
        <line num="63" count="41" type="stmt"/>
        <line num="67" count="8" type="stmt"/>
        <line num="68" count="8" type="stmt"/>
        <line num="69" count="8" type="cond" truecount="5" falsecount="0"/>
        <line num="70" count="5" type="stmt"/>
        <line num="71" count="5" type="stmt"/>
        <line num="72" count="5" type="stmt"/>
        <line num="74" count="3" type="stmt"/>
        <line num="78" count="7" type="stmt"/>
        <line num="79" count="7" type="stmt"/>
        <line num="80" count="8" type="stmt"/>
        <line num="83" count="7" type="cond" truecount="2" falsecount="0"/>
        <line num="85" count="6" type="cond" truecount="2" falsecount="0"/>
        <line num="87" count="1" type="stmt"/>
        <line num="90" count="49" type="stmt"/>
        <line num="91" count="2" type="stmt"/>
        <line num="92" count="3" type="stmt"/>
        <line num="97" count="9" type="stmt"/>
        <line num="101" count="8" type="stmt"/>
        <line num="105" count="3" type="stmt"/>
        <line num="108" count="3" type="stmt"/>
        <line num="109" count="3" type="cond" truecount="2" falsecount="0"/>
        <line num="110" count="2" type="cond" truecount="1" falsecount="1"/>
        <line num="111" count="2" type="stmt"/>
        <line num="113" count="2" type="stmt"/>
        <line num="118" count="4" type="stmt"/>
        <line num="121" count="4" type="stmt"/>
        <line num="123" count="4" type="cond" truecount="2" falsecount="0"/>
        <line num="124" count="3" type="cond" truecount="2" falsecount="0"/>
        <line num="128" count="2" type="stmt"/>
        <line num="130" count="1" type="stmt"/>
        <line num="132" count="3" type="stmt"/>
        <line num="136" count="49" type="stmt"/>
        <line num="139" count="29" type="stmt"/>
        <line num="143" count="7" type="stmt"/>
        <line num="144" count="7" type="stmt"/>
        <line num="145" count="7" type="stmt"/>
        <line num="149" count="4" type="stmt"/>
        <line num="150" count="4" type="stmt"/>
        <line num="154" count="2" type="stmt"/>
        <line num="156" count="2" type="stmt"/>
        <line num="166" count="49" type="cond" truecount="1" falsecount="0"/>
        <line num="176" count="2" type="stmt"/>
        <line num="177" count="2" type="stmt"/>
        <line num="178" count="3" type="stmt"/>
        <line num="180" count="2" type="cond" truecount="2" falsecount="0"/>
        <line num="181" count="1" type="stmt"/>
        <line num="188" count="1" type="stmt"/>
        <line num="192" count="2" type="stmt"/>
        <line num="193" count="2" type="stmt"/>
        <line num="194" count="2" type="stmt"/>
        <line num="195" count="2" type="cond" truecount="1" falsecount="1"/>
        <line num="196" count="2" type="stmt"/>
        <line num="197" count="2" type="stmt"/>
        <line num="199" count="2" type="stmt"/>
        <line num="200" count="2" type="stmt"/>
        <line num="204" count="2" type="stmt"/>
        <line num="205" count="2" type="cond" truecount="1" falsecount="1"/>
        <line num="206" count="2" type="stmt"/>
        <line num="207" count="2" type="cond" truecount="2" falsecount="0"/>
        <line num="208" count="1" type="stmt"/>
        <line num="209" count="1" type="stmt"/>
        <line num="210" count="1" type="stmt"/>
        <line num="211" count="1" type="stmt"/>
        <line num="216" count="2" type="stmt"/>
        <line num="227" count="49" type="cond" truecount="1" falsecount="0"/>
        <line num="238" count="5" type="stmt"/>
        <line num="239" count="5" type="stmt"/>
        <line num="240" count="5" type="stmt"/>
        <line num="244" count="5" type="stmt"/>
        <line num="245" count="5" type="cond" truecount="1" falsecount="1"/>
        <line num="246" count="5" type="stmt"/>
        <line num="247" count="6" type="stmt"/>
        <line num="249" count="5" type="cond" truecount="2" falsecount="0"/>
        <line num="250" count="3" type="stmt"/>
        <line num="260" count="2" type="stmt"/>
        <line num="264" count="5" type="stmt"/>
        <line num="265" count="5" type="stmt"/>
        <line num="266" count="5" type="stmt"/>
        <line num="267" count="5" type="cond" truecount="1" falsecount="1"/>
        <line num="268" count="5" type="stmt"/>
        <line num="269" count="5" type="stmt"/>
        <line num="271" count="5" type="stmt"/>
        <line num="272" count="5" type="stmt"/>
        <line num="276" count="5" type="stmt"/>
        <line num="277" count="5" type="cond" truecount="1" falsecount="1"/>
        <line num="278" count="5" type="stmt"/>
        <line num="279" count="5" type="cond" truecount="2" falsecount="0"/>
        <line num="280" count="3" type="stmt"/>
        <line num="281" count="3" type="stmt"/>
        <line num="282" count="3" type="stmt"/>
        <line num="283" count="3" type="stmt"/>
        <line num="288" count="5" type="stmt"/>
        <line num="297" count="49" type="cond" truecount="1" falsecount="0"/>
        <line num="309" count="2" type="stmt"/>
        <line num="310" count="2" type="stmt"/>
        <line num="311" count="2" type="stmt"/>
        <line num="315" count="2" type="stmt"/>
        <line num="316" count="2" type="cond" truecount="1" falsecount="1"/>
        <line num="317" count="2" type="stmt"/>
        <line num="318" count="2" type="stmt"/>
        <line num="322" count="2" type="stmt"/>
        <line num="323" count="2" type="cond" truecount="1" falsecount="1"/>
        <line num="324" count="2" type="stmt"/>
        <line num="325" count="3" type="stmt"/>
        <line num="327" count="2" type="cond" truecount="2" falsecount="0"/>
        <line num="328" count="1" type="stmt"/>
        <line num="341" count="1" type="stmt"/>
        <line num="347" count="2" type="stmt"/>
        <line num="348" count="2" type="stmt"/>
        <line num="349" count="2" type="stmt"/>
        <line num="350" count="2" type="cond" truecount="1" falsecount="1"/>
        <line num="351" count="2" type="stmt"/>
        <line num="352" count="2" type="stmt"/>
        <line num="354" count="2" type="stmt"/>
        <line num="355" count="2" type="stmt"/>
        <line num="359" count="2" type="stmt"/>
        <line num="360" count="2" type="cond" truecount="1" falsecount="1"/>
        <line num="361" count="2" type="stmt"/>
        <line num="362" count="2" type="cond" truecount="2" falsecount="0"/>
        <line num="363" count="1" type="stmt"/>
        <line num="364" count="1" type="stmt"/>
        <line num="365" count="1" type="stmt"/>
        <line num="366" count="1" type="stmt"/>
        <line num="371" count="2" type="stmt"/>
        <line num="383" count="9" type="stmt"/>
        <line num="384" count="9" type="cond" truecount="2" falsecount="0"/>
        <line num="386" count="8" type="stmt"/>
        <line num="387" count="8" type="stmt"/>
        <line num="388" count="8" type="stmt"/>
        <line num="389" count="8" type="cond" truecount="4" falsecount="0"/>
        <line num="390" count="6" type="cond" truecount="2" falsecount="0"/>
        <line num="391" count="6" type="cond" truecount="2" falsecount="0"/>
        <line num="392" count="6" type="cond" truecount="4" falsecount="0"/>
        <line num="393" count="4" type="stmt"/>
        <line num="400" count="4" type="stmt"/>
        <line num="403" count="49" type="stmt"/>
        <line num="405" count="3" type="stmt"/>
        <line num="406" count="3" type="cond" truecount="2" falsecount="0"/>
        <line num="407" count="2" type="stmt"/>
        <line num="408" count="2" type="cond" truecount="1" falsecount="1"/>
        <line num="409" count="2" type="stmt"/>
        <line num="410" count="2" type="cond" truecount="1" falsecount="1"/>
        <line num="411" count="2" type="stmt"/>
        <line num="412" count="2" type="cond" truecount="1" falsecount="1"/>
        <line num="413" count="2" type="stmt"/>
        <line num="414" count="2" type="stmt"/>
        <line num="420" count="1" type="stmt"/>
      </file>
      <file name="BaseEventManager.tsx" path="D:\Documents\Work\CasualOS\seed-bible\packages\Bible Visualization Utils\bibleVizUtils\application\services\BaseEventManager.tsx">
        <metrics statements="25" coveredstatements="25" conditionals="10" coveredconditionals="9" methods="6" coveredmethods="6"/>
        <line num="9" count="21" type="stmt"/>
        <line num="16" count="26" type="cond" truecount="2" falsecount="0"/>
        <line num="17" count="22" type="stmt"/>
        <line num="20" count="26" type="stmt"/>
        <line num="21" count="26" type="stmt"/>
        <line num="23" count="26" type="stmt"/>
        <line num="24" count="6" type="stmt"/>
        <line num="25" count="6" type="cond" truecount="2" falsecount="0"/>
        <line num="26" count="4" type="stmt"/>
        <line num="27" count="4" type="cond" truecount="2" falsecount="0"/>
        <line num="28" count="3" type="stmt"/>
        <line num="40" count="19" type="stmt"/>
        <line num="41" count="19" type="stmt"/>
        <line num="43" count="19" type="cond" truecount="2" falsecount="0"/>
        <line num="44" count="14" type="stmt"/>
        <line num="45" count="16" type="stmt"/>
        <line num="46" count="16" type="stmt"/>
        <line num="48" count="2" type="stmt"/>
        <line num="58" count="6" type="stmt"/>
        <line num="59" count="6" type="stmt"/>
        <line num="60" count="5" type="stmt"/>
        <line num="61" count="5" type="cond" truecount="1" falsecount="1"/>
        <line num="62" count="5" type="stmt"/>
        <line num="63" count="5" type="stmt"/>
        <line num="66" count="5" type="stmt"/>
      </file>
      <file name="HistoryModeService.tsx" path="D:\Documents\Work\CasualOS\seed-bible\packages\Bible Visualization Utils\bibleVizUtils\application\services\HistoryModeService.tsx">
        <metrics statements="9" coveredstatements="9" conditionals="5" coveredconditionals="5" methods="4" coveredmethods="4"/>
        <line num="13" count="20" type="stmt"/>
        <line num="14" count="20" type="stmt"/>
        <line num="18" count="10" type="stmt"/>
        <line num="22" count="12" type="cond" truecount="2" falsecount="0"/>
        <line num="23" count="9" type="stmt"/>
        <line num="24" count="9" type="stmt"/>
        <line num="29" count="10" type="cond" truecount="2" falsecount="0"/>
        <line num="30" count="7" type="stmt"/>
        <line num="31" count="7" type="stmt"/>
      </file>
      <file name="LabelDateService.tsx" path="D:\Documents\Work\CasualOS\seed-bible\packages\Bible Visualization Utils\bibleVizUtils\application\services\LabelDateService.tsx">
        <metrics statements="6" coveredstatements="6" conditionals="3" coveredconditionals="3" methods="3" coveredmethods="3"/>
        <line num="21" count="13" type="stmt"/>
        <line num="22" count="13" type="stmt"/>
        <line num="26" count="9" type="stmt"/>
        <line num="30" count="12" type="cond" truecount="2" falsecount="0"/>
        <line num="31" count="9" type="stmt"/>
        <line num="32" count="9" type="stmt"/>
      </file>
      <file name="LabelInteractionService.tsx" path="D:\Documents\Work\CasualOS\seed-bible\packages\Bible Visualization Utils\bibleVizUtils\application\services\LabelInteractionService.tsx">
        <metrics statements="10" coveredstatements="10" conditionals="4" coveredconditionals="4" methods="3" coveredmethods="3"/>
        <line num="19" count="12" type="stmt"/>
        <line num="20" count="12" type="stmt"/>
        <line num="24" count="7" type="stmt"/>
        <line num="25" count="7" type="cond" truecount="2" falsecount="0"/>
        <line num="26" count="3" type="stmt"/>
        <line num="29" count="4" type="stmt"/>
        <line num="33" count="7" type="stmt"/>
        <line num="34" count="7" type="cond" truecount="2" falsecount="0"/>
        <line num="35" count="3" type="stmt"/>
        <line num="38" count="4" type="stmt"/>
      </file>
      <file name="PieceActivityService.tsx" path="D:\Documents\Work\CasualOS\seed-bible\packages\Bible Visualization Utils\bibleVizUtils\application\services\PieceActivityService.tsx">
        <metrics statements="198" coveredstatements="174" conditionals="78" coveredconditionals="60" methods="32" coveredmethods="30"/>
        <line num="53" count="1" type="stmt"/>
        <line num="57" count="2" type="stmt"/>
        <line num="61" count="2" type="stmt"/>
        <line num="62" count="2" type="stmt"/>
        <line num="64" count="2" type="stmt"/>
        <line num="69" count="1" type="stmt"/>
        <line num="70" count="2" type="stmt"/>
        <line num="74" count="2" type="stmt"/>
        <line num="75" count="2" type="stmt"/>
        <line num="77" count="2" type="stmt"/>
        <line num="80" count="1" type="stmt"/>
        <line num="84" count="13" type="stmt"/>
        <line num="88" count="13" type="stmt"/>
        <line num="89" count="13" type="stmt"/>
        <line num="91" count="13" type="stmt"/>
        <line num="94" count="1" type="stmt"/>
        <line num="98" count="1" type="stmt"/>
        <line num="102" count="1" type="stmt"/>
        <line num="103" count="1" type="stmt"/>
        <line num="105" count="1" type="stmt"/>
        <line num="110" count="1" type="stmt"/>
        <line num="111" count="4" type="stmt"/>
        <line num="115" count="4" type="stmt"/>
        <line num="116" count="4" type="stmt"/>
        <line num="118" count="4" type="stmt"/>
        <line num="123" count="1" type="stmt"/>
        <line num="146" count="1" type="stmt"/>
        <line num="147" count="3" type="stmt"/>
        <line num="149" count="3" type="cond" truecount="2" falsecount="0"/>
        <line num="150" count="1" type="stmt"/>
        <line num="153" count="2" type="stmt"/>
        <line num="158" count="1" type="stmt"/>
        <line num="159" count="14" type="stmt"/>
        <line num="164" count="14" type="cond" truecount="2" falsecount="0"/>
        <line num="166" count="13" type="stmt"/>
        <line num="171" count="1" type="stmt"/>
        <line num="202" count="78" type="stmt"/>
        <line num="203" count="78" type="stmt"/>
        <line num="204" count="78" type="stmt"/>
        <line num="205" count="78" type="stmt"/>
        <line num="206" count="78" type="stmt"/>
        <line num="207" count="78" type="stmt"/>
        <line num="208" count="78" type="stmt"/>
        <line num="209" count="78" type="stmt"/>
        <line num="210" count="78" type="stmt"/>
        <line num="211" count="78" type="stmt"/>
        <line num="221" count="23" type="stmt"/>
        <line num="222" count="23" type="stmt"/>
        <line num="223" count="23" type="stmt"/>
        <line num="230" count="23" type="stmt"/>
        <line num="232" count="23" type="stmt"/>
        <line num="233" count="0" type="stmt"/>
        <line num="236" count="0" type="stmt"/>
        <line num="240" count="0" type="cond" truecount="0" falsecount="2"/>
        <line num="242" count="0" type="stmt"/>
        <line num="247" count="0" type="cond" truecount="0" falsecount="2"/>
        <line num="248" count="0" type="stmt"/>
        <line num="255" count="0" type="cond" truecount="0" falsecount="2"/>
        <line num="257" count="0" type="stmt"/>
        <line num="258" count="0" type="cond" truecount="0" falsecount="2"/>
        <line num="259" count="0" type="stmt"/>
        <line num="263" count="0" type="stmt"/>
        <line num="267" count="0" type="cond" truecount="0" falsecount="2"/>
        <line num="268" count="0" type="stmt"/>
        <line num="272" count="0" type="stmt"/>
        <line num="273" count="0" type="stmt"/>
        <line num="279" count="0" type="cond" truecount="0" falsecount="2"/>
        <line num="280" count="0" type="stmt"/>
        <line num="285" count="0" type="stmt"/>
        <line num="286" count="0" type="stmt"/>
        <line num="305" count="0" type="stmt"/>
        <line num="309" count="23" type="stmt"/>
        <line num="313" count="23" type="cond" truecount="2" falsecount="0"/>
        <line num="314" count="1" type="stmt"/>
        <line num="317" count="1" type="stmt"/>
        <line num="320" count="22" type="stmt"/>
        <line num="322" count="22" type="stmt"/>
        <line num="323" count="0" type="stmt"/>
        <line num="325" count="0" type="stmt"/>
        <line num="326" count="0" type="stmt"/>
        <line num="335" count="22" type="stmt"/>
        <line num="339" count="18" type="stmt"/>
        <line num="343" count="18" type="cond" truecount="2" falsecount="0"/>
        <line num="344" count="1" type="stmt"/>
        <line num="347" count="1" type="stmt"/>
        <line num="350" count="17" type="stmt"/>
        <line num="356" count="16" type="stmt"/>
        <line num="363" count="6" type="stmt"/>
        <line num="364" count="6" type="stmt"/>
        <line num="371" count="2" type="stmt"/>
        <line num="375" count="2" type="stmt"/>
        <line num="380" count="2" type="stmt"/>
        <line num="387" count="3" type="stmt"/>
        <line num="388" count="4" type="stmt"/>
        <line num="390" count="3" type="stmt"/>
        <line num="397" count="35" type="stmt"/>
        <line num="398" count="35" type="stmt"/>
        <line num="405" count="16" type="stmt"/>
        <line num="409" count="16" type="stmt"/>
        <line num="414" count="16" type="stmt"/>
        <line num="421" count="18" type="stmt"/>
        <line num="422" count="6" type="stmt"/>
        <line num="424" count="18" type="stmt"/>
        <line num="427" count="78" type="stmt"/>
        <line num="430" count="24" type="stmt"/>
        <line num="433" count="24" type="stmt"/>
        <line num="434" count="24" type="cond" truecount="2" falsecount="0"/>
        <line num="435" count="3" type="stmt"/>
        <line num="436" count="3" type="stmt"/>
        <line num="437" count="21" type="cond" truecount="2" falsecount="0"/>
        <line num="438" count="20" type="stmt"/>
        <line num="439" count="20" type="stmt"/>
        <line num="442" count="24" type="cond" truecount="4" falsecount="0"/>
        <line num="443" count="1" type="stmt"/>
        <line num="446" count="23" type="stmt"/>
        <line num="450" count="23" type="cond" truecount="2" falsecount="0"/>
        <line num="451" count="9" type="stmt"/>
        <line num="452" count="9" type="cond" truecount="2" falsecount="0"/>
        <line num="453" count="1" type="stmt"/>
        <line num="455" count="9" type="stmt"/>
        <line num="458" count="14" type="stmt"/>
        <line num="459" count="14" type="stmt"/>
        <line num="460" count="14" type="stmt"/>
        <line num="461" count="3" type="cond" truecount="2" falsecount="0"/>
        <line num="462" count="1" type="stmt"/>
        <line num="463" count="1" type="stmt"/>
        <line num="467" count="14" type="stmt"/>
        <line num="469" count="14" type="cond" truecount="2" falsecount="0"/>
        <line num="471" count="13" type="stmt"/>
        <line num="472" count="13" type="cond" truecount="2" falsecount="0"/>
        <line num="473" count="1" type="stmt"/>
        <line num="476" count="1" type="stmt"/>
        <line num="478" count="13" type="cond" truecount="2" falsecount="0"/>
        <line num="479" count="1" type="stmt"/>
        <line num="482" count="1" type="stmt"/>
        <line num="486" count="14" type="stmt"/>
        <line num="487" count="14" type="stmt"/>
        <line num="489" count="14" type="stmt"/>
        <line num="490" count="14" type="stmt"/>
        <line num="494" count="16" type="stmt"/>
        <line num="495" count="16" type="cond" truecount="1" falsecount="1"/>
        <line num="496" count="0" type="stmt"/>
        <line num="500" count="16" type="cond" truecount="2" falsecount="0"/>
        <line num="501" count="1" type="stmt"/>
        <line num="503" count="1" type="stmt"/>
        <line num="504" count="1" type="stmt"/>
        <line num="510" count="1" type="stmt"/>
        <line num="515" count="1" type="stmt"/>
        <line num="518" count="15" type="cond" truecount="2" falsecount="0"/>
        <line num="521" count="15" type="stmt"/>
        <line num="523" count="1" type="stmt"/>
        <line num="526" count="15" type="stmt"/>
        <line num="528" count="15" type="stmt"/>
        <line num="533" count="15" type="stmt"/>
        <line num="539" count="15" type="stmt"/>
        <line num="549" count="14" type="stmt"/>
        <line num="553" count="14" type="stmt"/>
        <line num="554" count="2" type="stmt"/>
        <line num="557" count="14" type="stmt"/>
        <line num="559" count="14" type="stmt"/>
        <line num="563" count="3" type="stmt"/>
        <line num="565" count="3" type="stmt"/>
        <line num="567" count="3" type="stmt"/>
        <line num="569" count="3" type="stmt"/>
        <line num="571" count="3" type="stmt"/>
        <line num="573" count="3" type="stmt"/>
        <line num="580" count="3" type="stmt"/>
        <line num="581" count="3" type="stmt"/>
        <line num="586" count="16" type="cond" truecount="4" falsecount="0"/>
        <line num="588" count="14" type="stmt"/>
        <line num="590" count="14" type="stmt"/>
        <line num="592" count="14" type="cond" truecount="2" falsecount="0"/>
        <line num="593" count="1" type="stmt"/>
        <line num="597" count="13" type="stmt"/>
        <line num="599" count="13" type="stmt"/>
        <line num="602" count="13" type="stmt"/>
        <line num="603" count="13" type="stmt"/>
        <line num="604" count="13" type="stmt"/>
        <line num="607" count="13" type="cond" truecount="6" falsecount="0"/>
        <line num="614" count="13" type="cond" truecount="4" falsecount="0"/>
        <line num="615" count="4" type="stmt"/>
        <line num="616" count="4" type="stmt"/>
        <line num="620" count="9" type="cond" truecount="2" falsecount="0"/>
        <line num="622" count="8" type="stmt"/>
        <line num="624" count="9" type="stmt"/>
        <line num="626" count="9" type="stmt"/>
        <line num="628" count="1" type="stmt"/>
        <line num="631" count="9" type="stmt"/>
        <line num="632" count="9" type="stmt"/>
        <line num="638" count="9" type="stmt"/>
        <line num="647" count="9" type="stmt"/>
        <line num="648" count="9" type="stmt"/>
        <line num="649" count="9" type="stmt"/>
        <line num="656" count="3" type="stmt"/>
        <line num="658" count="3" type="stmt"/>
        <line num="660" count="3" type="stmt"/>
        <line num="665" count="3" type="stmt"/>
        <line num="666" count="2" type="stmt"/>
      </file>
      <file name="PieceDataRegistry.tsx" path="D:\Documents\Work\CasualOS\seed-bible\packages\Bible Visualization Utils\bibleVizUtils\application\services\PieceDataRegistry.tsx">
        <metrics statements="12" coveredstatements="12" conditionals="6" coveredconditionals="6" methods="3" coveredmethods="3"/>
        <line num="10" count="16" type="stmt"/>
        <line num="23" count="14" type="stmt"/>
        <line num="32" count="11" type="cond" truecount="2" falsecount="0"/>
        <line num="33" count="2" type="stmt"/>
        <line num="36" count="9" type="stmt"/>
        <line num="38" count="9" type="cond" truecount="2" falsecount="0"/>
        <line num="39" count="2" type="stmt"/>
        <line num="44" count="7" type="stmt"/>
        <line num="50" count="6" type="stmt"/>
        <line num="52" count="6" type="cond" truecount="2" falsecount="0"/>
        <line num="53" count="2" type="stmt"/>
        <line num="56" count="4" type="stmt"/>
      </file>
      <file name="PieceLabelService.tsx" path="D:\Documents\Work\CasualOS\seed-bible\packages\Bible Visualization Utils\bibleVizUtils\application\services\PieceLabelService.tsx">
        <metrics statements="47" coveredstatements="47" conditionals="15" coveredconditionals="15" methods="4" coveredmethods="4"/>
        <line num="32" count="30" type="stmt"/>
        <line num="33" count="30" type="stmt"/>
        <line num="34" count="30" type="stmt"/>
        <line num="35" count="30" type="stmt"/>
        <line num="36" count="30" type="stmt"/>
        <line num="37" count="30" type="stmt"/>
        <line num="38" count="30" type="stmt"/>
        <line num="39" count="30" type="stmt"/>
        <line num="51" count="15" type="stmt"/>
        <line num="54" count="15" type="cond" truecount="2" falsecount="0"/>
        <line num="55" count="4" type="stmt"/>
        <line num="59" count="4" type="stmt"/>
        <line num="62" count="11" type="stmt"/>
        <line num="64" count="11" type="cond" truecount="2" falsecount="0"/>
        <line num="65" count="1" type="stmt"/>
        <line num="68" count="10" type="stmt"/>
        <line num="69" count="10" type="stmt"/>
        <line num="70" count="10" type="stmt"/>
        <line num="71" count="10" type="stmt"/>
        <line num="72" count="10" type="stmt"/>
        <line num="73" count="10" type="stmt"/>
        <line num="74" count="10" type="stmt"/>
        <line num="75" count="10" type="stmt"/>
        <line num="82" count="10" type="stmt"/>
        <line num="95" count="10" type="stmt"/>
        <line num="105" count="10" type="stmt"/>
        <line num="106" count="10" type="stmt"/>
        <line num="107" count="10" type="stmt"/>
        <line num="108" count="10" type="stmt"/>
        <line num="119" count="5" type="stmt"/>
        <line num="120" count="5" type="cond" truecount="2" falsecount="0"/>
        <line num="122" count="4" type="cond" truecount="2" falsecount="0"/>
        <line num="123" count="2" type="stmt"/>
        <line num="125" count="2" type="stmt"/>
        <line num="127" count="4" type="stmt"/>
        <line num="138" count="10" type="stmt"/>
        <line num="139" count="10" type="cond" truecount="2" falsecount="0"/>
        <line num="140" count="2" type="stmt"/>
        <line num="143" count="8" type="stmt"/>
        <line num="144" count="8" type="stmt"/>
        <line num="148" count="8" type="stmt"/>
        <line num="149" count="8" type="stmt"/>
        <line num="150" count="8" type="cond" truecount="2" falsecount="0"/>
        <line num="151" count="1" type="stmt"/>
        <line num="153" count="8" type="stmt"/>
        <line num="154" count="8" type="stmt"/>
        <line num="155" count="8" type="stmt"/>
      </file>
      <file name="ReadingHistoryService.tsx" path="D:\Documents\Work\CasualOS\seed-bible\packages\Bible Visualization Utils\bibleVizUtils\application\services\ReadingHistoryService.tsx">
        <metrics statements="23" coveredstatements="23" conditionals="10" coveredconditionals="10" methods="5" coveredmethods="5"/>
        <line num="8" count="32" type="stmt"/>
        <line num="11" count="32" type="stmt"/>
        <line num="26" count="17" type="stmt"/>
        <line num="28" count="17" type="stmt"/>
        <line num="30" count="17" type="cond" truecount="4" falsecount="0"/>
        <line num="32" count="7" type="stmt"/>
        <line num="33" count="7" type="stmt"/>
        <line num="34" count="7" type="cond" truecount="2" falsecount="0"/>
        <line num="37" count="10" type="stmt"/>
        <line num="40" count="32" type="stmt"/>
        <line num="52" count="11" type="stmt"/>
        <line num="54" count="11" type="stmt"/>
        <line num="55" count="11" type="stmt"/>
        <line num="56" count="11" type="stmt"/>
        <line num="57" count="11" type="stmt"/>
        <line num="59" count="11" type="stmt"/>
        <line num="62" count="11" type="stmt"/>
        <line num="64" count="11" type="cond" truecount="2" falsecount="0"/>
        <line num="66" count="11" type="stmt"/>
        <line num="69" count="32" type="stmt"/>
        <line num="70" count="5" type="stmt"/>
        <line num="73" count="32" type="stmt"/>
        <line num="74" count="5" type="stmt"/>
      </file>
      <file name="ScriptureService.tsx" path="D:\Documents\Work\CasualOS\seed-bible\packages\Bible Visualization Utils\bibleVizUtils\application\services\ScriptureService.tsx">
        <metrics statements="40" coveredstatements="40" conditionals="27" coveredconditionals="27" methods="9" coveredmethods="9"/>
        <line num="45" count="29" type="stmt"/>
        <line num="46" count="29" type="stmt"/>
        <line num="47" count="29" type="stmt"/>
        <line num="58" count="4" type="stmt"/>
        <line num="71" count="8" type="stmt"/>
        <line num="72" count="9" type="cond" truecount="2" falsecount="0"/>
        <line num="73" count="9" type="cond" truecount="2" falsecount="0"/>
        <line num="74" count="9" type="cond" truecount="2" falsecount="0"/>
        <line num="77" count="8" type="cond" truecount="2" falsecount="0"/>
        <line num="78" count="2" type="stmt"/>
        <line num="83" count="6" type="stmt"/>
        <line num="90" count="29" type="stmt"/>
        <line num="93" count="11" type="cond" truecount="2" falsecount="0"/>
        <line num="97" count="9" type="stmt"/>
        <line num="99" count="9" type="stmt"/>
        <line num="101" count="9" type="stmt"/>
        <line num="103" count="9" type="cond" truecount="2" falsecount="0"/>
        <line num="104" count="1" type="stmt"/>
        <line num="109" count="8" type="stmt"/>
        <line num="111" count="8" type="stmt"/>
        <line num="112" count="8" type="stmt"/>
        <line num="113" count="8" type="stmt"/>
        <line num="114" count="8" type="stmt"/>
        <line num="117" count="8" type="cond" truecount="2" falsecount="0"/>
        <line num="118" count="1" type="stmt"/>
        <line num="122" count="7" type="stmt"/>
        <line num="123" count="7" type="stmt"/>
        <line num="124" count="11" type="stmt"/>
        <line num="125" count="11" type="cond" truecount="2" falsecount="0"/>
        <line num="126" count="8" type="stmt"/>
        <line num="134" count="9" type="stmt"/>
        <line num="137" count="29" type="stmt"/>
        <line num="140" count="4" type="stmt"/>
        <line num="141" count="5" type="cond" truecount="2" falsecount="0"/>
        <line num="143" count="4" type="stmt"/>
        <line num="144" count="5" type="stmt"/>
        <line num="149" count="4" type="stmt"/>
        <line num="150" count="4" type="cond" truecount="2" falsecount="0"/>
        <line num="151" count="2" type="stmt"/>
        <line num="154" count="2" type="stmt"/>
      </file>
      <file name="SessionService.tsx" path="D:\Documents\Work\CasualOS\seed-bible\packages\Bible Visualization Utils\bibleVizUtils\application\services\SessionService.tsx">
        <metrics statements="6" coveredstatements="6" conditionals="4" coveredconditionals="4" methods="3" coveredmethods="3"/>
        <line num="4" count="11" type="stmt"/>
        <line num="8" count="11" type="stmt"/>
        <line num="12" count="14" type="cond" truecount="4" falsecount="0"/>
        <line num="14" count="8" type="stmt"/>
        <line num="15" count="8" type="stmt"/>
        <line num="19" count="7" type="stmt"/>
      </file>
      <file name="UserColorSyncService.tsx" path="D:\Documents\Work\CasualOS\seed-bible\packages\Bible Visualization Utils\bibleVizUtils\application\services\UserColorSyncService.tsx">
        <metrics statements="40" coveredstatements="40" conditionals="38" coveredconditionals="35" methods="4" coveredmethods="4"/>
        <line num="25" count="27" type="stmt"/>
        <line num="26" count="27" type="stmt"/>
        <line num="27" count="27" type="stmt"/>
        <line num="31" count="27" type="stmt"/>
        <line num="32" count="27" type="stmt"/>
        <line num="36" count="25" type="stmt"/>
        <line num="38" count="25" type="stmt"/>
        <line num="39" count="25" type="cond" truecount="1" falsecount="1"/>
        <line num="40" count="25" type="stmt"/>
        <line num="41" count="10" type="cond" truecount="4" falsecount="0"/>
        <line num="42" count="8" type="stmt"/>
        <line num="46" count="25" type="stmt"/>
        <line num="47" count="25" type="stmt"/>
        <line num="49" count="25" type="stmt"/>
        <line num="50" count="18" type="stmt"/>
        <line num="52" count="18" type="cond" truecount="2" falsecount="0"/>
        <line num="53" count="18" type="stmt"/>
        <line num="56" count="25" type="cond" truecount="2" falsecount="0"/>
        <line num="57" count="8" type="stmt"/>
        <line num="58" count="8" type="cond" truecount="2" falsecount="0"/>
        <line num="59" count="6" type="stmt"/>
        <line num="64" count="25" type="stmt"/>
        <line num="65" count="24" type="stmt"/>
        <line num="68" count="24" type="cond" truecount="4" falsecount="0"/>
        <line num="69" count="6" type="stmt"/>
        <line num="70" count="6" type="cond" truecount="2" falsecount="0"/>
        <line num="71" count="5" type="stmt"/>
        <line num="77" count="6" type="stmt"/>
        <line num="81" count="18" type="cond" truecount="1" falsecount="1"/>
        <line num="82" count="18" type="stmt"/>
        <line num="86" count="18" type="cond" truecount="2" falsecount="0"/>
        <line num="87" count="1" type="stmt"/>
        <line num="92" count="17" type="stmt"/>
        <line num="95" count="17" type="cond" truecount="2" falsecount="0"/>
        <line num="100" count="17" type="cond" truecount="5" falsecount="0"/>
        <line num="101" count="2" type="stmt"/>
        <line num="102" count="2" type="stmt"/>
        <line num="105" count="15" type="cond" truecount="2" falsecount="0"/>
        <line num="110" count="13" type="stmt"/>
        <line num="115" count="3" type="stmt"/>
      </file>
      <file name="UserPresenceService.tsx" path="D:\Documents\Work\CasualOS\seed-bible\packages\Bible Visualization Utils\bibleVizUtils\application\services\UserPresenceService.tsx">
        <metrics statements="19" coveredstatements="19" conditionals="4" coveredconditionals="4" methods="5" coveredmethods="5"/>
        <line num="17" count="21" type="stmt"/>
        <line num="25" count="21" type="stmt"/>
        <line num="26" count="21" type="stmt"/>
        <line num="27" count="21" type="stmt"/>
        <line num="31" count="26" type="stmt"/>
        <line num="32" count="26" type="stmt"/>
        <line num="34" count="26" type="stmt"/>
        <line num="35" count="26" type="cond" truecount="2" falsecount="0"/>
        <line num="36" count="10" type="stmt"/>
        <line num="41" count="10" type="stmt"/>
        <line num="44" count="26" type="stmt"/>
        <line num="45" count="26" type="stmt"/>
        <line num="46" count="6" type="cond" truecount="2" falsecount="0"/>
        <line num="47" count="5" type="stmt"/>
        <line num="51" count="26" type="stmt"/>
        <line num="52" count="26" type="stmt"/>
        <line num="56" count="14" type="stmt"/>
        <line num="60" count="7" type="stmt"/>
        <line num="64" count="4" type="stmt"/>
      </file>
    </package>
    <package name="packages.Bible Visualization Utils.bibleVizUtils.domain.entities">
      <metrics statements="704" coveredstatements="698" conditionals="250" coveredconditionals="235" methods="375" coveredmethods="373"/>
      <file name="InfoLabelData.tsx" path="D:\Documents\Work\CasualOS\seed-bible\packages\Bible Visualization Utils\bibleVizUtils\domain\entities\InfoLabelData.tsx">
        <metrics statements="38" coveredstatements="38" conditionals="7" coveredconditionals="7" methods="21" coveredmethods="21"/>
        <line num="27" count="143" type="stmt"/>
        <line num="39" count="143" type="stmt"/>
        <line num="40" count="143" type="stmt"/>
        <line num="41" count="143" type="stmt"/>
        <line num="42" count="143" type="stmt"/>
        <line num="43" count="143" type="stmt"/>
        <line num="44" count="143" type="stmt"/>
        <line num="45" count="143" type="stmt"/>
        <line num="46" count="143" type="stmt"/>
        <line num="50" count="72" type="stmt"/>
        <line num="53" count="25" type="stmt"/>
        <line num="58" count="5" type="stmt"/>
        <line num="63" count="5" type="stmt"/>
        <line num="68" count="5" type="stmt"/>
        <line num="71" count="57" type="stmt"/>
        <line num="74" count="65" type="stmt"/>
        <line num="77" count="70" type="stmt"/>
        <line num="80" count="12" type="cond" truecount="2" falsecount="0"/>
        <line num="81" count="2" type="stmt"/>
        <line num="82" count="2" type="stmt"/>
        <line num="83" count="2" type="stmt"/>
        <line num="85" count="10" type="stmt"/>
        <line num="88" count="2" type="cond" truecount="2" falsecount="0"/>
        <line num="89" count="1" type="stmt"/>
        <line num="93" count="2" type="stmt"/>
        <line num="96" count="61" type="stmt"/>
        <line num="99" count="4" type="cond" truecount="2" falsecount="0"/>
        <line num="100" count="2" type="stmt"/>
        <line num="101" count="2" type="stmt"/>
        <line num="102" count="2" type="stmt"/>
        <line num="104" count="2" type="stmt"/>
        <line num="107" count="8" type="stmt"/>
        <line num="112" count="5" type="stmt"/>
        <line num="115" count="29" type="stmt"/>
        <line num="118" count="2" type="stmt"/>
        <line num="121" count="4" type="stmt"/>
        <line num="124" count="9" type="stmt"/>
        <line num="127" count="9" type="stmt"/>
      </file>
      <file name="LayoutBibleData.tsx" path="D:\Documents\Work\CasualOS\seed-bible\packages\Bible Visualization Utils\bibleVizUtils\domain\entities\LayoutBibleData.tsx">
        <metrics statements="92" coveredstatements="90" conditionals="16" coveredconditionals="14" methods="58" coveredmethods="58"/>
        <line num="72" count="82" type="stmt"/>
        <line num="73" count="82" type="stmt"/>
        <line num="74" count="82" type="stmt"/>
        <line num="75" count="82" type="stmt"/>
        <line num="76" count="82" type="stmt"/>
        <line num="77" count="82" type="stmt"/>
        <line num="78" count="82" type="stmt"/>
        <line num="80" count="82" type="stmt"/>
        <line num="81" count="82" type="stmt"/>
        <line num="110" count="82" type="stmt"/>
        <line num="111" count="82" type="stmt"/>
        <line num="112" count="82" type="stmt"/>
        <line num="113" count="82" type="stmt"/>
        <line num="114" count="82" type="stmt"/>
        <line num="115" count="82" type="stmt"/>
        <line num="116" count="82" type="stmt"/>
        <line num="117" count="82" type="stmt"/>
        <line num="118" count="82" type="stmt"/>
        <line num="119" count="82" type="stmt"/>
        <line num="120" count="82" type="stmt"/>
        <line num="121" count="82" type="stmt"/>
        <line num="125" count="17" type="stmt"/>
        <line num="130" count="7" type="stmt"/>
        <line num="131" count="7" type="stmt"/>
        <line num="135" count="2" type="stmt"/>
        <line num="137" count="2" type="cond" truecount="2" falsecount="0"/>
        <line num="139" count="1" type="stmt"/>
        <line num="141" count="1" type="stmt"/>
        <line num="147" count="2" type="stmt"/>
        <line num="149" count="2" type="cond" truecount="2" falsecount="0"/>
        <line num="151" count="1" type="stmt"/>
        <line num="153" count="1" type="stmt"/>
        <line num="156" count="3" type="stmt"/>
        <line num="159" count="3" type="stmt"/>
        <line num="160" count="3" type="stmt"/>
        <line num="161" count="3" type="stmt"/>
        <line num="164" count="1" type="stmt"/>
        <line num="167" count="12" type="stmt"/>
        <line num="172" count="4" type="cond" truecount="1" falsecount="1"/>
        <line num="173" count="4" type="stmt"/>
        <line num="174" count="4" type="stmt"/>
        <line num="175" count="4" type="stmt"/>
        <line num="177" count="0" type="stmt"/>
        <line num="180" count="4" type="stmt"/>
        <line num="183" count="1" type="stmt"/>
        <line num="186" count="1" type="stmt"/>
        <line num="189" count="3" type="stmt"/>
        <line num="192" count="2" type="stmt"/>
        <line num="195" count="1" type="stmt"/>
        <line num="198" count="3" type="stmt"/>
        <line num="201" count="2" type="stmt"/>
        <line num="204" count="1" type="stmt"/>
        <line num="207" count="3" type="stmt"/>
        <line num="210" count="2" type="stmt"/>
        <line num="213" count="1" type="stmt"/>
        <line num="216" count="3" type="stmt"/>
        <line num="219" count="2" type="stmt"/>
        <line num="222" count="1" type="stmt"/>
        <line num="225" count="3" type="stmt"/>
        <line num="228" count="2" type="stmt"/>
        <line num="231" count="1" type="stmt"/>
        <line num="234" count="4" type="stmt"/>
        <line num="237" count="2" type="stmt"/>
        <line num="240" count="3" type="stmt"/>
        <line num="243" count="3" type="stmt"/>
        <line num="246" count="3" type="stmt"/>
        <line num="249" count="2" type="stmt"/>
        <line num="252" count="1" type="stmt"/>
        <line num="255" count="4" type="stmt"/>
        <line num="258" count="4" type="stmt"/>
        <line num="261" count="1" type="stmt"/>
        <line num="264" count="1" type="stmt"/>
        <line num="267" count="2" type="stmt"/>
        <line num="270" count="2" type="stmt"/>
        <line num="273" count="3" type="stmt"/>
        <line num="276" count="2" type="stmt"/>
        <line num="279" count="4" type="stmt"/>
        <line num="282" count="2" type="stmt"/>
        <line num="285" count="5" type="cond" truecount="1" falsecount="1"/>
        <line num="286" count="5" type="stmt"/>
        <line num="288" count="0" type="stmt"/>
        <line num="291" count="3" type="stmt"/>
        <line num="296" count="3" type="stmt"/>
        <line num="299" count="3" type="stmt"/>
        <line num="302" count="1" type="stmt"/>
        <line num="305" count="2" type="stmt"/>
        <line num="308" count="3" type="stmt"/>
        <line num="311" count="2" type="stmt"/>
        <line num="314" count="1" type="stmt"/>
        <line num="317" count="3" type="stmt"/>
        <line num="320" count="2" type="stmt"/>
        <line num="323" count="1" type="stmt"/>
      </file>
      <file name="LayoutBookData.tsx" path="D:\Documents\Work\CasualOS\seed-bible\packages\Bible Visualization Utils\bibleVizUtils\domain\entities\LayoutBookData.tsx">
        <metrics statements="59" coveredstatements="58" conditionals="21" coveredconditionals="17" methods="29" coveredmethods="29"/>
        <line num="48" count="56" type="stmt"/>
        <line num="49" count="56" type="stmt"/>
        <line num="50" count="56" type="stmt"/>
        <line num="51" count="56" type="stmt"/>
        <line num="52" count="56" type="stmt"/>
        <line num="53" count="56" type="stmt"/>
        <line num="54" count="56" type="stmt"/>
        <line num="55" count="56" type="stmt"/>
        <line num="56" count="56" type="stmt"/>
        <line num="60" count="3" type="stmt"/>
        <line num="63" count="3" type="stmt"/>
        <line num="64" count="3" type="stmt"/>
        <line num="65" count="3" type="stmt"/>
        <line num="71" count="3" type="stmt"/>
        <line num="72" count="3" type="cond" truecount="2" falsecount="0"/>
        <line num="73" count="1" type="stmt"/>
        <line num="74" count="1" type="stmt"/>
        <line num="76" count="2" type="stmt"/>
        <line num="79" count="13" type="stmt"/>
        <line num="82" count="1" type="stmt"/>
        <line num="85" count="10" type="stmt"/>
        <line num="89" count="3" type="cond" truecount="2" falsecount="0"/>
        <line num="90" count="2" type="stmt"/>
        <line num="91" count="2" type="stmt"/>
        <line num="93" count="3" type="stmt"/>
        <line num="96" count="2" type="stmt"/>
        <line num="99" count="1" type="stmt"/>
        <line num="102" count="5" type="stmt"/>
        <line num="105" count="1" type="stmt"/>
        <line num="108" count="2" type="stmt"/>
        <line num="111" count="8" type="cond" truecount="1" falsecount="1"/>
        <line num="112" count="8" type="stmt"/>
        <line num="114" count="0" type="stmt"/>
        <line num="117" count="1" type="stmt"/>
        <line num="120" count="7" type="cond" truecount="1" falsecount="1"/>
        <line num="121" count="7" type="stmt"/>
        <line num="125" count="4" type="cond" truecount="1" falsecount="1"/>
        <line num="126" count="4" type="stmt"/>
        <line num="127" count="5" type="stmt"/>
        <line num="130" count="4" type="cond" truecount="2" falsecount="0"/>
        <line num="131" count="1" type="stmt"/>
        <line num="132" count="1" type="stmt"/>
        <line num="137" count="4" type="stmt"/>
        <line num="140" count="4" type="stmt"/>
        <line num="143" count="1" type="stmt"/>
        <line num="146" count="4" type="stmt"/>
        <line num="149" count="1" type="stmt"/>
        <line num="152" count="1" type="stmt"/>
        <line num="156" count="56" type="stmt"/>
        <line num="157" count="3" type="stmt"/>
        <line num="161" count="9" type="stmt"/>
        <line num="164" count="4" type="cond" truecount="2" falsecount="0"/>
        <line num="165" count="2" type="stmt"/>
        <line num="166" count="2" type="stmt"/>
        <line num="167" count="2" type="stmt"/>
        <line num="169" count="2" type="stmt"/>
        <line num="172" count="2" type="cond" truecount="2" falsecount="0"/>
        <line num="173" count="1" type="stmt"/>
        <line num="177" count="2" type="stmt"/>
      </file>
      <file name="LayoutChapterData.tsx" path="D:\Documents\Work\CasualOS\seed-bible\packages\Bible Visualization Utils\bibleVizUtils\domain\entities\LayoutChapterData.tsx">
        <metrics statements="89" coveredstatements="88" conditionals="24" coveredconditionals="21" methods="39" coveredmethods="38"/>
        <line num="31" count="3" type="stmt"/>
        <line num="76" count="99" type="stmt"/>
        <line num="84" count="99" type="stmt"/>
        <line num="85" count="99" type="stmt"/>
        <line num="101" count="99" type="stmt"/>
        <line num="102" count="99" type="stmt"/>
        <line num="103" count="99" type="stmt"/>
        <line num="104" count="99" type="stmt"/>
        <line num="105" count="99" type="stmt"/>
        <line num="106" count="99" type="stmt"/>
        <line num="107" count="99" type="stmt"/>
        <line num="108" count="99" type="stmt"/>
        <line num="109" count="99" type="stmt"/>
        <line num="110" count="99" type="stmt"/>
        <line num="111" count="99" type="stmt"/>
        <line num="112" count="99" type="stmt"/>
        <line num="113" count="99" type="stmt"/>
        <line num="117" count="12" type="stmt"/>
        <line num="119" count="12" type="stmt"/>
        <line num="120" count="12" type="cond" truecount="2" falsecount="0"/>
        <line num="121" count="3" type="stmt"/>
        <line num="123" count="12" type="stmt"/>
        <line num="124" count="12" type="stmt"/>
        <line num="125" count="12" type="stmt"/>
        <line num="126" count="12" type="stmt"/>
        <line num="128" count="12" type="stmt"/>
        <line num="131" count="5" type="stmt"/>
        <line num="134" count="5" type="stmt"/>
        <line num="135" count="3" type="stmt"/>
        <line num="141" count="6" type="stmt"/>
        <line num="144" count="2" type="cond" truecount="1" falsecount="1"/>
        <line num="147" count="0" type="stmt"/>
        <line num="150" count="1" type="stmt"/>
        <line num="153" count="3" type="stmt"/>
        <line num="156" count="2" type="stmt"/>
        <line num="159" count="8" type="stmt"/>
        <line num="162" count="1" type="stmt"/>
        <line num="165" count="5" type="stmt"/>
        <line num="168" count="1" type="stmt"/>
        <line num="171" count="13" type="stmt"/>
        <line num="174" count="11" type="stmt"/>
        <line num="175" count="11" type="stmt"/>
        <line num="176" count="11" type="cond" truecount="2" falsecount="0"/>
        <line num="177" count="9" type="stmt"/>
        <line num="178" count="9" type="stmt"/>
        <line num="181" count="9" type="stmt"/>
        <line num="184" count="13" type="stmt"/>
        <line num="187" count="2" type="stmt"/>
        <line num="190" count="4" type="stmt"/>
        <line num="193" count="1" type="stmt"/>
        <line num="196" count="1" type="stmt"/>
        <line num="199" count="20" type="stmt"/>
        <line num="202" count="14" type="stmt"/>
        <line num="203" count="14" type="stmt"/>
        <line num="204" count="14" type="stmt"/>
        <line num="207" count="2" type="stmt"/>
        <line num="210" count="6" type="cond" truecount="1" falsecount="1"/>
        <line num="211" count="6" type="stmt"/>
        <line num="215" count="3" type="cond" truecount="1" falsecount="1"/>
        <line num="216" count="3" type="stmt"/>
        <line num="217" count="4" type="stmt"/>
        <line num="224" count="99" type="stmt"/>
        <line num="225" count="2" type="stmt"/>
        <line num="230" count="99" type="stmt"/>
        <line num="231" count="1" type="stmt"/>
        <line num="235" count="8" type="stmt"/>
        <line num="238" count="2" type="cond" truecount="2" falsecount="0"/>
        <line num="239" count="1" type="stmt"/>
        <line num="240" count="1" type="stmt"/>
        <line num="241" count="1" type="stmt"/>
        <line num="243" count="1" type="stmt"/>
        <line num="246" count="2" type="cond" truecount="2" falsecount="0"/>
        <line num="247" count="1" type="stmt"/>
        <line num="251" count="1" type="stmt"/>
        <line num="255" count="4" type="stmt"/>
        <line num="259" count="2" type="cond" truecount="2" falsecount="0"/>
        <line num="260" count="1" type="stmt"/>
        <line num="265" count="2" type="stmt"/>
        <line num="266" count="2" type="cond" truecount="2" falsecount="0"/>
        <line num="267" count="1" type="stmt"/>
        <line num="268" count="1" type="stmt"/>
        <line num="270" count="1" type="stmt"/>
        <line num="273" count="19" type="stmt"/>
        <line num="274" count="19" type="stmt"/>
        <line num="275" count="19" type="cond" truecount="2" falsecount="0"/>
        <line num="276" count="2" type="stmt"/>
        <line num="278" count="17" type="stmt"/>
        <line num="279" count="17" type="stmt"/>
        <line num="282" count="9" type="stmt"/>
      </file>
      <file name="StackBibleData.tsx" path="D:\Documents\Work\CasualOS\seed-bible\packages\Bible Visualization Utils\bibleVizUtils\domain\entities\StackBibleData.tsx">
        <metrics statements="61" coveredstatements="61" conditionals="23" coveredconditionals="23" methods="30" coveredmethods="30"/>
        <line num="46" count="68" type="stmt"/>
        <line num="59" count="68" type="stmt"/>
        <line num="60" count="68" type="stmt"/>
        <line num="61" count="68" type="stmt"/>
        <line num="62" count="68" type="stmt"/>
        <line num="63" count="68" type="stmt"/>
        <line num="64" count="68" type="stmt"/>
        <line num="68" count="8" type="cond" truecount="2" falsecount="0"/>
        <line num="69" count="5" type="stmt"/>
        <line num="71" count="3" type="stmt"/>
        <line num="74" count="2" type="stmt"/>
        <line num="79" count="5" type="cond" truecount="2" falsecount="0"/>
        <line num="80" count="3" type="stmt"/>
        <line num="81" count="3" type="stmt"/>
        <line num="82" count="3" type="stmt"/>
        <line num="84" count="2" type="stmt"/>
        <line num="89" count="4" type="cond" truecount="2" falsecount="0"/>
        <line num="91" count="2" type="stmt"/>
        <line num="96" count="2" type="stmt"/>
        <line num="99" count="1" type="stmt"/>
        <line num="102" count="2" type="stmt"/>
        <line num="105" count="1" type="stmt"/>
        <line num="108" count="2" type="stmt"/>
        <line num="111" count="1" type="stmt"/>
        <line num="114" count="3" type="stmt"/>
        <line num="117" count="3" type="stmt"/>
        <line num="120" count="3" type="stmt"/>
        <line num="123" count="3" type="stmt"/>
        <line num="126" count="1" type="stmt"/>
        <line num="129" count="4" type="stmt"/>
        <line num="130" count="3" type="stmt"/>
        <line num="134" count="4" type="stmt"/>
        <line num="135" count="3" type="stmt"/>
        <line num="139" count="7" type="stmt"/>
        <line num="141" count="7" type="stmt"/>
        <line num="142" count="7" type="cond" truecount="4" falsecount="0"/>
        <line num="143" count="3" type="stmt"/>
        <line num="149" count="7" type="stmt"/>
        <line num="152" count="7" type="stmt"/>
        <line num="155" count="4" type="stmt"/>
        <line num="156" count="4" type="stmt"/>
        <line num="160" count="3" type="stmt"/>
        <line num="161" count="4" type="stmt"/>
        <line num="165" count="4" type="stmt"/>
        <line num="166" count="4" type="stmt"/>
        <line num="168" count="4" type="stmt"/>
        <line num="172" count="4" type="stmt"/>
        <line num="176" count="9" type="stmt"/>
        <line num="177" count="9" type="stmt"/>
        <line num="178" count="9" type="stmt"/>
        <line num="180" count="9" type="stmt"/>
        <line num="181" count="8" type="cond" truecount="2" falsecount="0"/>
        <line num="182" count="6" type="stmt"/>
        <line num="183" count="5" type="cond" truecount="2" falsecount="0"/>
        <line num="184" count="4" type="stmt"/>
        <line num="185" count="4" type="cond" truecount="4" falsecount="0"/>
        <line num="186" count="2" type="stmt"/>
        <line num="187" count="2" type="cond" truecount="2" falsecount="0"/>
        <line num="191" count="2" type="cond" truecount="2" falsecount="0"/>
        <line num="192" count="1" type="stmt"/>
        <line num="196" count="9" type="stmt"/>
      </file>
      <file name="StackBookBaseData.tsx" path="D:\Documents\Work\CasualOS\seed-bible\packages\Bible Visualization Utils\bibleVizUtils\domain\entities\StackBookBaseData.tsx">
        <metrics statements="38" coveredstatements="37" conditionals="17" coveredconditionals="16" methods="22" coveredmethods="22"/>
        <line num="45" count="198" type="stmt"/>
        <line num="46" count="198" type="stmt"/>
        <line num="62" count="198" type="stmt"/>
        <line num="74" count="198" type="cond" truecount="2" falsecount="0"/>
        <line num="75" count="3" type="stmt"/>
        <line num="77" count="198" type="stmt"/>
        <line num="78" count="198" type="stmt"/>
        <line num="82" count="7" type="stmt"/>
        <line num="85" count="4" type="stmt"/>
        <line num="88" count="3" type="stmt"/>
        <line num="92" count="8" type="stmt"/>
        <line num="95" count="8" type="stmt"/>
        <line num="98" count="2" type="stmt"/>
        <line num="102" count="18" type="stmt"/>
        <line num="105" count="16" type="stmt"/>
        <line num="108" count="11" type="stmt"/>
        <line num="112" count="11" type="stmt"/>
        <line num="115" count="11" type="stmt"/>
        <line num="118" count="32" type="stmt"/>
        <line num="122" count="21" type="stmt"/>
        <line num="125" count="14" type="stmt"/>
        <line num="128" count="34" type="stmt"/>
        <line num="132" count="10" type="stmt"/>
        <line num="135" count="2" type="stmt"/>
        <line num="138" count="2" type="stmt"/>
        <line num="145" count="11" type="stmt"/>
        <line num="147" count="11" type="cond" truecount="2" falsecount="0"/>
        <line num="148" count="6" type="cond" truecount="2" falsecount="0"/>
        <line num="149" count="2" type="stmt"/>
        <line num="151" count="6" type="cond" truecount="1" falsecount="1"/>
        <line num="152" count="0" type="stmt"/>
        <line num="156" count="11" type="stmt"/>
        <line num="160" count="30" type="stmt"/>
        <line num="161" count="30" type="stmt"/>
        <line num="162" count="30" type="stmt"/>
        <line num="163" count="30" type="stmt"/>
        <line num="167" count="10" type="stmt"/>
        <line num="168" count="10" type="cond" truecount="2" falsecount="0"/>
      </file>
      <file name="StackBookData.tsx" path="D:\Documents\Work\CasualOS\seed-bible\packages\Bible Visualization Utils\bibleVizUtils\domain\entities\StackBookData.tsx">
        <metrics statements="18" coveredstatements="18" conditionals="10" coveredconditionals="10" methods="15" coveredmethods="15"/>
        <line num="53" count="109" type="stmt"/>
        <line num="67" count="109" type="stmt"/>
        <line num="71" count="4" type="stmt"/>
        <line num="74" count="1" type="stmt"/>
        <line num="77" count="1" type="stmt"/>
        <line num="81" count="1" type="stmt"/>
        <line num="84" count="1" type="stmt"/>
        <line num="87" count="1" type="stmt"/>
        <line num="90" count="1" type="stmt"/>
        <line num="93" count="1" type="stmt"/>
        <line num="96" count="1" type="stmt"/>
        <line num="99" count="1" type="stmt"/>
        <line num="103" count="8" type="stmt"/>
        <line num="104" count="8" type="stmt"/>
        <line num="105" count="8" type="stmt"/>
        <line num="109" count="10" type="cond" truecount="2" falsecount="0"/>
        <line num="116" count="4" type="stmt"/>
        <line num="117" count="4" type="stmt"/>
      </file>
      <file name="StackChapterData.tsx" path="D:\Documents\Work\CasualOS\seed-bible\packages\Bible Visualization Utils\bibleVizUtils\domain\entities\StackChapterData.tsx">
        <metrics statements="38" coveredstatements="37" conditionals="15" coveredconditionals="14" methods="19" coveredmethods="18"/>
        <line num="48" count="116" type="stmt"/>
        <line num="69" count="116" type="stmt"/>
        <line num="81" count="116" type="stmt"/>
        <line num="82" count="116" type="cond" truecount="2" falsecount="0"/>
        <line num="83" count="1" type="stmt"/>
        <line num="85" count="116" type="stmt"/>
        <line num="86" count="116" type="stmt"/>
        <line num="87" count="116" type="stmt"/>
        <line num="91" count="4" type="stmt"/>
        <line num="92" count="4" type="stmt"/>
        <line num="96" count="6" type="stmt"/>
        <line num="100" count="6" type="stmt"/>
        <line num="101" count="6" type="stmt"/>
        <line num="106" count="4" type="stmt"/>
        <line num="110" count="4" type="stmt"/>
        <line num="114" count="0" type="stmt"/>
        <line num="118" count="6" type="stmt"/>
        <line num="121" count="1" type="stmt"/>
        <line num="124" count="1" type="stmt"/>
        <line num="127" count="5" type="stmt"/>
        <line num="128" count="5" type="stmt"/>
        <line num="132" count="12" type="stmt"/>
        <line num="135" count="4" type="cond" truecount="2" falsecount="0"/>
        <line num="136" count="2" type="stmt"/>
        <line num="137" count="2" type="stmt"/>
        <line num="138" count="2" type="stmt"/>
        <line num="140" count="2" type="stmt"/>
        <line num="143" count="3" type="cond" truecount="2" falsecount="0"/>
        <line num="144" count="1" type="stmt"/>
        <line num="148" count="2" type="stmt"/>
        <line num="152" count="7" type="stmt"/>
        <line num="156" count="2" type="cond" truecount="2" falsecount="0"/>
        <line num="157" count="1" type="stmt"/>
        <line num="162" count="4" type="stmt"/>
        <line num="163" count="4" type="cond" truecount="2" falsecount="0"/>
        <line num="164" count="2" type="stmt"/>
        <line num="165" count="2" type="stmt"/>
        <line num="167" count="2" type="stmt"/>
      </file>
      <file name="StackData.tsx" path="D:\Documents\Work\CasualOS\seed-bible\packages\Bible Visualization Utils\bibleVizUtils\domain\entities\StackData.tsx">
        <metrics statements="21" coveredstatements="21" conditionals="7" coveredconditionals="7" methods="10" coveredmethods="10"/>
        <line num="14" count="714" type="stmt"/>
        <line num="15" count="714" type="stmt"/>
        <line num="19" count="5" type="stmt"/>
        <line num="22" count="4" type="stmt"/>
        <line num="23" count="4" type="stmt"/>
        <line num="24" count="4" type="stmt"/>
        <line num="27" count="16" type="stmt"/>
        <line num="28" count="16" type="cond" truecount="2" falsecount="0"/>
        <line num="29" count="8" type="stmt"/>
        <line num="30" count="8" type="stmt"/>
        <line num="32" count="8" type="stmt"/>
        <line num="36" count="62" type="stmt"/>
        <line num="38" count="62" type="stmt"/>
        <line num="39" count="9" type="cond" truecount="2" falsecount="0"/>
        <line num="41" count="9" type="stmt"/>
        <line num="42" count="12" type="cond" truecount="2" falsecount="0"/>
        <line num="43" count="8" type="stmt"/>
        <line num="48" count="62" type="stmt"/>
        <line num="52" count="238" type="stmt"/>
        <line num="56" count="26" type="stmt"/>
        <line num="60" count="1" type="stmt"/>
      </file>
      <file name="StackPieceData.tsx" path="D:\Documents\Work\CasualOS\seed-bible\packages\Bible Visualization Utils\bibleVizUtils\domain\entities\StackPieceData.tsx">
        <metrics statements="115" coveredstatements="115" conditionals="41" coveredconditionals="37" methods="54" coveredmethods="54"/>
        <line num="26" count="8" type="stmt"/>
        <line num="128" count="614" type="stmt"/>
        <line num="129" count="614" type="stmt"/>
        <line num="130" count="614" type="stmt"/>
        <line num="131" count="614" type="stmt"/>
        <line num="132" count="614" type="stmt"/>
        <line num="133" count="614" type="stmt"/>
        <line num="134" count="614" type="stmt"/>
        <line num="151" count="614" type="stmt"/>
        <line num="152" count="614" type="stmt"/>
        <line num="153" count="614" type="stmt"/>
        <line num="154" count="614" type="stmt"/>
        <line num="155" count="614" type="stmt"/>
        <line num="156" count="614" type="stmt"/>
        <line num="157" count="614" type="stmt"/>
        <line num="158" count="614" type="stmt"/>
        <line num="159" count="614" type="stmt"/>
        <line num="160" count="614" type="stmt"/>
        <line num="161" count="614" type="stmt"/>
        <line num="162" count="614" type="stmt"/>
        <line num="167" count="116" type="stmt"/>
        <line num="168" count="116" type="stmt"/>
        <line num="169" count="116" type="cond" truecount="2" falsecount="0"/>
        <line num="170" count="115" type="stmt"/>
        <line num="171" count="115" type="stmt"/>
        <line num="174" count="127" type="stmt"/>
        <line num="177" count="50" type="stmt"/>
        <line num="181" count="18" type="stmt"/>
        <line num="182" count="18" type="stmt"/>
        <line num="183" count="18" type="cond" truecount="2" falsecount="0"/>
        <line num="184" count="1" type="stmt"/>
        <line num="186" count="17" type="stmt"/>
        <line num="187" count="17" type="stmt"/>
        <line num="190" count="8" type="stmt"/>
        <line num="193" count="3" type="stmt"/>
        <line num="196" count="4" type="cond" truecount="2" falsecount="0"/>
        <line num="197" count="3" type="cond" truecount="2" falsecount="0"/>
        <line num="198" count="2" type="stmt"/>
        <line num="199" count="2" type="stmt"/>
        <line num="201" count="1" type="stmt"/>
        <line num="204" count="2" type="stmt"/>
        <line num="207" count="8" type="stmt"/>
        <line num="208" count="8" type="stmt"/>
        <line num="209" count="8" type="stmt"/>
        <line num="210" count="8" type="stmt"/>
        <line num="213" count="105" type="stmt"/>
        <line num="216" count="28" type="stmt"/>
        <line num="219" count="18" type="stmt"/>
        <line num="220" count="18" type="cond" truecount="2" falsecount="0"/>
        <line num="221" count="17" type="stmt"/>
        <line num="222" count="17" type="stmt"/>
        <line num="224" count="18" type="stmt"/>
        <line num="227" count="3" type="stmt"/>
        <line num="230" count="614" type="stmt"/>
        <line num="231" count="9" type="stmt"/>
        <line num="234" count="22" type="cond" truecount="2" falsecount="0"/>
        <line num="235" count="19" type="stmt"/>
        <line num="237" count="3" type="stmt"/>
        <line num="241" count="614" type="stmt"/>
        <line num="243" count="9" type="cond" truecount="2" falsecount="0"/>
        <line num="244" count="8" type="stmt"/>
        <line num="246" count="9" type="stmt"/>
        <line num="249" count="614" type="stmt"/>
        <line num="250" count="2" type="cond" truecount="2" falsecount="0"/>
        <line num="251" count="1" type="stmt"/>
        <line num="255" count="11" type="cond" truecount="1" falsecount="1"/>
        <line num="256" count="11" type="stmt"/>
        <line num="260" count="5" type="cond" truecount="2" falsecount="0"/>
        <line num="261" count="3" type="stmt"/>
        <line num="262" count="10" type="stmt"/>
        <line num="265" count="5" type="cond" truecount="2" falsecount="0"/>
        <line num="266" count="3" type="stmt"/>
        <line num="267" count="1" type="cond" truecount="1" falsecount="1"/>
        <line num="269" count="1" type="stmt"/>
        <line num="270" count="1" type="cond" truecount="1" falsecount="1"/>
        <line num="271" count="1" type="stmt"/>
        <line num="278" count="1" type="stmt"/>
        <line num="292" count="16" type="stmt"/>
        <line num="296" count="614" type="stmt"/>
        <line num="297" count="1" type="stmt"/>
        <line num="300" count="6" type="stmt"/>
        <line num="303" count="1" type="stmt"/>
        <line num="306" count="2" type="stmt"/>
        <line num="309" count="14" type="stmt"/>
        <line num="312" count="2" type="stmt"/>
        <line num="315" count="6" type="stmt"/>
        <line num="318" count="70" type="stmt"/>
        <line num="321" count="12" type="stmt"/>
        <line num="324" count="21" type="stmt"/>
        <line num="327" count="4" type="stmt"/>
        <line num="330" count="2" type="stmt"/>
        <line num="333" count="1" type="stmt"/>
        <line num="336" count="4" type="stmt"/>
        <line num="339" count="2" type="stmt"/>
        <line num="342" count="1" type="stmt"/>
        <line num="345" count="48" type="stmt"/>
        <line num="347" count="48" type="cond" truecount="4" falsecount="0"/>
        <line num="348" count="11" type="stmt"/>
        <line num="349" count="11" type="stmt"/>
        <line num="350" count="11" type="stmt"/>
        <line num="353" count="48" type="stmt"/>
        <line num="355" count="48" type="stmt"/>
        <line num="358" count="11" type="cond" truecount="2" falsecount="0"/>
        <line num="405" count="2" type="stmt"/>
        <line num="408" count="1" type="stmt"/>
        <line num="411" count="3" type="stmt"/>
        <line num="414" count="2" type="stmt"/>
        <line num="417" count="1" type="stmt"/>
        <line num="420" count="3" type="stmt"/>
        <line num="423" count="2" type="stmt"/>
        <line num="426" count="1" type="stmt"/>
        <line num="429" count="3" type="stmt"/>
        <line num="432" count="3" type="stmt"/>
        <line num="435" count="2" type="stmt"/>
        <line num="438" count="1" type="stmt"/>
      </file>
      <file name="StackSectionBookData.tsx" path="D:\Documents\Work\CasualOS\seed-bible\packages\Bible Visualization Utils\bibleVizUtils\domain\entities\StackSectionBookData.tsx">
        <metrics statements="10" coveredstatements="10" conditionals="7" coveredconditionals="7" methods="7" coveredmethods="7"/>
        <line num="51" count="39" type="stmt"/>
        <line num="65" count="39" type="stmt"/>
        <line num="69" count="4" type="stmt"/>
        <line num="74" count="39" type="stmt"/>
        <line num="75" count="4" type="stmt"/>
        <line num="79" count="1" type="stmt"/>
        <line num="82" count="1" type="stmt"/>
        <line num="85" count="1" type="stmt"/>
        <line num="89" count="12" type="stmt"/>
        <line num="90" count="12" type="stmt"/>
      </file>
      <file name="StackSectionData.tsx" path="D:\Documents\Work\CasualOS\seed-bible\packages\Bible Visualization Utils\bibleVizUtils\domain\entities\StackSectionData.tsx">
        <metrics statements="53" coveredstatements="53" conditionals="23" coveredconditionals="23" methods="31" coveredmethods="31"/>
        <line num="55" count="114" type="stmt"/>
        <line num="68" count="114" type="cond" truecount="2" falsecount="0"/>
        <line num="69" count="9" type="stmt"/>
        <line num="71" count="114" type="stmt"/>
        <line num="72" count="114" type="stmt"/>
        <line num="76" count="10" type="stmt"/>
        <line num="79" count="41" type="stmt"/>
        <line num="82" count="22" type="stmt"/>
        <line num="85" count="13" type="stmt"/>
        <line num="88" count="4" type="stmt"/>
        <line num="91" count="1" type="stmt"/>
        <line num="94" count="2" type="stmt"/>
        <line num="97" count="4" type="stmt"/>
        <line num="100" count="3" type="stmt"/>
        <line num="104" count="8" type="cond" truecount="2" falsecount="0"/>
        <line num="105" count="2" type="stmt"/>
        <line num="106" count="2" type="stmt"/>
        <line num="108" count="8" type="stmt"/>
        <line num="111" count="5" type="stmt"/>
        <line num="112" count="6" type="stmt"/>
        <line num="113" count="6" type="cond" truecount="2" falsecount="0"/>
        <line num="114" count="2" type="stmt"/>
        <line num="115" count="2" type="stmt"/>
        <line num="118" count="3" type="stmt"/>
        <line num="121" count="1" type="stmt"/>
        <line num="124" count="1" type="stmt"/>
        <line num="127" count="1" type="stmt"/>
        <line num="130" count="6" type="stmt"/>
        <line num="131" count="6" type="stmt"/>
        <line num="132" count="6" type="stmt"/>
        <line num="133" count="6" type="stmt"/>
        <line num="134" count="6" type="cond" truecount="2" falsecount="0"/>
        <line num="135" count="1" type="stmt"/>
        <line num="137" count="6" type="stmt"/>
        <line num="138" count="6" type="stmt"/>
        <line num="141" count="16" type="cond" truecount="2" falsecount="0"/>
        <line num="145" count="11" type="stmt"/>
        <line num="146" count="11" type="stmt"/>
        <line num="148" count="5" type="stmt"/>
        <line num="151" count="10" type="stmt"/>
        <line num="156" count="7" type="stmt"/>
        <line num="159" count="5" type="stmt"/>
        <line num="160" count="5" type="stmt"/>
        <line num="164" count="5" type="stmt"/>
        <line num="167" count="7" type="stmt"/>
        <line num="170" count="5" type="stmt"/>
        <line num="172" count="5" type="stmt"/>
        <line num="178" count="4" type="stmt"/>
        <line num="179" count="4" type="stmt"/>
        <line num="183" count="6" type="stmt"/>
        <line num="186" count="5" type="stmt"/>
        <line num="189" count="6" type="cond" truecount="2" falsecount="0"/>
        <line num="191" count="3" type="stmt"/>
      </file>
      <file name="StackTestamentData.tsx" path="D:\Documents\Work\CasualOS\seed-bible\packages\Bible Visualization Utils\bibleVizUtils\domain\entities\StackTestamentData.tsx">
        <metrics statements="38" coveredstatements="38" conditionals="32" coveredconditionals="32" methods="18" coveredmethods="18"/>
        <line num="49" count="90" type="stmt"/>
        <line num="63" count="90" type="cond" truecount="2" falsecount="0"/>
        <line num="64" count="21" type="stmt"/>
        <line num="69" count="19" type="stmt"/>
        <line num="72" count="10" type="stmt"/>
        <line num="73" count="9" type="cond" truecount="2" falsecount="0"/>
        <line num="77" count="5" type="stmt"/>
        <line num="78" count="5" type="stmt"/>
        <line num="81" count="1" type="stmt"/>
        <line num="84" count="1" type="stmt"/>
        <line num="90" count="5" type="stmt"/>
        <line num="91" count="5" type="cond" truecount="2" falsecount="0"/>
        <line num="92" count="1" type="stmt"/>
        <line num="94" count="5" type="stmt"/>
        <line num="97" count="9" type="stmt"/>
        <line num="98" count="8" type="cond" truecount="2" falsecount="0"/>
        <line num="99" count="7" type="stmt"/>
        <line num="101" count="1" type="stmt"/>
        <line num="105" count="10" type="cond" truecount="2" falsecount="0"/>
        <line num="108" count="16" type="stmt"/>
        <line num="109" count="13" type="stmt"/>
        <line num="113" count="13" type="stmt"/>
        <line num="115" count="13" type="stmt"/>
        <line num="116" count="13" type="stmt"/>
        <line num="117" count="8" type="cond" truecount="2" falsecount="0"/>
        <line num="119" count="7" type="cond" truecount="2" falsecount="0"/>
        <line num="120" count="2" type="stmt"/>
        <line num="121" count="5" type="cond" truecount="2" falsecount="0"/>
        <line num="122" count="4" type="stmt"/>
        <line num="124" count="7" type="cond" truecount="2" falsecount="0"/>
        <line num="125" count="6" type="stmt"/>
        <line num="130" count="13" type="stmt"/>
        <line num="133" count="6" type="stmt"/>
        <line num="134" count="7" type="cond" truecount="2" falsecount="0"/>
        <line num="138" count="12" type="cond" truecount="2" falsecount="0"/>
        <line num="139" count="7" type="stmt"/>
        <line num="140" count="6" type="cond" truecount="4" falsecount="0"/>
        <line num="146" count="5" type="stmt"/>
      </file>
      <file name="VerseData.tsx" path="D:\Documents\Work\CasualOS\seed-bible\packages\Bible Visualization Utils\bibleVizUtils\domain\entities\VerseData.tsx">
        <metrics statements="8" coveredstatements="8" conditionals="0" coveredconditionals="0" methods="5" coveredmethods="5"/>
        <line num="13" count="22" type="stmt"/>
        <line num="14" count="22" type="stmt"/>
        <line num="18" count="21" type="stmt"/>
        <line num="21" count="5" type="stmt"/>
        <line num="24" count="4" type="stmt"/>
        <line num="25" count="4" type="stmt"/>
        <line num="26" count="4" type="stmt"/>
        <line num="29" count="5" type="stmt"/>
      </file>
      <file name="VersesBunbleData.tsx" path="D:\Documents\Work\CasualOS\seed-bible\packages\Bible Visualization Utils\bibleVizUtils\domain\entities\VersesBunbleData.tsx">
        <metrics statements="26" coveredstatements="26" conditionals="7" coveredconditionals="7" methods="17" coveredmethods="17"/>
        <line num="14" count="26" type="stmt"/>
        <line num="15" count="26" type="stmt"/>
        <line num="18" count="26" type="stmt"/>
        <line num="19" count="26" type="stmt"/>
        <line num="20" count="26" type="stmt"/>
        <line num="24" count="1" type="stmt"/>
        <line num="27" count="12" type="stmt"/>
        <line num="30" count="5" type="stmt"/>
        <line num="33" count="4" type="stmt"/>
        <line num="34" count="4" type="stmt"/>
        <line num="35" count="4" type="stmt"/>
        <line num="38" count="2" type="stmt"/>
        <line num="41" count="2" type="stmt"/>
        <line num="42" count="2" type="cond" truecount="2" falsecount="0"/>
        <line num="43" count="1" type="stmt"/>
        <line num="45" count="2" type="stmt"/>
        <line num="48" count="4" type="cond" truecount="2" falsecount="0"/>
        <line num="49" count="3" type="stmt"/>
        <line num="53" count="3" type="cond" truecount="2" falsecount="0"/>
        <line num="54" count="2" type="stmt"/>
        <line num="58" count="2" type="stmt"/>
        <line num="61" count="2" type="stmt"/>
        <line num="64" count="4" type="stmt"/>
        <line num="67" count="4" type="stmt"/>
        <line num="70" count="2" type="stmt"/>
        <line num="73" count="2" type="stmt"/>
      </file>
    </package>
    <package name="packages.Bible Visualization Utils.bibleVizUtils.domain.functions">
      <metrics statements="187" coveredstatements="174" conditionals="81" coveredconditionals="75" methods="36" coveredmethods="33"/>
      <file name="array.tsx" path="D:\Documents\Work\CasualOS\seed-bible\packages\Bible Visualization Utils\bibleVizUtils\domain\functions\array.tsx">
        <metrics statements="13" coveredstatements="13" conditionals="4" coveredconditionals="4" methods="4" coveredmethods="4"/>
        <line num="1" count="1" type="stmt"/>
        <line num="4" count="7" type="stmt"/>
        <line num="5" count="7" type="stmt"/>
        <line num="8" count="1" type="stmt"/>
        <line num="12" count="10" type="cond" truecount="4" falsecount="0"/>
        <line num="13" count="3" type="stmt"/>
        <line num="16" count="7" type="stmt"/>
        <line num="17" count="7" type="stmt"/>
        <line num="18" count="7" type="stmt"/>
        <line num="19" count="7" type="stmt"/>
        <line num="22" count="1" type="stmt"/>
        <line num="26" count="10" type="stmt"/>
        <line num="27" count="22" type="stmt"/>
      </file>
      <file name="colors.tsx" path="D:\Documents\Work\CasualOS\seed-bible\packages\Bible Visualization Utils\bibleVizUtils\domain\functions\colors.tsx">
        <metrics statements="116" coveredstatements="116" conditionals="61" coveredconditionals="57" methods="21" coveredmethods="21"/>
        <line num="53" count="3" type="stmt"/>
        <line num="54" count="12" type="stmt"/>
        <line num="59" count="12" type="stmt"/>
        <line num="62" count="3" type="cond" truecount="0" falsecount="1"/>
        <line num="63" count="55" type="stmt"/>
        <line num="64" count="55" type="cond" truecount="2" falsecount="0"/>
        <line num="66" count="55" type="cond" truecount="2" falsecount="0"/>
        <line num="67" count="2" type="stmt"/>
        <line num="70" count="55" type="cond" truecount="2" falsecount="0"/>
        <line num="71" count="2" type="stmt"/>
        <line num="72" count="2" type="stmt"/>
        <line num="75" count="53" type="stmt"/>
        <line num="76" count="53" type="stmt"/>
        <line num="77" count="53" type="stmt"/>
[...]
        <line num="24" count="80" type="stmt"/>
        <line num="26" count="80" type="stmt"/>
        <line num="27" count="0" type="stmt"/>
        <line num="28" count="0" type="stmt"/>
        <line num="31" count="80" type="stmt"/>
        <line num="32" count="8" type="stmt"/>
        <line num="35" count="80" type="stmt"/>
        <line num="36" count="2" type="cond" truecount="2" falsecount="0"/>
        <line num="37" count="1" type="stmt"/>
        <line num="39" count="1" type="stmt"/>
        <line num="44" count="80" type="stmt"/>
        <line num="45" count="1" type="stmt"/>
        <line num="48" count="80" type="stmt"/>
        <line num="49" count="14" type="stmt"/>
        <line num="54" count="14" type="stmt"/>
        <line num="57" count="80" type="stmt"/>
        <line num="58" count="6" type="stmt"/>
        <line num="61" count="80" type="stmt"/>
        <line num="62" count="11" type="stmt"/>
        <line num="65" count="80" type="stmt"/>
        <line num="66" count="14" type="stmt"/>
        <line num="69" count="80" type="stmt"/>
        <line num="70" count="113" type="stmt"/>
        <line num="72" count="113" type="cond" truecount="2" falsecount="0"/>
        <line num="73" count="55" type="stmt"/>
        <line num="76" count="113" type="cond" truecount="2" falsecount="0"/>
        <line num="79" count="80" type="stmt"/>
        <line num="81" count="4" type="cond" truecount="4" falsecount="1"/>
        <line num="84" count="4" type="cond" truecount="1" falsecount="1"/>
        <line num="87" count="4" type="stmt"/>
        <line num="89" count="4" type="cond" truecount="2" falsecount="0"/>
        <line num="90" count="2" type="cond" truecount="2" falsecount="0"/>
        <line num="91" count="2" type="cond" truecount="1" falsecount="1"/>
        <line num="92" count="2" type="stmt"/>
        <line num="96" count="4" type="stmt"/>
        <line num="97" count="4" type="cond" truecount="2" falsecount="0"/>
        <line num="98" count="2" type="stmt"/>
        <line num="99" count="2" type="cond" truecount="1" falsecount="1"/>
        <line num="100" count="2" type="stmt"/>
        <line num="105" count="80" type="stmt"/>
      </file>
      <file name="TabsManager.tsx" path="D:\Documents\Work\CasualOS\seed-bible\packages\seed-bible\seed-bible\managers\TabsManager.tsx">
        <metrics statements="69" coveredstatements="63" conditionals="72" coveredconditionals="52" methods="18" coveredmethods="18"/>
        <line num="25" count="105" type="cond" truecount="4" falsecount="0"/>
        <line num="31" count="105" type="stmt"/>
        <line num="39" count="105" type="stmt"/>
        <line num="40" count="105" type="cond" truecount="4" falsecount="0"/>
        <line num="49" count="104" type="stmt"/>
        <line num="68" count="42" type="cond" truecount="3" falsecount="0"/>
        <line num="122" count="104" type="stmt"/>
        <line num="125" count="104" type="cond" truecount="1" falsecount="1"/>
        <line num="126" count="104" type="stmt"/>
        <line num="127" count="190" type="cond" truecount="2" falsecount="0"/>
        <line num="130" count="104" type="stmt"/>
        <line num="132" count="2" type="cond" truecount="1" falsecount="1"/>
        <line num="133" count="1" type="cond" truecount="1" falsecount="1"/>
        <line num="134" count="0" type="stmt"/>
        <line num="137" count="1" type="stmt"/>
        <line num="138" count="1" type="stmt"/>
        <line num="139" count="1" type="stmt"/>
        <line num="140" count="1" type="stmt"/>
        <line num="142" count="1" type="cond" truecount="1" falsecount="1"/>
        <line num="144" count="3" type="cond" truecount="1" falsecount="1"/>
        <line num="145" count="1" type="cond" truecount="1" falsecount="1"/>
        <line num="146" count="0" type="stmt"/>
        <line num="150" count="1" type="cond" truecount="1" falsecount="1"/>
        <line num="152" count="1" type="stmt"/>
        <line num="154" count="1" type="cond" truecount="3" falsecount="1"/>
        <line num="159" count="1" type="cond" truecount="1" falsecount="1"/>
        <line num="164" count="0" type="stmt"/>
        <line num="167" count="1" type="stmt"/>
        <line num="172" count="1" type="stmt"/>
        <line num="179" count="104" type="stmt"/>
        <line num="180" count="333" type="stmt"/>
        <line num="181" count="333" type="stmt"/>
        <line num="183" count="333" type="stmt"/>
        <line num="184" count="333" type="stmt"/>
        <line num="189" count="333" type="stmt"/>
        <line num="190" count="333" type="stmt"/>
        <line num="192" count="333" type="cond" truecount="2" falsecount="0"/>
        <line num="193" count="330" type="stmt"/>
        <line num="195" count="330" type="cond" truecount="2" falsecount="0"/>
        <line num="196" count="7" type="stmt"/>
        <line num="197" count="323" type="cond" truecount="2" falsecount="0"/>
        <line num="201" count="22" type="stmt"/>
        <line num="206" count="104" type="stmt"/>
        <line num="208" count="1" type="cond" truecount="4" falsecount="1"/>
        <line num="211" count="1" type="cond" truecount="1" falsecount="1"/>
        <line num="215" count="1" type="cond" truecount="1" falsecount="2"/>
        <line num="219" count="1" type="cond" truecount="1" falsecount="1"/>
        <line num="220" count="0" type="stmt"/>
        <line num="223" count="1" type="stmt"/>
        <line num="226" count="104" type="stmt"/>
        <line num="227" count="21" type="stmt"/>
        <line num="228" count="21" type="stmt"/>
        <line num="229" count="21" type="cond" truecount="2" falsecount="0"/>
        <line num="230" count="21" type="cond" truecount="2" falsecount="0"/>
        <line num="231" count="21" type="stmt"/>
        <line num="240" count="21" type="stmt"/>
        <line num="241" count="21" type="stmt"/>
        <line num="242" count="21" type="stmt"/>
        <line num="245" count="104" type="stmt"/>
        <line num="246" count="1" type="stmt"/>
        <line num="247" count="1" type="cond" truecount="1" falsecount="1"/>
        <line num="248" count="0" type="stmt"/>
        <line num="251" count="1" type="stmt"/>
        <line num="252" count="1" type="stmt"/>
        <line num="254" count="1" type="cond" truecount="1" falsecount="1"/>
        <line num="255" count="0" type="cond" truecount="0" falsecount="2"/>
        <line num="259" count="104" type="stmt"/>
        <line num="260" count="17" type="stmt"/>
        <line num="263" count="104" type="stmt"/>
      </file>
      <file name="ThemeManager.tsx" path="D:\Documents\Work\CasualOS\seed-bible\packages\seed-bible\seed-bible\managers\ThemeManager.tsx">
        <metrics statements="129" coveredstatements="59" conditionals="70" coveredconditionals="16" methods="34" coveredmethods="18"/>
        <line num="440" count="63" type="stmt"/>
        <line num="444" count="3" type="stmt"/>
        <line num="445" count="51" type="cond" truecount="2" falsecount="0"/>
        <line num="446" count="45" type="stmt"/>
        <line num="449" count="3" type="stmt"/>
        <line num="450" count="6" type="stmt"/>
        <line num="457" count="3" type="stmt"/>
        <line num="461" count="2" type="stmt"/>
        <line num="463" count="4" type="stmt"/>
        <line num="476" count="6" type="stmt"/>
        <line num="478" count="6" type="stmt"/>
        <line num="620" count="6" type="stmt"/>
        <line num="804" count="6" type="stmt"/>
        <line num="874" count="6" type="stmt"/>
        <line num="875" count="6" type="stmt"/>
        <line num="876" count="6" type="stmt"/>
        <line num="880" count="6" type="stmt"/>
        <line num="881" count="6" type="stmt"/>
        <line num="882" count="6" type="stmt"/>
        <line num="884" count="6" type="stmt"/>
        <line num="898" count="6" type="stmt"/>
        <line num="899" count="150" type="stmt"/>
        <line num="903" count="120" type="cond" truecount="2" falsecount="2"/>
        <line num="909" count="120" type="stmt"/>
        <line num="910" count="120" type="cond" truecount="1" falsecount="1"/>
        <line num="911" count="0" type="stmt"/>
        <line num="912" count="0" type="stmt"/>
        <line num="914" count="0" type="stmt"/>
        <line num="917" count="120" type="cond" truecount="2" falsecount="2"/>
        <line num="918" count="120" type="stmt"/>
        <line num="920" count="0" type="stmt"/>
        <line num="921" count="0" type="stmt"/>
        <line num="922" count="0" type="stmt"/>
        <line num="923" count="0" type="cond" truecount="0" falsecount="4"/>
        <line num="924" count="0" type="stmt"/>
        <line num="925" count="0" type="stmt"/>
        <line num="926" count="0" type="cond" truecount="0" falsecount="2"/>
        <line num="927" count="0" type="cond" truecount="0" falsecount="2"/>
        <line num="928" count="0" type="cond" truecount="0" falsecount="2"/>
        <line num="929" count="0" type="stmt"/>
        <line num="931" count="0" type="cond" truecount="0" falsecount="2"/>
        <line num="933" count="0" type="stmt"/>
        <line num="940" count="0" type="cond" truecount="0" falsecount="2"/>
        <line num="941" count="0" type="stmt"/>
        <line num="942" count="0" type="stmt"/>
        <line num="943" count="0" type="cond" truecount="0" falsecount="2"/>
        <line num="945" count="0" type="stmt"/>
        <line num="952" count="120" type="stmt"/>
        <line num="953" count="120" type="cond" truecount="1" falsecount="1"/>
        <line num="954" count="0" type="stmt"/>
        <line num="955" count="0" type="stmt"/>
        <line num="957" count="0" type="stmt"/>
        <line num="960" count="120" type="cond" truecount="2" falsecount="2"/>
        <line num="961" count="120" type="stmt"/>
        <line num="963" count="0" type="stmt"/>
        <line num="964" count="0" type="stmt"/>
        <line num="965" count="0" type="stmt"/>
        <line num="966" count="0" type="stmt"/>
        <line num="967" count="0" type="cond" truecount="0" falsecount="4"/>
        <line num="968" count="0" type="stmt"/>
        <line num="971" count="0" type="stmt"/>
        <line num="978" count="0" type="stmt"/>
        <line num="979" count="0" type="cond" truecount="0" falsecount="2"/>
        <line num="980" count="0" type="stmt"/>
        <line num="982" count="0" type="stmt"/>
        <line num="1123" count="60" type="stmt"/>
        <line num="1125" count="60" type="stmt"/>
        <line num="1126" count="120" type="stmt"/>
        <line num="1132" count="60" type="stmt"/>
        <line num="1133" count="120" type="stmt"/>
        <line num="1138" count="60" type="stmt"/>
        <line num="1139" count="120" type="stmt"/>
        <line num="1144" count="60" type="stmt"/>
        <line num="1145" count="60" type="stmt"/>
        <line num="1146" count="60" type="stmt"/>
        <line num="1152" count="60" type="stmt"/>
        <line num="1153" count="60" type="stmt"/>
        <line num="1154" count="60" type="stmt"/>
        <line num="1155" count="60" type="stmt"/>
        <line num="1156" count="60" type="stmt"/>
        <line num="1159" count="60" type="stmt"/>
        <line num="1161" count="0" type="cond" truecount="0" falsecount="3"/>
        <line num="1166" count="60" type="stmt"/>
        <line num="1167" count="0" type="stmt"/>
        <line num="1173" count="60" type="stmt"/>
        <line num="1175" count="0" type="cond" truecount="0" falsecount="5"/>
        <line num="1178" count="0" type="cond" truecount="0" falsecount="2"/>
        <line num="1182" count="0" type="cond" truecount="0" falsecount="2"/>
        <line num="1183" count="0" type="stmt"/>
        <line num="1188" count="0" type="cond" truecount="0" falsecount="2"/>
        <line num="1189" count="0" type="stmt"/>
        <line num="1193" count="0" type="cond" truecount="0" falsecount="2"/>
        <line num="1194" count="0" type="stmt"/>
        <line num="1200" count="60" type="stmt"/>
        <line num="1201" count="0" type="cond" truecount="0" falsecount="2"/>
        <line num="1202" count="0" type="stmt"/>
        <line num="1203" count="0" type="stmt"/>
        <line num="1204" count="0" type="stmt"/>
        <line num="1208" count="60" type="stmt"/>
        <line num="1209" count="0" type="stmt"/>
        <line num="1210" count="0" type="cond" truecount="0" falsecount="2"/>
        <line num="1211" count="0" type="stmt"/>
        <line num="1213" count="0" type="stmt"/>
        <line num="1215" count="0" type="stmt"/>
        <line num="1218" count="60" type="stmt"/>
        <line num="1219" count="0" type="stmt"/>
        <line num="1222" count="60" type="stmt"/>
        <line num="1223" count="0" type="stmt"/>
        <line num="1224" count="0" type="stmt"/>
        <line num="1225" count="0" type="stmt"/>
        <line num="1228" count="60" type="stmt"/>
        <line num="1229" count="0" type="stmt"/>
        <line num="1232" count="60" type="stmt"/>
        <line num="1233" count="0" type="stmt"/>
        <line num="1234" count="0" type="cond" truecount="0" falsecount="2"/>
        <line num="1235" count="0" type="stmt"/>
        <line num="1237" count="0" type="stmt"/>
        <line num="1239" count="0" type="stmt"/>
        <line num="1242" count="60" type="stmt"/>
        <line num="1246" count="0" type="stmt"/>
        <line num="1247" count="0" type="cond" truecount="0" falsecount="2"/>
        <line num="1248" count="0" type="stmt"/>
        <line num="1254" count="60" type="stmt"/>
        <line num="1255" count="0" type="stmt"/>
        <line num="1256" count="0" type="stmt"/>
        <line num="1257" count="0" type="stmt"/>
        <line num="1260" count="60" type="stmt"/>
        <line num="1261" count="0" type="stmt"/>
        <line num="1264" count="60" type="stmt"/>
      </file>
    </package>
    <package name="script.lib">
      <metrics statements="25" coveredstatements="6" conditionals="12" coveredconditionals="2" methods="5" coveredmethods="3"/>
      <file name="translation.ts" path="D:\Documents\Work\CasualOS\seed-bible\script\lib\translation.ts">
        <metrics statements="25" coveredstatements="6" conditionals="12" coveredconditionals="2" methods="5" coveredmethods="3"/>
        <line num="14" count="1" type="stmt"/>
        <line num="15" count="1" type="stmt"/>
        <line num="23" count="3" type="stmt"/>
        <line num="26" count="7" type="cond" truecount="2" falsecount="0"/>
        <line num="38" count="3" type="stmt"/>
        <line num="41" count="1" type="stmt"/>
        <line num="55" count="0" type="stmt"/>
        <line num="59" count="0" type="stmt"/>
        <line num="60" count="0" type="stmt"/>
        <line num="62" count="0" type="stmt"/>
        <line num="63" count="0" type="stmt"/>
        <line num="64" count="0" type="stmt"/>
        <line num="65" count="0" type="stmt"/>
        <line num="70" count="0" type="stmt"/>
        <line num="73" count="0" type="cond" truecount="0" falsecount="2"/>
        <line num="74" count="0" type="stmt"/>
        <line num="75" count="0" type="stmt"/>
        <line num="79" count="0" type="stmt"/>
        <line num="80" count="0" type="stmt"/>
        <line num="82" count="0" type="cond" truecount="0" falsecount="2"/>
        <line num="83" count="0" type="stmt"/>
        <line num="85" count="0" type="stmt"/>
        <line num="93" count="0" type="stmt"/>
        <line num="98" count="0" type="stmt"/>
        <line num="101" count="0" type="stmt"/>
      </file>
    </package>
    <package name="test.mocks">
      <metrics statements="2" coveredstatements="2" conditionals="0" coveredconditionals="0" methods="1" coveredmethods="1"/>
      <file name="typesense.ts" path="D:\Documents\Work\CasualOS\seed-bible\test\mocks\typesense.ts">
        <metrics statements="2" coveredstatements="2" conditionals="0" coveredconditionals="0" methods="1" coveredmethods="1"/>
        <line num="1" count="4" type="stmt"/>
        <line num="2" count="38" type="stmt"/>
      </file>
    </package>
    <package name="test.unit.seed-bible.managers.testUtils">
      <metrics statements="17" coveredstatements="17" conditionals="9" coveredconditionals="8" methods="9" coveredmethods="9"/>
      <file name="mockBibleApiData.ts" path="D:\Documents\Work\CasualOS\seed-bible\test\unit\seed-bible\managers\testUtils\mockBibleApiData.ts">
        <metrics statements="17" coveredstatements="17" conditionals="9" coveredconditionals="8" methods="9" coveredmethods="9"/>
        <line num="17" count="10" type="stmt"/>
        <line num="18" count="10" type="stmt"/>
        <line num="20" count="10" type="stmt"/>
        <line num="36" count="10" type="stmt"/>
        <line num="52" count="10" type="stmt"/>
        <line num="56" count="10" type="stmt"/>
        <line num="101" count="10" type="stmt"/>
        <line num="120" count="10" type="stmt"/>
        <line num="140" count="894" type="stmt"/>
        <line num="151" count="913" type="stmt"/>
        <line num="155" count="42" type="stmt"/>
        <line num="159" count="717" type="stmt"/>
        <line num="168" count="630" type="cond" truecount="1" falsecount="1"/>
        <line num="171" count="479" type="stmt"/>
        <line num="196" count="25" type="stmt"/>
        <line num="213" count="73" type="stmt"/>
        <line num="231" count="40" type="stmt"/>
      </file>
    </package>
    <package name="test.unit.seed-bible.testUtils">
      <metrics statements="37" coveredstatements="33" conditionals="24" coveredconditionals="19" methods="14" coveredmethods="12"/>
      <file name="createTestSeedBibleState.ts" path="D:\Documents\Work\CasualOS\seed-bible\test\unit\seed-bible\testUtils\createTestSeedBibleState.ts">
        <metrics statements="37" coveredstatements="33" conditionals="24" coveredconditionals="19" methods="14" coveredmethods="12"/>
        <line num="31" count="146" type="stmt"/>
        <line num="33" count="146" type="stmt"/>
        <line num="34" count="146" type="cond" truecount="1" falsecount="1"/>
        <line num="35" count="0" type="stmt"/>
        <line num="38" count="146" type="stmt"/>
        <line num="39" count="146" type="stmt"/>
        <line num="40" count="146" type="stmt"/>
        <line num="48" count="200" type="stmt"/>
        <line num="55" count="60" type="stmt"/>
        <line num="57" count="60" type="stmt"/>
        <line num="63" count="60" type="stmt"/>
        <line num="65" count="60" type="cond" truecount="1" falsecount="1"/>
        <line num="66" count="0" type="stmt"/>
        <line num="71" count="60" type="cond" truecount="2" falsecount="0"/>
        <line num="72" count="1" type="stmt"/>
        <line num="77" count="60" type="cond" truecount="1" falsecount="1"/>
        <line num="78" count="60" type="stmt"/>
        <line num="83" count="0" type="stmt"/>
        <line num="87" count="0" type="stmt"/>
        <line num="91" count="38" type="stmt"/>
        <line num="94" count="60" type="stmt"/>
        <line num="101" count="60" type="stmt"/>
        <line num="104" count="134" type="stmt"/>
        <line num="105" count="134" type="cond" truecount="2" falsecount="0"/>
        <line num="106" count="54" type="stmt"/>
        <line num="109" count="80" type="stmt"/>
        <line num="115" count="60" type="cond" truecount="2" falsecount="0"/>
        <line num="116" count="56" type="stmt"/>
        <line num="119" count="4" type="stmt"/>
        <line num="139" count="60" type="stmt"/>
        <line num="141" count="60" type="stmt"/>
        <line num="142" count="60" type="stmt"/>
        <line num="143" count="60" type="stmt"/>
        <line num="146" count="60" type="stmt"/>
        <line num="147" count="60" type="stmt"/>
        <line num="148" count="60" type="stmt"/>
        <line num="150" count="60" type="stmt"/>
      </file>
    </package>
  </project>
</coverage>
