TN:
SF:packages\Bible Visualization Utils\bibleVizUtils\application\services\ArrangementService.tsx
FN:42,(anonymous_0)
FN:55,(anonymous_1)
FN:62,(anonymous_2)
FN:66,(anonymous_3)
FN:77,(anonymous_4)
FN:79,(anonymous_5)
FN:90,(anonymous_6)
FN:91,(anonymous_7)
FN:96,(anonymous_8)
FN:100,(anonymous_9)
FN:104,(anonymous_10)
FN:117,(anonymous_11)
FN:136,(anonymous_12)
FN:142,(anonymous_13)
FN:148,(anonymous_14)
FN:153,(anonymous_15)
FN:166,(anonymous_16)
FN:176,(anonymous_17)
FN:178,(anonymous_18)
FN:227,(anonymous_19)
FN:238,(anonymous_20)
FN:247,(anonymous_21)
FN:297,(anonymous_22)
FN:309,(anonymous_23)
FN:324,(anonymous_24)
FN:374,(anonymous_25)
FN:403,(anonymous_26)
FN:413,(anonymous_27)
FNF:28
FNH:28
FNDA:49,(anonymous_0)
FNDA:67,(anonymous_1)
FNDA:41,(anonymous_2)
FNDA:8,(anonymous_3)
FNDA:7,(anonymous_4)
FNDA:8,(anonymous_5)
FNDA:2,(anonymous_6)
FNDA:3,(anonymous_7)
FNDA:9,(anonymous_8)
FNDA:8,(anonymous_9)
FNDA:3,(anonymous_10)
FNDA:4,(anonymous_11)
FNDA:29,(anonymous_12)
FNDA:7,(anonymous_13)
FNDA:4,(anonymous_14)
FNDA:2,(anonymous_15)
FNDA:2,(anonymous_16)
FNDA:2,(anonymous_17)
FNDA:3,(anonymous_18)
FNDA:5,(anonymous_19)
FNDA:5,(anonymous_20)
FNDA:6,(anonymous_21)
FNDA:2,(anonymous_22)
FNDA:2,(anonymous_23)
FNDA:3,(anonymous_24)
FNDA:9,(anonymous_25)
FNDA:3,(anonymous_26)
FNDA:2,(anonymous_27)
DA:39,49
DA:48,49
DA:49,49
DA:50,49
DA:51,49
DA:52,1
DA:56,67
DA:57,67
DA:59,67
DA:63,41
DA:67,8
DA:68,8
DA:69,8
DA:70,5
DA:71,5
DA:72,5
DA:74,3
DA:78,7
DA:79,7
DA:80,8
DA:83,7
DA:85,6
DA:87,1
DA:90,49
DA:91,2
DA:92,3
DA:97,9
DA:101,8
DA:105,3
DA:108,3
DA:109,3
DA:110,2
DA:111,2
DA:113,2
DA:118,4
DA:121,4
DA:123,4
DA:124,3
DA:128,2
DA:130,1
DA:132,3
DA:136,49
DA:139,29
DA:143,7
DA:144,7
DA:145,7
DA:149,4
DA:150,4
DA:154,2
DA:156,2
DA:166,49
DA:176,2
DA:177,2
DA:178,3
DA:180,2
DA:181,1
DA:188,1
DA:192,2
DA:193,2
DA:194,2
DA:195,2
DA:196,2
DA:197,2
DA:199,2
DA:200,2
DA:204,2
DA:205,2
DA:206,2
DA:207,2
DA:208,1
DA:209,1
DA:210,1
DA:211,1
DA:216,2
DA:227,49
DA:238,5
DA:239,5
DA:240,5
DA:244,5
DA:245,5
DA:246,5
DA:247,6
DA:249,5
DA:250,3
DA:260,2
DA:264,5
DA:265,5
DA:266,5
DA:267,5
DA:268,5
DA:269,5
DA:271,5
DA:272,5
DA:276,5
DA:277,5
DA:278,5
DA:279,5
DA:280,3
DA:281,3
DA:282,3
DA:283,3
DA:288,5
DA:297,49
DA:309,2
DA:310,2
DA:311,2
DA:315,2
DA:316,2
DA:317,2
DA:318,2
DA:322,2
DA:323,2
DA:324,2
DA:325,3
DA:327,2
DA:328,1
DA:341,1
DA:347,2
DA:348,2
DA:349,2
DA:350,2
DA:351,2
DA:352,2
DA:354,2
DA:355,2
DA:359,2
DA:360,2
DA:361,2
DA:362,2
DA:363,1
DA:364,1
DA:365,1
DA:366,1
DA:371,2
DA:383,9
DA:384,9
DA:386,8
DA:387,8
DA:388,8
DA:389,8
DA:390,6
DA:391,6
DA:392,6
DA:393,4
DA:400,4
DA:403,49
DA:405,3
DA:406,3
DA:407,2
DA:408,2
DA:409,2
DA:410,2
DA:411,2
DA:412,2
DA:413,2
DA:414,2
DA:420,1
LF:157
LH:157
BRDA:51,0,0,1
BRDA:51,0,1,48
BRDA:69,1,0,5
BRDA:69,1,1,3
BRDA:69,2,0,8
BRDA:69,2,1,7
BRDA:69,2,2,6
BRDA:83,3,0,1
BRDA:83,3,1,6
BRDA:85,4,0,5
BRDA:85,4,1,1
BRDA:109,5,0,2
BRDA:109,5,1,1
BRDA:110,6,0,2
BRDA:110,6,1,0
BRDA:123,7,0,3
BRDA:123,7,1,1
BRDA:124,8,0,2
BRDA:124,8,1,1
BRDA:125,9,0,3
BRDA:125,9,1,3
BRDA:166,10,0,2
BRDA:180,11,0,1
BRDA:180,11,1,1
BRDA:195,12,0,2
BRDA:195,12,1,0
BRDA:205,13,0,2
BRDA:205,13,1,0
BRDA:207,14,0,1
BRDA:207,14,1,1
BRDA:227,15,0,5
BRDA:245,16,0,5
BRDA:245,16,1,0
BRDA:249,17,0,3
BRDA:249,17,1,2
BRDA:267,18,0,5
BRDA:267,18,1,0
BRDA:277,19,0,5
BRDA:277,19,1,0
BRDA:279,20,0,3
BRDA:279,20,1,2
BRDA:297,21,0,2
BRDA:316,22,0,2
BRDA:316,22,1,0
BRDA:323,23,0,2
BRDA:323,23,1,0
BRDA:327,24,0,1
BRDA:327,24,1,1
BRDA:350,25,0,2
BRDA:350,25,1,0
BRDA:360,26,0,2
BRDA:360,26,1,0
BRDA:362,27,0,1
BRDA:362,27,1,1
BRDA:377,28,0,8
BRDA:384,29,0,1
BRDA:384,29,1,8
BRDA:389,30,0,6
BRDA:389,30,1,2
BRDA:389,31,0,8
BRDA:389,31,1,7
BRDA:390,32,0,6
BRDA:390,32,1,1
BRDA:391,33,0,6
BRDA:391,33,1,1
BRDA:392,34,0,4
BRDA:392,34,1,2
BRDA:392,35,0,6
BRDA:392,35,1,5
BRDA:406,36,0,2
BRDA:406,36,1,1
BRDA:408,37,0,2
BRDA:408,37,1,0
BRDA:410,38,0,2
BRDA:410,38,1,0
BRDA:412,39,0,2
BRDA:412,39,1,0
BRF:77
BRH:64
end_of_record
TN:
SF:packages\Bible Visualization Utils\bibleVizUtils\application\services\BaseEventManager.tsx
FN:8,(anonymous_0)
FN:12,(anonymous_1)
FN:23,(anonymous_2)
FN:34,(anonymous_3)
FN:44,(anonymous_4)
FN:57,(anonymous_5)
FNF:6
FNH:6
FNDA:21,(anonymous_0)
FNDA:26,(anonymous_1)
FNDA:6,(anonymous_2)
FNDA:19,(anonymous_3)
FNDA:16,(anonymous_4)
FNDA:6,(anonymous_5)
DA:9,21
DA:16,26
DA:17,22
DA:20,26
DA:21,26
DA:23,26
DA:24,6
DA:25,6
DA:26,4
DA:27,4
DA:28,3
DA:40,19
DA:41,19
DA:43,19
DA:44,14
DA:45,16
DA:46,16
DA:48,2
DA:58,6
DA:59,6
DA:60,5
DA:61,5
DA:62,5
DA:63,5
DA:66,5
LF:25
LH:25
BRDA:16,0,0,22
BRDA:16,0,1,4
BRDA:25,1,0,4
BRDA:25,1,1,2
BRDA:27,2,0,3
BRDA:27,2,1,1
BRDA:43,3,0,14
BRDA:43,3,1,5
BRDA:61,4,0,5
BRDA:61,4,1,0
BRF:10
BRH:9
end_of_record
TN:
SF:packages\Bible Visualization Utils\bibleVizUtils\application\services\HistoryModeService.tsx
FN:12,(anonymous_0)
FN:17,(anonymous_1)
FN:21,(anonymous_2)
FN:28,(anonymous_3)
FNF:4
FNH:4
FNDA:20,(anonymous_0)
FNDA:10,(anonymous_1)
FNDA:12,(anonymous_2)
FNDA:10,(anonymous_3)
DA:13,20
DA:14,20
DA:18,10
DA:22,12
DA:23,9
DA:24,9
DA:29,10
DA:30,7
DA:31,7
LF:9
LH:9
BRDA:12,0,0,9
BRDA:22,1,0,9
BRDA:22,1,1,3
BRDA:29,2,0,7
BRDA:29,2,1,3
BRF:5
BRH:5
end_of_record
TN:
SF:packages\Bible Visualization Utils\bibleVizUtils\application\services\LabelDateService.tsx
FN:17,(anonymous_0)
FN:25,(anonymous_1)
FN:29,(anonymous_2)
FNF:3
FNH:3
FNDA:13,(anonymous_0)
FNDA:9,(anonymous_1)
FNDA:12,(anonymous_2)
DA:21,13
DA:22,13
DA:26,9
DA:30,12
DA:31,9
DA:32,9
LF:6
LH:6
BRDA:18,0,0,4
BRDA:30,1,0,9
BRDA:30,1,1,3
BRF:3
BRH:3
end_of_record
TN:
SF:packages\Bible Visualization Utils\bibleVizUtils\application\services\LabelInteractionService.tsx
FN:15,(anonymous_0)
FN:23,(anonymous_1)
FN:32,(anonymous_2)
FNF:3
FNH:3
FNDA:12,(anonymous_0)
FNDA:7,(anonymous_1)
FNDA:7,(anonymous_2)
DA:19,12
DA:20,12
DA:24,7
DA:25,7
DA:26,3
DA:29,4
DA:33,7
DA:34,7
DA:35,3
DA:38,4
LF:10
LH:10
BRDA:25,0,0,3
BRDA:25,0,1,4
BRDA:34,1,0,3
BRDA:34,1,1,4
BRF:4
BRH:4
end_of_record
TN:
SF:packages\Bible Visualization Utils\bibleVizUtils\application\services\PieceActivityService.tsx
FN:53,(anonymous_0)
FN:69,(anonymous_1)
FN:80,(anonymous_2)
FN:94,(anonymous_3)
FN:110,(anonymous_4)
FN:146,(anonymous_5)
FN:158,(anonymous_6)
FN:190,(anonymous_7)
FN:214,(anonymous_8)
FN:324,(anonymous_9)
FN:327,(anonymous_10)
FN:340,(anonymous_11)
FN:361,(anonymous_12)
FN:366,(anonymous_13)
FN:369,(anonymous_14)
FN:385,(anonymous_15)
FN:390,(anonymous_16)
FN:392,(anonymous_17)
FN:395,(anonymous_18)
FN:400,(anonymous_19)
FN:403,(anonymous_20)
FN:419,(anonymous_21)
FN:424,(anonymous_22)
FN:426,(anonymous_23)
FN:429,(anonymous_24)
FN:524,(anonymous_25)
FN:564,(anonymous_26)
FN:567,(anonymous_27)
FN:587,(anonymous_28)
FN:623,(anonymous_29)
FN:629,(anonymous_30)
FN:656,(anonymous_31)
FNF:32
FNH:30
FNDA:2,(anonymous_0)
FNDA:2,(anonymous_1)
FNDA:13,(anonymous_2)
FNDA:1,(anonymous_3)
FNDA:4,(anonymous_4)
FNDA:3,(anonymous_5)
FNDA:14,(anonymous_6)
FNDA:78,(anonymous_7)
FNDA:23,(anonymous_8)
FNDA:0,(anonymous_9)
FNDA:0,(anonymous_10)
FNDA:18,(anonymous_11)
FNDA:6,(anonymous_12)
FNDA:5,(anonymous_13)
FNDA:2,(anonymous_14)
FNDA:3,(anonymous_15)
FNDA:4,(anonymous_16)
FNDA:3,(anonymous_17)
FNDA:35,(anonymous_18)
FNDA:11,(anonymous_19)
FNDA:16,(anonymous_20)
FNDA:18,(anonymous_21)
FNDA:6,(anonymous_22)
FNDA:3,(anonymous_23)
FNDA:24,(anonymous_24)
FNDA:1,(anonymous_25)
FNDA:3,(anonymous_26)
FNDA:3,(anonymous_27)
FNDA:16,(anonymous_28)
FNDA:8,(anonymous_29)
FNDA:1,(anonymous_30)
FNDA:3,(anonymous_31)
DA:53,1
DA:57,2
DA:61,2
DA:62,2
DA:64,2
DA:69,1
DA:70,2
DA:74,2
DA:75,2
DA:77,2
DA:80,1
DA:84,13
DA:88,13
DA:89,13
DA:91,13
DA:94,1
DA:98,1
DA:102,1
DA:103,1
DA:105,1
DA:110,1
DA:111,4
DA:115,4
DA:116,4
DA:118,4
DA:123,1
DA:146,1
DA:147,3
DA:149,3
DA:150,1
DA:153,2
DA:158,1
DA:159,14
DA:164,14
DA:166,13
DA:171,1
DA:202,78
DA:203,78
DA:204,78
DA:205,78
DA:206,78
DA:207,78
DA:208,78
DA:209,78
DA:210,78
DA:211,78
DA:222,23
DA:224,23
DA:225,23
DA:232,23
DA:234,23
DA:235,0
DA:238,0
DA:242,0
DA:244,0
DA:249,0
DA:250,0
DA:257,0
DA:259,0
DA:260,0
DA:261,0
DA:265,0
DA:269,0
DA:270,0
DA:274,0
DA:275,0
DA:281,0
DA:282,0
DA:287,0
DA:288,0
DA:307,0
DA:311,23
DA:315,23
DA:316,1
DA:319,1
DA:322,22
DA:324,22
DA:325,0
DA:327,0
DA:328,0
DA:337,22
DA:341,18
DA:345,18
DA:346,1
DA:349,1
DA:352,17
DA:358,16
DA:365,6
DA:366,6
DA:373,2
DA:377,2
DA:382,2
DA:389,3
DA:390,4
DA:392,3
DA:399,35
DA:400,35
DA:407,16
DA:411,16
DA:416,16
DA:423,18
DA:424,6
DA:426,18
DA:429,78
DA:432,24
DA:435,24
DA:436,24
DA:437,3
DA:438,3
DA:439,21
DA:440,20
DA:441,20
DA:444,24
DA:445,1
DA:448,23
DA:452,23
DA:453,9
DA:454,9
DA:455,1
DA:457,9
DA:460,14
DA:461,14
DA:462,14
DA:463,3
DA:464,1
DA:465,1
DA:469,14
DA:471,14
DA:473,13
DA:474,13
DA:475,1
DA:478,1
DA:480,13
DA:481,1
DA:484,1
DA:488,14
DA:489,14
DA:491,14
DA:492,14
DA:496,16
DA:497,16
DA:498,0
DA:502,16
DA:503,1
DA:505,1
DA:506,1
DA:512,1
DA:517,1
DA:520,15
DA:523,15
DA:525,1
DA:528,15
DA:530,15
DA:535,15
DA:541,15
DA:551,14
DA:555,14
DA:556,2
DA:559,14
DA:561,14
DA:565,3
DA:567,3
DA:569,3
DA:571,3
DA:573,3
DA:575,3
DA:582,3
DA:583,3
DA:588,16
DA:590,14
DA:592,14
DA:594,14
DA:595,1
DA:599,13
DA:601,13
DA:604,13
DA:605,13
DA:606,13
DA:609,13
DA:616,13
DA:617,4
DA:618,4
DA:622,9
DA:624,8
DA:626,9
DA:628,9
DA:630,1
DA:633,9
DA:634,9
DA:640,9
DA:649,9
DA:650,9
DA:651,9
DA:658,3
DA:660,3
DA:662,3
DA:667,3
DA:668,2
LF:198
LH:174
BRDA:149,0,0,1
BRDA:149,0,1,2
BRDA:164,1,0,1
BRDA:164,1,1,13
BRDA:195,2,0,77
BRDA:216,3,0,22
BRDA:242,4,0,0
BRDA:242,4,1,0
BRDA:249,5,0,0
BRDA:249,5,1,0
BRDA:257,6,0,0
BRDA:257,6,1,0
BRDA:260,7,0,0
BRDA:260,7,1,0
BRDA:269,8,0,0
BRDA:269,8,1,0
BRDA:281,9,0,0
BRDA:281,9,1,0
BRDA:315,10,0,1
BRDA:315,10,1,22
BRDA:329,11,0,0
BRDA:329,11,1,0
BRDA:329,11,2,0
BRDA:329,11,3,0
BRDA:345,12,0,1
BRDA:345,12,1,17
BRDA:436,13,0,3
BRDA:436,13,1,21
BRDA:439,14,0,20
BRDA:439,14,1,1
BRDA:444,15,0,1
BRDA:444,15,1,23
BRDA:444,16,0,24
BRDA:444,16,1,23
BRDA:452,17,0,9
BRDA:452,17,1,14
BRDA:454,18,0,1
BRDA:454,18,1,8
BRDA:463,19,0,1
BRDA:463,19,1,2
BRDA:471,20,0,13
BRDA:471,20,1,1
BRDA:474,21,0,1
BRDA:474,21,1,12
BRDA:480,22,0,1
BRDA:480,22,1,12
BRDA:497,23,0,0
BRDA:497,23,1,16
BRDA:502,24,0,1
BRDA:502,24,1,15
BRDA:520,25,0,15
BRDA:520,25,1,2
BRDA:537,26,0,15
BRDA:537,26,1,14
BRDA:546,27,0,15
BRDA:546,27,1,1
BRDA:588,28,0,2
BRDA:588,28,1,14
BRDA:588,29,0,16
BRDA:588,29,1,15
BRDA:594,30,0,1
BRDA:594,30,1,13
BRDA:609,31,0,13
BRDA:609,31,1,11
BRDA:609,31,2,10
BRDA:609,31,3,10
BRDA:609,31,4,9
BRDA:609,31,5,2
BRDA:616,32,0,4
BRDA:616,32,1,9
BRDA:616,33,0,13
BRDA:616,33,1,5
BRDA:622,34,0,9
BRDA:622,34,1,9
BRDA:636,35,0,9
BRDA:636,35,1,8
BRDA:643,36,0,9
BRDA:643,36,1,0
BRF:78
BRH:60
end_of_record
TN:
SF:packages\Bible Visualization Utils\bibleVizUtils\application\services\PieceDataRegistry.tsx
FN:18,(anonymous_0)
FN:29,(anonymous_1)
FN:47,(anonymous_2)
FNF:3
FNH:3
FNDA:14,(anonymous_0)
FNDA:11,(anonymous_1)
FNDA:6,(anonymous_2)
DA:10,16
DA:23,14
DA:32,11
DA:33,2
DA:36,9
DA:38,9
DA:39,2
DA:44,7
DA:50,6
DA:52,6
DA:53,2
DA:56,4
LF:12
LH:12
BRDA:32,0,0,2
BRDA:32,0,1,9
BRDA:38,1,0,2
BRDA:38,1,1,7
BRDA:52,2,0,2
BRDA:52,2,1,4
BRF:6
BRH:6
end_of_record
TN:
SF:packages\Bible Visualization Utils\bibleVizUtils\application\services\PieceLabelService.tsx
FN:22,(anonymous_0)
FN:42,(anonymous_1)
FN:114,(anonymous_2)
FN:134,(anonymous_3)
FNF:4
FNH:4
FNDA:30,(anonymous_0)
FNDA:15,(anonymous_1)
FNDA:5,(anonymous_2)
FNDA:10,(anonymous_3)
DA:32,30
DA:33,30
DA:34,30
DA:35,30
DA:36,30
DA:37,30
DA:38,30
DA:39,30
DA:51,15
DA:54,15
DA:55,4
DA:59,4
DA:62,11
DA:64,11
DA:65,1
DA:68,10
DA:69,10
DA:70,10
DA:71,10
DA:72,10
DA:73,10
DA:74,10
DA:75,10
DA:82,10
DA:95,10
DA:105,10
DA:106,10
DA:107,10
DA:108,10
DA:119,5
DA:120,5
DA:122,4
DA:123,2
DA:125,2
DA:127,4
DA:138,10
DA:139,10
DA:140,2
DA:143,8
DA:144,8
DA:148,8
DA:149,8
DA:150,8
DA:151,1
DA:153,8
DA:154,8
DA:155,8
LF:47
LH:47
BRDA:45,0,0,13
BRDA:54,1,0,4
BRDA:54,1,1,11
BRDA:64,2,0,1
BRDA:64,2,1,10
BRDA:117,3,0,4
BRDA:120,4,0,1
BRDA:120,4,1,4
BRDA:122,5,0,2
BRDA:122,5,1,2
BRDA:136,6,0,9
BRDA:139,7,0,2
BRDA:139,7,1,8
BRDA:150,8,0,1
BRDA:150,8,1,7
BRF:15
BRH:15
end_of_record
TN:
SF:packages\Bible Visualization Utils\bibleVizUtils\application\services\ReadingHistoryService.tsx
FN:7,(anonymous_0)
FN:11,(anonymous_1)
FN:40,(anonymous_2)
FN:69,(anonymous_3)
FN:73,(anonymous_4)
FNF:5
FNH:5
FNDA:32,(anonymous_0)
FNDA:17,(anonymous_1)
FNDA:11,(anonymous_2)
FNDA:5,(anonymous_3)
FNDA:5,(anonymous_4)
DA:8,32
DA:11,32
DA:26,17
DA:28,17
DA:30,17
DA:32,7
DA:33,7
DA:34,7
DA:37,10
DA:40,32
DA:52,11
DA:54,11
DA:55,11
DA:56,11
DA:57,11
DA:59,11
DA:62,11
DA:64,11
DA:66,11
DA:69,32
DA:70,5
DA:73,32
DA:74,5
LF:23
LH:23
BRDA:21,0,0,11
BRDA:30,1,0,7
BRDA:30,1,1,10
BRDA:30,2,0,17
BRDA:30,2,1,8
BRDA:34,3,0,7
BRDA:34,3,1,1
BRDA:51,4,0,1
BRDA:64,5,0,11
BRDA:64,5,1,1
BRF:10
BRH:10
end_of_record
TN:
SF:packages\Bible Visualization Utils\bibleVizUtils\application\services\ScriptureService.tsx
FN:41,(anonymous_0)
FN:51,(anonymous_1)
FN:64,(anonymous_2)
FN:71,(anonymous_3)
FN:90,(anonymous_4)
FN:137,(anonymous_5)
FN:140,(anonymous_6)
FN:143,(anonymous_7)
FN:148,(anonymous_8)
FNF:9
FNH:9
FNDA:29,(anonymous_0)
FNDA:4,(anonymous_1)
FNDA:8,(anonymous_2)
FNDA:9,(anonymous_3)
FNDA:11,(anonymous_4)
FNDA:4,(anonymous_5)
FNDA:5,(anonymous_6)
FNDA:5,(anonymous_7)
FNDA:4,(anonymous_8)
DA:45,29
DA:46,29
DA:47,29
DA:58,4
DA:71,8
DA:72,9
DA:73,9
DA:74,9
DA:77,8
DA:78,2
DA:83,6
DA:90,29
DA:93,11
DA:97,9
DA:99,9
DA:101,9
DA:103,9
DA:104,1
DA:109,8
DA:111,8
DA:112,8
DA:113,8
DA:114,8
DA:117,8
DA:118,1
DA:122,7
DA:123,7
DA:124,11
DA:125,11
DA:126,8
DA:134,9
DA:137,29
DA:140,4
DA:141,5
DA:143,4
DA:144,5
DA:149,4
DA:150,4
DA:151,2
DA:154,2
LF:40
LH:40
BRDA:59,0,0,4
BRDA:59,0,1,2
BRDA:72,1,0,9
BRDA:72,1,1,1
BRDA:73,2,0,9
BRDA:73,2,1,1
BRDA:74,3,0,9
BRDA:74,3,1,9
BRDA:77,4,0,2
BRDA:77,4,1,6
BRDA:84,5,0,6
BRDA:84,5,1,1
BRDA:91,6,0,1
BRDA:93,7,0,9
BRDA:93,7,1,2
BRDA:94,8,0,11
BRDA:94,8,1,10
BRDA:103,9,0,1
BRDA:103,9,1,8
BRDA:117,10,0,1
BRDA:117,10,1,7
BRDA:125,11,0,8
BRDA:125,11,1,3
BRDA:141,12,0,5
BRDA:141,12,1,1
BRDA:150,13,0,2
BRDA:150,13,1,2
BRF:27
BRH:27
end_of_record
TN:
SF:packages\Bible Visualization Utils\bibleVizUtils\application\services\SessionService.tsx
FN:7,(anonymous_0)
FN:11,(anonymous_1)
FN:18,(anonymous_2)
FNF:3
FNH:3
FNDA:11,(anonymous_0)
FNDA:14,(anonymous_1)
FNDA:7,(anonymous_2)
DA:4,11
DA:8,11
DA:12,14
DA:14,8
DA:15,8
DA:19,7
LF:6
LH:6
BRDA:12,0,0,6
BRDA:12,0,1,8
BRDA:12,1,0,14
BRDA:12,1,1,10
BRF:4
BRH:4
end_of_record
TN:
SF:packages\Bible Visualization Utils\bibleVizUtils\application\services\UserColorSyncService.tsx
FN:20,(anonymous_0)
FN:30,(anonymous_1)
FN:40,(anonymous_2)
FN:57,(anonymous_3)
FNF:4
FNH:4
FNDA:27,(anonymous_0)
FNDA:27,(anonymous_1)
FNDA:10,(anonymous_2)
FNDA:8,(anonymous_3)
DA:25,27
DA:26,27
DA:27,27
DA:31,27
DA:32,27
DA:36,25
DA:38,25
DA:39,25
DA:40,25
DA:41,10
DA:42,8
DA:46,25
DA:47,25
DA:49,25
DA:50,18
DA:52,18
DA:53,18
DA:56,25
DA:57,8
DA:58,8
DA:59,6
DA:64,25
DA:65,24
DA:68,24
DA:69,6
DA:70,6
DA:71,5
DA:77,6
DA:81,18
DA:82,18
DA:86,18
DA:87,1
DA:92,17
DA:95,17
DA:100,17
DA:101,2
DA:102,2
DA:105,15
DA:110,13
DA:115,3
LF:40
LH:40
BRDA:39,0,0,25
BRDA:39,0,1,0
BRDA:41,1,0,8
BRDA:41,1,1,2
BRDA:41,2,0,10
BRDA:41,2,1,9
BRDA:52,3,0,8
BRDA:52,3,1,10
BRDA:56,4,0,8
BRDA:56,4,1,17
BRDA:58,5,0,6
BRDA:58,5,1,2
BRDA:68,6,0,6
BRDA:68,6,1,18
BRDA:68,7,0,24
BRDA:68,7,1,6
BRDA:70,8,0,5
BRDA:70,8,1,1
BRDA:81,9,0,18
BRDA:81,9,1,0
BRDA:83,10,0,18
BRDA:83,10,1,10
BRDA:83,10,2,0
BRDA:86,11,0,1
BRDA:86,11,1,17
BRDA:95,12,0,8
BRDA:95,12,1,9
BRDA:100,13,0,2
BRDA:100,13,1,15
BRDA:100,14,0,17
BRDA:100,14,1,8
BRDA:100,14,2,3
BRDA:105,15,0,13
BRDA:105,15,1,2
BRDA:106,16,0,15
BRDA:106,16,1,4
BRDA:106,16,2,3
BRDA:106,16,3,2
BRF:38
BRH:35
end_of_record
TN:
SF:packages\Bible Visualization Utils\bibleVizUtils\application\services\UserPresenceService.tsx
FN:21,(anonymous_0)
FN:30,(anonymous_1)
FN:55,(anonymous_2)
FN:59,(anonymous_3)
FN:63,(anonymous_4)
FNF:5
FNH:5
FNDA:21,(anonymous_0)
FNDA:26,(anonymous_1)
FNDA:14,(anonymous_2)
FNDA:7,(anonymous_3)
FNDA:4,(anonymous_4)
DA:17,21
DA:25,21
DA:26,21
DA:27,21
DA:31,26
DA:32,26
DA:34,26
DA:35,26
DA:36,10
DA:41,10
DA:44,26
DA:45,26
DA:46,6
DA:47,5
DA:51,26
DA:52,26
DA:56,14
DA:60,7
DA:64,4
LF:19
LH:19
BRDA:35,0,0,10
BRDA:35,0,1,16
BRDA:46,1,0,5
BRDA:46,1,1,1
BRF:4
BRH:4
end_of_record
TN:
SF:packages\Bible Visualization Utils\bibleVizUtils\domain\entities\InfoLabelData.tsx
FN:29,(anonymous_0)
FN:49,(anonymous_1)
FN:52,(anonymous_2)
FN:55,(anonymous_3)
FN:60,(anonymous_4)
FN:65,(anonymous_5)
FN:70,(anonymous_6)
FN:73,(anonymous_7)
FN:76,(anonymous_8)
FN:79,(anonymous_9)
FN:87,(anonymous_10)
FN:92,(anonymous_11)
FN:95,(anonymous_12)
FN:98,(anonymous_13)
FN:106,(anonymous_14)
FN:109,(anonymous_15)
FN:114,(anonymous_16)
FN:117,(anonymous_17)
FN:120,(anonymous_18)
FN:123,(anonymous_19)
FN:126,(anonymous_20)
FNF:21
FNH:21
FNDA:143,(anonymous_0)
FNDA:72,(anonymous_1)
FNDA:25,(anonymous_2)
FNDA:5,(anonymous_3)
FNDA:5,(anonymous_4)
FNDA:5,(anonymous_5)
FNDA:57,(anonymous_6)
FNDA:65,(anonymous_7)
FNDA:70,(anonymous_8)
FNDA:12,(anonymous_9)
FNDA:2,(anonymous_10)
FNDA:2,(anonymous_11)
FNDA:61,(anonymous_12)
FNDA:4,(anonymous_13)
FNDA:8,(anonymous_14)
FNDA:5,(anonymous_15)
FNDA:29,(anonymous_16)
FNDA:2,(anonymous_17)
FNDA:4,(anonymous_18)
FNDA:9,(anonymous_19)
FNDA:9,(anonymous_20)
DA:27,143
DA:39,143
DA:40,143
DA:41,143
DA:42,143
DA:43,143
DA:44,143
DA:45,143
DA:46,143
DA:50,72
DA:53,25
DA:58,5
DA:63,5
DA:68,5
DA:71,57
DA:74,65
DA:77,70
DA:80,12
DA:81,2
DA:82,2
DA:83,2
DA:85,10
DA:88,2
DA:89,1
DA:93,2
DA:96,61
DA:99,4
DA:100,2
DA:101,2
DA:102,2
DA:104,2
DA:107,8
DA:112,5
DA:115,29
DA:118,2
DA:121,4
DA:124,9
DA:127,9
LF:38
LH:38
BRDA:34,0,0,132
BRDA:80,1,0,2
BRDA:80,1,1,10
BRDA:88,2,0,1
BRDA:88,2,1,1
BRDA:99,3,0,2
BRDA:99,3,1,2
BRF:7
BRH:7
end_of_record
TN:
SF:packages\Bible Visualization Utils\bibleVizUtils\domain\entities\LayoutBibleData.tsx
FN:96,(anonymous_0)
FN:124,(anonymous_1)
FN:127,(anonymous_2)
FN:130,(anonymous_3)
FN:134,(anonymous_4)
FN:143,(anonymous_5)
FN:155,(anonymous_6)
FN:158,(anonymous_7)
FN:163,(anonymous_8)
FN:166,(anonymous_9)
FN:169,(anonymous_10)
FN:179,(anonymous_11)
FN:182,(anonymous_12)
FN:185,(anonymous_13)
FN:188,(anonymous_14)
FN:191,(anonymous_15)
FN:194,(anonymous_16)
FN:197,(anonymous_17)
FN:200,(anonymous_18)
FN:203,(anonymous_19)
FN:206,(anonymous_20)
FN:209,(anonymous_21)
FN:212,(anonymous_22)
FN:215,(anonymous_23)
FN:218,(anonymous_24)
FN:221,(anonymous_25)
FN:224,(anonymous_26)
FN:227,(anonymous_27)
FN:230,(anonymous_28)
FN:233,(anonymous_29)
FN:236,(anonymous_30)
FN:239,(anonymous_31)
FN:242,(anonymous_32)
FN:245,(anonymous_33)
FN:248,(anonymous_34)
FN:251,(anonymous_35)
FN:254,(anonymous_36)
FN:257,(anonymous_37)
FN:260,(anonymous_38)
FN:263,(anonymous_39)
FN:266,(anonymous_40)
FN:269,(anonymous_41)
FN:272,(anonymous_42)
FN:275,(anonymous_43)
FN:278,(anonymous_44)
FN:281,(anonymous_45)
FN:284,(anonymous_46)
FN:290,(anonymous_47)
FN:293,(anonymous_48)
FN:298,(anonymous_49)
FN:301,(anonymous_50)
FN:304,(anonymous_51)
FN:307,(anonymous_52)
FN:310,(anonymous_53)
FN:313,(anonymous_54)
FN:316,(anonymous_55)
FN:319,(anonymous_56)
FN:322,(anonymous_57)
FNF:58
FNH:58
FNDA:82,(anonymous_0)
FNDA:17,(anonymous_1)
FNDA:7,(anonymous_2)
FNDA:7,(anonymous_3)
FNDA:2,(anonymous_4)
FNDA:2,(anonymous_5)
FNDA:3,(anonymous_6)
FNDA:3,(anonymous_7)
FNDA:1,(anonymous_8)
FNDA:12,(anonymous_9)
FNDA:4,(anonymous_10)
FNDA:4,(anonymous_11)
FNDA:1,(anonymous_12)
FNDA:1,(anonymous_13)
FNDA:3,(anonymous_14)
FNDA:2,(anonymous_15)
FNDA:1,(anonymous_16)
FNDA:3,(anonymous_17)
FNDA:2,(anonymous_18)
FNDA:1,(anonymous_19)
FNDA:3,(anonymous_20)
FNDA:2,(anonymous_21)
FNDA:1,(anonymous_22)
FNDA:3,(anonymous_23)
FNDA:2,(anonymous_24)
FNDA:1,(anonymous_25)
FNDA:3,(anonymous_26)
FNDA:2,(anonymous_27)
FNDA:1,(anonymous_28)
FNDA:4,(anonymous_29)
FNDA:2,(anonymous_30)
FNDA:3,(anonymous_31)
FNDA:3,(anonymous_32)
FNDA:3,(anonymous_33)
FNDA:2,(anonymous_34)
FNDA:1,(anonymous_35)
FNDA:4,(anonymous_36)
FNDA:4,(anonymous_37)
FNDA:1,(anonymous_38)
FNDA:1,(anonymous_39)
FNDA:2,(anonymous_40)
FNDA:2,(anonymous_41)
FNDA:3,(anonymous_42)
FNDA:2,(anonymous_43)
FNDA:4,(anonymous_44)
FNDA:2,(anonymous_45)
FNDA:5,(anonymous_46)
FNDA:3,(anonymous_47)
FNDA:3,(anonymous_48)
FNDA:3,(anonymous_49)
FNDA:1,(anonymous_50)
FNDA:2,(anonymous_51)
FNDA:3,(anonymous_52)
FNDA:2,(anonymous_53)
FNDA:1,(anonymous_54)
FNDA:3,(anonymous_55)
FNDA:2,(anonymous_56)
FNDA:1,(anonymous_57)
DA:72,82
DA:73,82
DA:74,82
DA:75,82
DA:76,82
DA:77,82
DA:78,82
DA:80,82
DA:81,82
DA:110,82
DA:111,82
DA:112,82
DA:113,82
DA:114,82
DA:115,82
DA:116,82
DA:117,82
DA:118,82
DA:119,82
DA:120,82
DA:121,82
DA:125,17
DA:130,7
DA:131,7
DA:135,2
DA:137,2
DA:139,1
DA:141,1
DA:147,2
DA:149,2
DA:151,1
DA:153,1
DA:156,3
DA:159,3
DA:160,3
DA:161,3
DA:164,1
DA:167,12
DA:172,4
DA:173,4
DA:174,4
DA:175,4
DA:177,0
DA:180,4
DA:183,1
DA:186,1
DA:189,3
DA:192,2
DA:195,1
DA:198,3
DA:201,2
DA:204,1
DA:207,3
DA:210,2
DA:213,1
DA:216,3
DA:219,2
DA:222,1
DA:225,3
DA:228,2
DA:231,1
DA:234,4
DA:237,2
DA:240,3
DA:243,3
DA:246,3
DA:249,2
DA:252,1
DA:255,4
DA:258,4
DA:261,1
DA:264,1
DA:267,2
DA:270,2
DA:273,3
DA:276,2
DA:279,4
DA:282,2
DA:285,5
DA:286,5
DA:288,0
DA:291,3
DA:296,3
DA:299,3
DA:302,1
DA:305,2
DA:308,3
DA:311,2
DA:314,1
DA:317,3
DA:320,2
DA:323,1
LF:92
LH:90
BRDA:97,0,0,71
BRDA:100,1,0,80
BRDA:102,2,0,81
BRDA:103,3,0,81
BRDA:104,4,0,80
BRDA:106,5,0,80
BRDA:107,6,0,80
BRDA:108,7,0,82
BRDA:137,8,0,1
BRDA:137,8,1,1
BRDA:149,9,0,1
BRDA:149,9,1,1
BRDA:172,10,0,4
BRDA:172,10,1,0
BRDA:285,11,0,5
BRDA:285,11,1,0
BRF:16
BRH:14
end_of_record
TN:
SF:packages\Bible Visualization Utils\bibleVizUtils\domain\entities\LayoutBookData.tsx
FN:37,(anonymous_0)
FN:59,(anonymous_1)
FN:62,(anonymous_2)
FN:67,(anonymous_3)
FN:78,(anonymous_4)
FN:81,(anonymous_5)
FN:84,(anonymous_6)
FN:87,(anonymous_7)
FN:95,(anonymous_8)
FN:98,(anonymous_9)
FN:101,(anonymous_10)
FN:104,(anonymous_11)
FN:107,(anonymous_12)
FN:110,(anonymous_13)
FN:116,(anonymous_14)
FN:119,(anonymous_15)
FN:124,(anonymous_16)
FN:131,(anonymous_17)
FN:136,(anonymous_18)
FN:139,(anonymous_19)
FN:142,(anonymous_20)
FN:145,(anonymous_21)
FN:148,(anonymous_22)
FN:151,(anonymous_23)
FN:156,(anonymous_24)
FN:160,(anonymous_25)
FN:163,(anonymous_26)
FN:171,(anonymous_27)
FN:176,(anonymous_28)
FNF:29
FNH:29
FNDA:56,(anonymous_0)
FNDA:3,(anonymous_1)
FNDA:3,(anonymous_2)
FNDA:3,(anonymous_3)
FNDA:13,(anonymous_4)
FNDA:1,(anonymous_5)
FNDA:10,(anonymous_6)
FNDA:3,(anonymous_7)
FNDA:2,(anonymous_8)
FNDA:1,(anonymous_9)
FNDA:5,(anonymous_10)
FNDA:1,(anonymous_11)
FNDA:2,(anonymous_12)
FNDA:8,(anonymous_13)
FNDA:1,(anonymous_14)
FNDA:7,(anonymous_15)
FNDA:4,(anonymous_16)
FNDA:1,(anonymous_17)
FNDA:4,(anonymous_18)
FNDA:4,(anonymous_19)
FNDA:1,(anonymous_20)
FNDA:4,(anonymous_21)
FNDA:1,(anonymous_22)
FNDA:1,(anonymous_23)
FNDA:3,(anonymous_24)
FNDA:9,(anonymous_25)
FNDA:4,(anonymous_26)
FNDA:2,(anonymous_27)
FNDA:2,(anonymous_28)
DA:48,56
DA:49,56
DA:50,56
DA:51,56
DA:52,56
DA:53,56
DA:54,56
DA:55,56
DA:56,56
DA:60,3
DA:63,3
DA:64,3
DA:65,3
DA:71,3
DA:72,3
DA:73,1
DA:74,1
DA:76,2
DA:79,13
DA:82,1
DA:85,10
DA:89,3
DA:90,2
DA:91,2
DA:93,3
DA:96,2
DA:99,1
DA:102,5
DA:105,1
DA:108,2
DA:111,8
DA:112,8
DA:114,0
DA:117,1
DA:120,7
DA:121,7
DA:125,4
DA:126,4
DA:127,5
DA:130,4
DA:131,1
DA:132,1
DA:137,4
DA:140,4
DA:143,1
DA:146,4
DA:149,1
DA:152,1
DA:156,56
DA:157,3
DA:161,9
DA:164,4
DA:165,2
DA:166,2
DA:167,2
DA:169,2
DA:172,2
DA:173,1
DA:177,2
LF:59
LH:58
BRDA:38,0,0,0
BRDA:42,1,0,54
BRDA:45,2,0,54
BRDA:46,3,0,49
BRDA:72,4,0,1
BRDA:72,4,1,2
BRDA:89,5,0,2
BRDA:89,5,1,1
BRDA:111,6,0,8
BRDA:111,6,1,0
BRDA:120,7,0,7
BRDA:120,7,1,0
BRDA:124,8,0,1
BRDA:125,9,0,4
BRDA:125,9,1,0
BRDA:130,10,0,1
BRDA:130,10,1,3
BRDA:164,11,0,2
BRDA:164,11,1,2
BRDA:172,12,0,1
BRDA:172,12,1,1
BRF:21
BRH:17
end_of_record
TN:
SF:packages\Bible Visualization Utils\bibleVizUtils\domain\entities\LayoutChapterData.tsx
FN:87,(anonymous_0)
FN:116,(anonymous_1)
FN:130,(anonymous_2)
FN:133,(anonymous_3)
FN:134,(anonymous_4)
FN:138,(anonymous_5)
FN:143,(anonymous_6)
FN:146,(anonymous_7)
FN:149,(anonymous_8)
FN:152,(anonymous_9)
FN:155,(anonymous_10)
FN:158,(anonymous_11)
FN:161,(anonymous_12)
FN:164,(anonymous_13)
FN:167,(anonymous_14)
FN:170,(anonymous_15)
FN:173,(anonymous_16)
FN:180,(anonymous_17)
FN:183,(anonymous_18)
FN:186,(anonymous_19)
FN:189,(anonymous_20)
FN:192,(anonymous_21)
FN:195,(anonymous_22)
FN:198,(anonymous_23)
FN:201,(anonymous_24)
FN:206,(anonymous_25)
FN:209,(anonymous_26)
FN:214,(anonymous_27)
FN:224,(anonymous_28)
FN:230,(anonymous_29)
FN:234,(anonymous_30)
FN:237,(anonymous_31)
FN:245,(anonymous_32)
FN:250,(anonymous_33)
FN:254,(anonymous_34)
FN:258,(anonymous_35)
FN:264,(anonymous_36)
FN:272,(anonymous_37)
FN:281,(anonymous_38)
FNF:39
FNH:38
FNDA:99,(anonymous_0)
FNDA:12,(anonymous_1)
FNDA:5,(anonymous_2)
FNDA:5,(anonymous_3)
FNDA:3,(anonymous_4)
FNDA:6,(anonymous_5)
FNDA:2,(anonymous_6)
FNDA:0,(anonymous_7)
FNDA:1,(anonymous_8)
FNDA:3,(anonymous_9)
FNDA:2,(anonymous_10)
FNDA:8,(anonymous_11)
FNDA:1,(anonymous_12)
FNDA:5,(anonymous_13)
FNDA:1,(anonymous_14)
FNDA:13,(anonymous_15)
FNDA:11,(anonymous_16)
FNDA:9,(anonymous_17)
FNDA:13,(anonymous_18)
FNDA:2,(anonymous_19)
FNDA:4,(anonymous_20)
FNDA:1,(anonymous_21)
FNDA:1,(anonymous_22)
FNDA:20,(anonymous_23)
FNDA:14,(anonymous_24)
FNDA:2,(anonymous_25)
FNDA:6,(anonymous_26)
FNDA:3,(anonymous_27)
FNDA:2,(anonymous_28)
FNDA:1,(anonymous_29)
FNDA:8,(anonymous_30)
FNDA:2,(anonymous_31)
FNDA:2,(anonymous_32)
FNDA:1,(anonymous_33)
FNDA:4,(anonymous_34)
FNDA:2,(anonymous_35)
FNDA:2,(anonymous_36)
FNDA:19,(anonymous_37)
FNDA:9,(anonymous_38)
DA:31,3
DA:76,99
DA:84,99
DA:85,99
DA:101,99
DA:102,99
DA:103,99
DA:104,99
DA:105,99
DA:106,99
DA:107,99
DA:108,99
DA:109,99
DA:110,99
DA:111,99
DA:112,99
DA:113,99
DA:117,12
DA:119,12
DA:120,12
DA:121,3
DA:123,12
DA:124,12
DA:125,12
DA:126,12
DA:128,12
DA:131,5
DA:134,5
DA:135,3
DA:141,6
DA:144,2
DA:147,0
DA:150,1
DA:153,3
DA:156,2
DA:159,8
DA:162,1
DA:165,5
DA:168,1
DA:171,13
DA:174,11
DA:175,11
DA:176,11
DA:177,9
DA:178,9
DA:181,9
DA:184,13
DA:187,2
DA:190,4
DA:193,1
DA:196,1
DA:199,20
DA:202,14
DA:203,14
DA:204,14
DA:207,2
DA:210,6
DA:211,6
DA:215,3
DA:216,3
DA:217,4
DA:224,99
DA:225,2
DA:230,99
DA:231,1
DA:235,8
DA:238,2
DA:239,1
DA:240,1
DA:241,1
DA:243,1
DA:246,2
DA:247,1
DA:251,1
DA:255,4
DA:259,2
DA:260,1
DA:265,2
DA:266,2
DA:267,1
DA:268,1
DA:270,1
DA:273,19
DA:274,19
DA:275,19
DA:276,2
DA:278,17
DA:279,17
DA:282,9
LF:89
LH:88
BRDA:92,0,0,96
BRDA:95,1,0,99
BRDA:96,2,0,98
BRDA:98,3,0,94
BRDA:120,4,0,3
BRDA:120,4,1,9
BRDA:144,5,0,2
BRDA:144,5,1,0
BRDA:176,6,0,2
BRDA:176,6,1,9
BRDA:210,7,0,6
BRDA:210,7,1,0
BRDA:215,8,0,3
BRDA:215,8,1,0
BRDA:238,9,0,1
BRDA:238,9,1,1
BRDA:246,10,0,1
BRDA:246,10,1,1
BRDA:259,11,0,1
BRDA:259,11,1,1
BRDA:266,12,0,1
BRDA:266,12,1,1
BRDA:275,13,0,2
BRDA:275,13,1,17
BRF:24
BRH:21
end_of_record
TN:
SF:packages\Bible Visualization Utils\bibleVizUtils\domain\entities\StackBibleData.tsx
FN:50,(anonymous_0)
FN:67,(anonymous_1)
FN:73,(anonymous_2)
FN:76,(anonymous_3)
FN:86,(anonymous_4)
FN:93,(anonymous_5)
FN:98,(anonymous_6)
FN:101,(anonymous_7)
FN:104,(anonymous_8)
FN:107,(anonymous_9)
FN:110,(anonymous_10)
FN:113,(anonymous_11)
FN:116,(anonymous_12)
FN:119,(anonymous_13)
FN:122,(anonymous_14)
FN:125,(anonymous_15)
FN:128,(anonymous_16)
FN:129,(anonymous_17)
FN:133,(anonymous_18)
FN:134,(anonymous_19)
FN:138,(anonymous_20)
FN:154,(anonymous_21)
FN:155,(anonymous_22)
FN:159,(anonymous_23)
FN:160,(anonymous_24)
FN:164,(anonymous_25)
FN:165,(anonymous_26)
FN:171,(anonymous_27)
FN:172,(anonymous_28)
FN:175,(anonymous_29)
FNF:30
FNH:30
FNDA:68,(anonymous_0)
FNDA:8,(anonymous_1)
FNDA:2,(anonymous_2)
FNDA:5,(anonymous_3)
FNDA:4,(anonymous_4)
FNDA:2,(anonymous_5)
FNDA:1,(anonymous_6)
FNDA:2,(anonymous_7)
FNDA:1,(anonymous_8)
FNDA:2,(anonymous_9)
FNDA:1,(anonymous_10)
FNDA:3,(anonymous_11)
FNDA:3,(anonymous_12)
FNDA:3,(anonymous_13)
FNDA:3,(anonymous_14)
FNDA:1,(anonymous_15)
FNDA:4,(anonymous_16)
FNDA:3,(anonymous_17)
FNDA:4,(anonymous_18)
FNDA:3,(anonymous_19)
FNDA:7,(anonymous_20)
FNDA:4,(anonymous_21)
FNDA:4,(anonymous_22)
FNDA:3,(anonymous_23)
FNDA:4,(anonymous_24)
FNDA:4,(anonymous_25)
FNDA:4,(anonymous_26)
FNDA:4,(anonymous_27)
FNDA:4,(anonymous_28)
FNDA:9,(anonymous_29)
DA:46,68
DA:59,68
DA:60,68
DA:61,68
DA:62,68
DA:63,68
DA:64,68
DA:68,8
DA:69,5
DA:71,3
DA:74,2
DA:79,5
DA:80,3
DA:81,3
DA:82,3
DA:84,2
DA:89,4
DA:91,2
DA:96,2
DA:99,1
DA:102,2
DA:105,1
DA:108,2
DA:111,1
DA:114,3
DA:117,3
DA:120,3
DA:123,3
DA:126,1
DA:129,4
DA:130,3
DA:134,4
DA:135,3
DA:139,7
DA:141,7
DA:142,7
DA:143,3
DA:149,7
DA:152,7
DA:155,4
DA:156,4
DA:160,3
DA:161,4
DA:165,4
DA:166,4
DA:168,4
DA:172,4
DA:176,9
DA:177,9
DA:178,9
DA:180,9
DA:181,8
DA:182,6
DA:183,5
DA:184,4
DA:185,4
DA:186,2
DA:187,2
DA:191,2
DA:192,1
DA:196,9
LF:61
LH:61
BRDA:51,0,0,36
BRDA:68,1,0,5
BRDA:68,1,1,3
BRDA:79,2,0,3
BRDA:79,2,1,2
BRDA:89,3,0,2
BRDA:89,3,1,2
BRDA:142,4,0,3
BRDA:142,4,1,4
BRDA:142,5,0,7
BRDA:142,5,1,4
BRDA:181,6,0,6
BRDA:181,6,1,2
BRDA:183,7,0,1
BRDA:183,7,1,4
BRDA:185,8,0,2
BRDA:185,8,1,2
BRDA:185,9,0,4
BRDA:185,9,1,4
BRDA:187,10,0,1
BRDA:187,10,1,1
BRDA:191,11,0,1
BRDA:191,11,1,1
BRF:23
BRH:23
end_of_record
TN:
SF:packages\Bible Visualization Utils\bibleVizUtils\domain\entities\StackBookBaseData.tsx
FN:48,(anonymous_0)
FN:81,(anonymous_1)
FN:84,(anonymous_2)
FN:87,(anonymous_3)
FN:91,(anonymous_4)
FN:94,(anonymous_5)
FN:97,(anonymous_6)
FN:101,(anonymous_7)
FN:104,(anonymous_8)
FN:107,(anonymous_9)
FN:111,(anonymous_10)
FN:114,(anonymous_11)
FN:117,(anonymous_12)
FN:121,(anonymous_13)
FN:124,(anonymous_14)
FN:127,(anonymous_15)
FN:131,(anonymous_16)
FN:134,(anonymous_17)
FN:137,(anonymous_18)
FN:141,(anonymous_19)
FN:159,(anonymous_20)
FN:166,(anonymous_21)
FNF:22
FNH:22
FNDA:198,(anonymous_0)
FNDA:7,(anonymous_1)
FNDA:4,(anonymous_2)
FNDA:3,(anonymous_3)
FNDA:8,(anonymous_4)
FNDA:8,(anonymous_5)
FNDA:2,(anonymous_6)
FNDA:18,(anonymous_7)
FNDA:16,(anonymous_8)
FNDA:11,(anonymous_9)
FNDA:11,(anonymous_10)
FNDA:11,(anonymous_11)
FNDA:32,(anonymous_12)
FNDA:21,(anonymous_13)
FNDA:14,(anonymous_14)
FNDA:34,(anonymous_15)
FNDA:10,(anonymous_16)
FNDA:2,(anonymous_17)
FNDA:2,(anonymous_18)
FNDA:11,(anonymous_19)
FNDA:30,(anonymous_20)
FNDA:10,(anonymous_21)
DA:45,198
DA:46,198
DA:62,198
DA:74,198
DA:75,3
DA:77,198
DA:78,198
DA:82,7
DA:85,4
DA:88,3
DA:92,8
DA:95,8
DA:98,2
DA:102,18
DA:105,16
DA:108,11
DA:112,11
DA:115,11
DA:118,32
DA:122,21
DA:125,14
DA:128,34
DA:132,10
DA:135,2
DA:138,2
DA:145,11
DA:147,11
DA:148,6
DA:149,2
DA:151,6
DA:152,0
DA:156,11
DA:160,30
DA:161,30
DA:162,30
DA:163,30
DA:167,10
DA:168,10
LF:38
LH:37
BRDA:49,0,0,39
BRDA:53,1,0,198
BRDA:54,2,0,49
BRDA:56,3,0,50
BRDA:57,4,0,48
BRDA:58,5,0,47
BRDA:74,6,0,3
BRDA:74,6,1,195
BRDA:147,7,0,6
BRDA:147,7,1,5
BRDA:148,8,0,2
BRDA:148,8,1,4
BRDA:151,9,0,0
BRDA:151,9,1,6
BRDA:159,10,0,6
BRDA:168,11,0,10
BRDA:168,11,1,8
BRF:17
BRH:16
end_of_record
TN:
SF:packages\Bible Visualization Utils\bibleVizUtils\domain\entities\StackBookData.tsx
FN:39,(anonymous_0)
FN:70,(anonymous_1)
FN:73,(anonymous_2)
FN:76,(anonymous_3)
FN:80,(anonymous_4)
FN:83,(anonymous_5)
FN:86,(anonymous_6)
FN:89,(anonymous_7)
FN:92,(anonymous_8)
FN:95,(anonymous_9)
FN:98,(anonymous_10)
FN:102,(anonymous_11)
FN:108,(anonymous_12)
FN:112,(anonymous_13)
FN:116,(anonymous_14)
FNF:15
FNH:15
FNDA:109,(anonymous_0)
FNDA:4,(anonymous_1)
FNDA:1,(anonymous_2)
FNDA:1,(anonymous_3)
FNDA:1,(anonymous_4)
FNDA:1,(anonymous_5)
FNDA:1,(anonymous_6)
FNDA:1,(anonymous_7)
FNDA:1,(anonymous_8)
FNDA:1,(anonymous_9)
FNDA:1,(anonymous_10)
FNDA:8,(anonymous_11)
FNDA:10,(anonymous_12)
FNDA:4,(anonymous_13)
FNDA:4,(anonymous_14)
DA:53,109
DA:67,109
DA:71,4
DA:74,1
DA:77,1
DA:81,1
DA:84,1
DA:87,1
DA:90,1
DA:93,1
DA:96,1
DA:99,1
DA:103,8
DA:104,8
DA:105,8
DA:109,10
DA:116,4
DA:117,4
LF:18
LH:18
BRDA:40,0,0,95
BRDA:44,1,0,109
BRDA:45,2,0,108
BRDA:47,3,0,109
BRDA:48,4,0,107
BRDA:49,5,0,107
BRDA:50,6,0,93
BRDA:102,7,0,6
BRDA:109,8,0,10
BRDA:109,8,1,6
BRF:10
BRH:10
end_of_record
TN:
SF:packages\Bible Visualization Utils\bibleVizUtils\domain\entities\StackChapterData.tsx
FN:54,(anonymous_0)
FN:90,(anonymous_1)
FN:95,(anonymous_2)
FN:99,(anonymous_3)
FN:100,(anonymous_4)
FN:105,(anonymous_5)
FN:109,(anonymous_6)
FN:113,(anonymous_7)
FN:117,(anonymous_8)
FN:120,(anonymous_9)
FN:123,(anonymous_10)
FN:126,(anonymous_11)
FN:131,(anonymous_12)
FN:134,(anonymous_13)
FN:142,(anonymous_14)
FN:147,(anonymous_15)
FN:151,(anonymous_16)
FN:155,(anonymous_17)
FN:161,(anonymous_18)
FNF:19
FNH:18
FNDA:116,(anonymous_0)
FNDA:4,(anonymous_1)
FNDA:6,(anonymous_2)
FNDA:6,(anonymous_3)
FNDA:6,(anonymous_4)
FNDA:4,(anonymous_5)
FNDA:4,(anonymous_6)
FNDA:0,(anonymous_7)
FNDA:6,(anonymous_8)
FNDA:1,(anonymous_9)
FNDA:1,(anonymous_10)
FNDA:5,(anonymous_11)
FNDA:12,(anonymous_12)
FNDA:4,(anonymous_13)
FNDA:3,(anonymous_14)
FNDA:2,(anonymous_15)
FNDA:7,(anonymous_16)
FNDA:2,(anonymous_17)
FNDA:4,(anonymous_18)
DA:48,116
DA:69,116
DA:81,116
DA:82,116
DA:83,1
DA:85,116
DA:86,116
DA:87,116
DA:91,4
DA:92,4
DA:96,6
DA:100,6
DA:101,6
DA:106,4
DA:110,4
DA:114,0
DA:118,6
DA:121,1
DA:124,1
DA:127,5
DA:128,5
DA:132,12
DA:135,4
DA:136,2
DA:137,2
DA:138,2
DA:140,2
DA:143,3
DA:144,1
DA:148,2
DA:152,7
DA:156,2
DA:157,1
DA:162,4
DA:163,4
DA:164,2
DA:165,2
DA:167,2
LF:38
LH:37
BRDA:60,0,0,0
BRDA:61,1,0,112
BRDA:62,2,0,111
BRDA:64,3,0,114
BRDA:65,4,0,107
BRDA:82,5,0,1
BRDA:82,5,1,115
BRDA:135,6,0,2
BRDA:135,6,1,2
BRDA:143,7,0,1
BRDA:143,7,1,2
BRDA:156,8,0,1
BRDA:156,8,1,1
BRDA:163,9,0,2
BRDA:163,9,1,2
BRF:15
BRH:14
end_of_record
TN:
SF:packages\Bible Visualization Utils\bibleVizUtils\domain\entities\StackData.tsx
FN:7,(anonymous_0)
FN:18,(anonymous_1)
FN:21,(anonymous_2)
FN:26,(anonymous_3)
FN:35,(anonymous_4)
FN:38,(anonymous_5)
FN:41,(anonymous_6)
FN:51,(anonymous_7)
FN:55,(anonymous_8)
FN:59,(anonymous_9)
FNF:10
FNH:10
FNDA:714,(anonymous_0)
FNDA:5,(anonymous_1)
FNDA:4,(anonymous_2)
FNDA:16,(anonymous_3)
FNDA:62,(anonymous_4)
FNDA:9,(anonymous_5)
FNDA:12,(anonymous_6)
FNDA:238,(anonymous_7)
FNDA:26,(anonymous_8)
FNDA:1,(anonymous_9)
DA:14,714
DA:15,714
DA:19,5
DA:22,4
DA:23,4
DA:24,4
DA:27,16
DA:28,16
DA:29,8
DA:30,8
DA:32,8
DA:36,62
DA:38,62
DA:39,9
DA:41,9
DA:42,12
DA:43,8
DA:48,62
DA:52,238
DA:56,26
DA:60,1
LF:21
LH:21
BRDA:8,0,0,7
BRDA:28,1,0,8
BRDA:28,1,1,8
BRDA:39,2,0,3
BRDA:39,2,1,6
BRDA:42,3,0,8
BRDA:42,3,1,4
BRF:7
BRH:7
end_of_record
TN:
SF:packages\Bible Visualization Utils\bibleVizUtils\domain\entities\StackPieceData.tsx
FN:137,(anonymous_0)
FN:166,(anonymous_1)
FN:173,(anonymous_2)
FN:176,(anonymous_3)
FN:180,(anonymous_4)
FN:189,(anonymous_5)
FN:192,(anonymous_6)
FN:195,(anonymous_7)
FN:203,(anonymous_8)
FN:206,(anonymous_9)
FN:212,(anonymous_10)
FN:215,(anonymous_11)
FN:218,(anonymous_12)
FN:226,(anonymous_13)
FN:230,(anonymous_14)
FN:233,(anonymous_15)
FN:241,(anonymous_16)
FN:249,(anonymous_17)
FN:254,(anonymous_18)
FN:259,(anonymous_19)
FN:266,(anonymous_20)
FN:269,(anonymous_21)
FN:277,(anonymous_22)
FN:291,(anonymous_23)
FN:296,(anonymous_24)
FN:299,(anonymous_25)
FN:302,(anonymous_26)
FN:305,(anonymous_27)
FN:308,(anonymous_28)
FN:311,(anonymous_29)
FN:314,(anonymous_30)
FN:317,(anonymous_31)
FN:320,(anonymous_32)
FN:323,(anonymous_33)
FN:326,(anonymous_34)
FN:329,(anonymous_35)
FN:332,(anonymous_36)
FN:335,(anonymous_37)
FN:338,(anonymous_38)
FN:341,(anonymous_39)
FN:344,(anonymous_40)
FN:357,(anonymous_41)
FN:404,(anonymous_42)
FN:407,(anonymous_43)
FN:410,(anonymous_44)
FN:413,(anonymous_45)
FN:416,(anonymous_46)
FN:419,(anonymous_47)
FN:422,(anonymous_48)
FN:425,(anonymous_49)
FN:428,(anonymous_50)
FN:431,(anonymous_51)
FN:434,(anonymous_52)
FN:437,(anonymous_53)
FNF:54
FNH:54
FNDA:614,(anonymous_0)
FNDA:116,(anonymous_1)
FNDA:127,(anonymous_2)
FNDA:50,(anonymous_3)
FNDA:18,(anonymous_4)
FNDA:8,(anonymous_5)
FNDA:3,(anonymous_6)
FNDA:4,(anonymous_7)
FNDA:2,(anonymous_8)
FNDA:8,(anonymous_9)
FNDA:105,(anonymous_10)
FNDA:28,(anonymous_11)
FNDA:18,(anonymous_12)
FNDA:3,(anonymous_13)
FNDA:9,(anonymous_14)
FNDA:22,(anonymous_15)
FNDA:9,(anonymous_16)
FNDA:2,(anonymous_17)
FNDA:11,(anonymous_18)
FNDA:5,(anonymous_19)
FNDA:1,(anonymous_20)
FNDA:1,(anonymous_21)
FNDA:1,(anonymous_22)
FNDA:16,(anonymous_23)
FNDA:1,(anonymous_24)
FNDA:6,(anonymous_25)
FNDA:1,(anonymous_26)
FNDA:2,(anonymous_27)
FNDA:14,(anonymous_28)
FNDA:2,(anonymous_29)
FNDA:6,(anonymous_30)
FNDA:70,(anonymous_31)
FNDA:12,(anonymous_32)
FNDA:21,(anonymous_33)
FNDA:4,(anonymous_34)
FNDA:2,(anonymous_35)
FNDA:1,(anonymous_36)
FNDA:4,(anonymous_37)
FNDA:2,(anonymous_38)
FNDA:1,(anonymous_39)
FNDA:48,(anonymous_40)
FNDA:11,(anonymous_41)
FNDA:2,(anonymous_42)
FNDA:1,(anonymous_43)
FNDA:3,(anonymous_44)
FNDA:2,(anonymous_45)
FNDA:1,(anonymous_46)
FNDA:3,(anonymous_47)
FNDA:2,(anonymous_48)
FNDA:1,(anonymous_49)
FNDA:3,(anonymous_50)
FNDA:3,(anonymous_51)
FNDA:2,(anonymous_52)
FNDA:1,(anonymous_53)
DA:26,8
DA:128,614
DA:129,614
DA:130,614
DA:131,614
DA:132,614
DA:133,614
DA:134,614
DA:151,614
DA:152,614
DA:153,614
DA:154,614
DA:155,614
DA:156,614
DA:157,614
DA:158,614
DA:159,614
DA:160,614
DA:161,614
DA:162,614
DA:167,116
DA:168,116
DA:169,116
DA:170,115
DA:171,115
DA:174,127
DA:177,50
DA:181,18
DA:182,18
DA:183,18
DA:184,1
DA:186,17
DA:187,17
DA:190,8
DA:193,3
DA:196,4
DA:197,3
DA:198,2
DA:199,2
DA:201,1
DA:204,2
DA:207,8
DA:208,8
DA:209,8
DA:210,8
DA:213,105
DA:216,28
DA:219,18
DA:220,18
DA:221,17
DA:222,17
DA:224,18
DA:227,3
DA:230,614
DA:231,9
DA:234,22
DA:235,19
DA:237,3
DA:241,614
DA:243,9
DA:244,8
DA:246,9
DA:249,614
DA:250,2
DA:251,1
DA:255,11
DA:256,11
DA:260,5
DA:261,3
DA:262,10
DA:265,5
DA:266,3
DA:267,1
DA:269,1
DA:270,1
DA:271,1
DA:278,1
DA:292,16
DA:296,614
DA:297,1
DA:300,6
DA:303,1
DA:306,2
DA:309,14
DA:312,2
DA:315,6
DA:318,70
DA:321,12
DA:324,21
DA:327,4
DA:330,2
DA:333,1
DA:336,4
DA:339,2
DA:342,1
DA:345,48
DA:347,48
DA:348,11
DA:349,11
DA:350,11
DA:353,48
DA:355,48
DA:358,11
DA:405,2
DA:408,1
DA:411,3
DA:414,2
DA:417,1
DA:420,3
DA:423,2
DA:426,1
DA:429,3
DA:432,3
DA:435,2
DA:438,1
LF:115
LH:115
BRDA:138,0,0,209
BRDA:142,1,0,286
BRDA:143,2,0,96
BRDA:144,3,0,96
BRDA:145,4,0,96
BRDA:149,5,0,407
BRDA:169,6,0,1
BRDA:169,6,1,115
BRDA:183,7,0,1
BRDA:183,7,1,17
BRDA:196,8,0,1
BRDA:196,8,1,3
BRDA:197,9,0,2
BRDA:197,9,1,1
BRDA:220,10,0,17
BRDA:220,10,1,1
BRDA:234,11,0,19
BRDA:234,11,1,3
BRDA:243,12,0,8
BRDA:243,12,1,1
BRDA:250,13,0,1
BRDA:250,13,1,1
BRDA:255,14,0,11
BRDA:255,14,1,0
BRDA:259,15,0,1
BRDA:260,16,0,3
BRDA:260,16,1,2
BRDA:265,17,0,3
BRDA:265,17,1,2
BRDA:267,18,0,0
BRDA:267,18,1,1
BRDA:270,19,0,1
BRDA:270,19,1,0
BRDA:277,20,0,0
BRDA:344,21,0,6
BRDA:347,22,0,11
BRDA:347,22,1,37
BRDA:347,23,0,48
BRDA:347,23,1,20
BRDA:358,24,0,11
BRDA:358,24,1,6
BRF:41
BRH:37
end_of_record
TN:
SF:packages\Bible Visualization Utils\bibleVizUtils\domain\entities\StackSectionBookData.tsx
FN:37,(anonymous_0)
FN:68,(anonymous_1)
FN:74,(anonymous_2)
FN:78,(anonymous_3)
FN:81,(anonymous_4)
FN:84,(anonymous_5)
FN:88,(anonymous_6)
FNF:7
FNH:7
FNDA:39,(anonymous_0)
FNDA:4,(anonymous_1)
FNDA:4,(anonymous_2)
FNDA:1,(anonymous_3)
FNDA:1,(anonymous_4)
FNDA:1,(anonymous_5)
FNDA:12,(anonymous_6)
DA:51,39
DA:65,39
DA:69,4
DA:74,39
DA:75,4
DA:79,1
DA:82,1
DA:85,1
DA:89,12
DA:90,12
LF:10
LH:10
BRDA:38,0,0,38
BRDA:43,1,0,39
BRDA:44,2,0,38
BRDA:46,3,0,39
BRDA:47,4,0,38
BRDA:48,5,0,35
BRDA:88,6,0,7
BRF:7
BRH:7
end_of_record
TN:
SF:packages\Bible Visualization Utils\bibleVizUtils\domain\entities\StackSectionData.tsx
FN:42,(anonymous_0)
FN:75,(anonymous_1)
FN:78,(anonymous_2)
FN:81,(anonymous_3)
FN:84,(anonymous_4)
FN:87,(anonymous_5)
FN:90,(anonymous_6)
FN:93,(anonymous_7)
FN:96,(anonymous_8)
FN:99,(anonymous_9)
FN:102,(anonymous_10)
FN:110,(anonymous_11)
FN:120,(anonymous_12)
FN:123,(anonymous_13)
FN:126,(anonymous_14)
FN:129,(anonymous_15)
FN:140,(anonymous_16)
FN:150,(anonymous_17)
FN:155,(anonymous_18)
FN:158,(anonymous_19)
FN:159,(anonymous_20)
FN:163,(anonymous_21)
FN:166,(anonymous_22)
FN:169,(anonymous_23)
FN:174,(anonymous_24)
FN:178,(anonymous_25)
FN:182,(anonymous_26)
FN:183,(anonymous_27)
FN:185,(anonymous_28)
FN:188,(anonymous_29)
FN:191,(anonymous_30)
FNF:31
FNH:31
FNDA:114,(anonymous_0)
FNDA:10,(anonymous_1)
FNDA:41,(anonymous_2)
FNDA:22,(anonymous_3)
FNDA:13,(anonymous_4)
FNDA:4,(anonymous_5)
FNDA:1,(anonymous_6)
FNDA:2,(anonymous_7)
FNDA:4,(anonymous_8)
FNDA:3,(anonymous_9)
FNDA:8,(anonymous_10)
FNDA:5,(anonymous_11)
FNDA:1,(anonymous_12)
FNDA:1,(anonymous_13)
FNDA:1,(anonymous_14)
FNDA:6,(anonymous_15)
FNDA:16,(anonymous_16)
FNDA:10,(anonymous_17)
FNDA:7,(anonymous_18)
FNDA:5,(anonymous_19)
FNDA:5,(anonymous_20)
FNDA:5,(anonymous_21)
FNDA:7,(anonymous_22)
FNDA:5,(anonymous_23)
FNDA:4,(anonymous_24)
FNDA:4,(anonymous_25)
FNDA:4,(anonymous_26)
FNDA:6,(anonymous_27)
FNDA:5,(anonymous_28)
FNDA:6,(anonymous_29)
FNDA:3,(anonymous_30)
DA:55,114
DA:68,114
DA:69,9
DA:71,114
DA:72,114
DA:76,10
DA:79,41
DA:82,22
DA:85,13
DA:88,4
DA:91,1
DA:94,2
DA:97,4
DA:100,3
DA:104,8
DA:105,2
DA:106,2
DA:108,8
DA:111,5
DA:112,6
DA:113,6
DA:114,2
DA:115,2
DA:118,3
DA:121,1
DA:124,1
DA:127,1
DA:130,6
DA:131,6
DA:132,6
DA:133,6
DA:134,6
DA:135,1
DA:137,6
DA:138,6
DA:141,16
DA:145,11
DA:146,11
DA:148,5
DA:151,10
DA:156,7
DA:159,5
DA:160,5
DA:164,5
DA:167,7
DA:170,5
DA:172,5
DA:178,4
DA:179,4
DA:183,6
DA:186,5
DA:189,6
DA:191,3
LF:53
LH:53
BRDA:43,0,0,85
BRDA:48,1,0,105
BRDA:49,2,0,112
BRDA:50,3,0,114
BRDA:51,4,0,114
BRDA:52,5,0,113
BRDA:68,6,0,9
BRDA:68,6,1,105
BRDA:104,7,0,2
BRDA:104,7,1,6
BRDA:113,8,0,2
BRDA:113,8,1,4
BRDA:129,9,0,5
BRDA:134,10,0,1
BRDA:134,10,1,5
BRDA:141,11,0,11
BRDA:141,11,1,5
BRDA:142,12,0,16
BRDA:142,12,1,13
BRDA:152,13,0,10
BRDA:152,13,1,5
BRDA:189,14,0,6
BRDA:189,14,1,4
BRF:23
BRH:23
end_of_record
TN:
SF:packages\Bible Visualization Utils\bibleVizUtils\domain\entities\StackTestamentData.tsx
FN:37,(anonymous_0)
FN:68,(anonymous_1)
FN:71,(anonymous_2)
FN:72,(anonymous_3)
FN:76,(anonymous_4)
FN:80,(anonymous_5)
FN:83,(anonymous_6)
FN:86,(anonymous_7)
FN:96,(anonymous_8)
FN:97,(anonymous_9)
FN:104,(anonymous_10)
FN:107,(anonymous_11)
FN:109,(anonymous_12)
FN:112,(anonymous_13)
FN:132,(anonymous_14)
FN:133,(anonymous_15)
FN:137,(anonymous_16)
FN:139,(anonymous_17)
FNF:18
FNH:18
FNDA:90,(anonymous_0)
FNDA:19,(anonymous_1)
FNDA:10,(anonymous_2)
FNDA:9,(anonymous_3)
FNDA:5,(anonymous_4)
FNDA:1,(anonymous_5)
FNDA:1,(anonymous_6)
FNDA:5,(anonymous_7)
FNDA:9,(anonymous_8)
FNDA:8,(anonymous_9)
FNDA:10,(anonymous_10)
FNDA:16,(anonymous_11)
FNDA:13,(anonymous_12)
FNDA:13,(anonymous_13)
FNDA:6,(anonymous_14)
FNDA:7,(anonymous_15)
FNDA:12,(anonymous_16)
FNDA:6,(anonymous_17)
DA:49,90
DA:63,90
DA:64,21
DA:69,19
DA:72,10
DA:73,9
DA:77,5
DA:78,5
DA:81,1
DA:84,1
DA:90,5
DA:91,5
DA:92,1
DA:94,5
DA:97,9
DA:98,8
DA:99,7
DA:101,1
DA:105,10
DA:108,16
DA:109,13
DA:113,13
DA:115,13
DA:116,13
DA:117,8
DA:119,7
DA:120,2
DA:121,5
DA:122,4
DA:124,7
DA:125,6
DA:130,13
DA:133,6
DA:134,7
DA:138,12
DA:139,7
DA:140,6
DA:146,5
LF:38
LH:38
BRDA:38,0,0,43
BRDA:43,1,0,69
BRDA:44,2,0,90
BRDA:46,3,0,80
BRDA:63,4,0,21
BRDA:63,4,1,69
BRDA:73,5,0,9
BRDA:73,5,1,8
BRDA:87,6,0,2
BRDA:88,7,0,3
BRDA:91,8,0,1
BRDA:91,8,1,4
BRDA:98,9,0,7
BRDA:98,9,1,1
BRDA:105,10,0,10
BRDA:105,10,1,6
BRDA:117,11,0,7
BRDA:117,11,1,1
BRDA:119,12,0,2
BRDA:119,12,1,5
BRDA:121,13,0,4
BRDA:121,13,1,1
BRDA:124,14,0,6
BRDA:124,14,1,1
BRDA:134,15,0,6
BRDA:134,15,1,1
BRDA:138,16,0,7
BRDA:138,16,1,5
BRDA:140,17,0,2
BRDA:140,17,1,4
BRDA:140,18,0,6
BRDA:140,18,1,4
BRF:32
BRH:32
end_of_record
TN:
SF:packages\Bible Visualization Utils\bibleVizUtils\domain\entities\VerseData.tsx
FN:12,(anonymous_0)
FN:17,(anonymous_1)
FN:20,(anonymous_2)
FN:23,(anonymous_3)
FN:28,(anonymous_4)
FNF:5
FNH:5
FNDA:22,(anonymous_0)
FNDA:21,(anonymous_1)
FNDA:5,(anonymous_2)
FNDA:4,(anonymous_3)
FNDA:5,(anonymous_4)
DA:13,22
DA:14,22
DA:18,21
DA:21,5
DA:24,4
DA:25,4
DA:26,4
DA:29,5
LF:8
LH:8
BRF:0
BRH:0
end_of_record
TN:
SF:packages\Bible Visualization Utils\bibleVizUtils\domain\entities\VersesBunbleData.tsx
FN:17,(anonymous_0)
FN:18,(anonymous_1)
FN:23,(anonymous_2)
FN:26,(anonymous_3)
FN:27,(anonymous_4)
FN:29,(anonymous_5)
FN:32,(anonymous_6)
FN:37,(anonymous_7)
FN:40,(anonymous_8)
FN:47,(anonymous_9)
FN:52,(anonymous_10)
FN:57,(anonymous_11)
FN:60,(anonymous_12)
FN:63,(anonymous_13)
FN:66,(anonymous_14)
FN:69,(anonymous_15)
FN:72,(anonymous_16)
FNF:17
FNH:17
FNDA:26,(anonymous_0)
FNDA:8,(anonymous_1)
FNDA:1,(anonymous_2)
FNDA:12,(anonymous_3)
FNDA:10,(anonymous_4)
FNDA:5,(anonymous_5)
FNDA:4,(anonymous_6)
FNDA:2,(anonymous_7)
FNDA:2,(anonymous_8)
FNDA:4,(anonymous_9)
FNDA:3,(anonymous_10)
FNDA:2,(anonymous_11)
FNDA:2,(anonymous_12)
FNDA:4,(anonymous_13)
FNDA:4,(anonymous_14)
FNDA:2,(anonymous_15)
FNDA:2,(anonymous_16)
DA:14,26
DA:15,26
DA:18,26
DA:19,26
DA:20,26
DA:24,1
DA:27,12
DA:30,5
DA:33,4
DA:34,4
DA:35,4
DA:38,2
DA:41,2
DA:42,2
DA:43,1
DA:45,2
DA:48,4
DA:49,3
DA:53,3
DA:54,2
DA:58,2
DA:61,2
DA:64,4
DA:67,4
DA:70,2
DA:73,2
LF:26
LH:26
BRDA:17,0,0,20
BRDA:42,1,0,1
BRDA:42,1,1,1
BRDA:48,2,0,3
BRDA:48,2,1,1
BRDA:53,3,0,2
BRDA:53,3,1,1
BRF:7
BRH:7
end_of_record
TN:
SF:packages\Bible Visualization Utils\bibleVizUtils\domain\functions\array.tsx
FN:1,(anonymous_0)
FN:8,(anonymous_1)
FN:22,(anonymous_2)
FN:26,(anonymous_3)
FNF:4
FNH:4
FNDA:7,(anonymous_0)
FNDA:10,(anonymous_1)
FNDA:10,(anonymous_2)
FNDA:22,(anonymous_3)
DA:1,1
DA:4,7
DA:5,7
DA:8,1
DA:12,10
DA:13,3
DA:16,7
DA:17,7
DA:18,7
DA:19,7
DA:22,1
DA:26,10
DA:27,22
LF:13
LH:13
BRDA:12,0,0,3
BRDA:12,0,1,7
BRDA:12,1,0,10
BRDA:12,1,1,9
BRF:4
BRH:4
end_of_record
TN:
SF:packages\Bible Visualization Utils\bibleVizUtils\domain\functions\colors.tsx
FN:53,(anonymous_0)
FN:62,(anonymous_1)
FN:82,(anonymous_2)
FN:91,(anonymous_3)
FN:101,(anonymous_4)
FN:106,(anonymous_5)
FN:114,(anonymous_6)
FN:124,ColorParser
FN:160,(anonymous_8)
FN:172,(anonymous_9)
FN:173,(anonymous_10)
FN:188,(anonymous_11)
FN:200,(anonymous_12)
FN:240,(anonymous_13)
FN:248,(anonymous_14)
FN:255,(anonymous_15)
FN:258,(anonymous_16)
FN:268,(anonymous_17)
FN:298,(anonymous_18)
FN:327,(anonymous_19)
FN:335,(anonymous_20)
FNF:21
FNH:21
FNDA:12,(anonymous_0)
FNDA:55,(anonymous_1)
FNDA:53,(anonymous_2)
FNDA:17,(anonymous_3)
FNDA:5,(anonymous_4)
FNDA:6,(anonymous_5)
FNDA:6,(anonymous_6)
FNDA:8,ColorParser
FNDA:7,(anonymous_8)
FNDA:24,(anonymous_9)
FNDA:24,(anonymous_10)
FNDA:4,(anonymous_11)
FNDA:20,(anonymous_12)
FNDA:5,(anonymous_13)
FNDA:14,(anonymous_14)
FNDA:4,(anonymous_15)
FNDA:7,(anonymous_16)
FNDA:6,(anonymous_17)
FNDA:4,(anonymous_18)
FNDA:3,(anonymous_19)
FNDA:10,(anonymous_20)
DA:53,3
DA:54,12
DA:59,12
DA:62,3
DA:63,55
DA:64,55
DA:66,55
DA:67,2
DA:70,55
DA:71,2
DA:72,2
DA:75,53
DA:76,53
DA:77,53
DA:79,53
DA:82,3
DA:83,53
DA:91,3
DA:92,17
DA:93,13
DA:94,13
DA:95,10
DA:96,10
DA:97,5
DA:98,2
DA:101,3
DA:102,5
DA:103,5
DA:106,3
DA:107,6
DA:108,6
DA:109,4
DA:111,2
DA:114,3
DA:115,6
DA:116,6
DA:117,5
DA:128,8
DA:130,8
DA:133,7
DA:134,3
DA:135,4
DA:136,1
DA:139,3
DA:142,3
DA:145,7
DA:147,2
DA:149,2
DA:151,2
DA:153,1
DA:160,3
DA:163,7
DA:167,7
DA:168,7
DA:170,7
DA:171,8
DA:172,24
DA:173,8
DA:174,24
DA:177,8
DA:179,8
DA:180,8
DA:183,7
DA:185,7
DA:188,3
DA:189,4
DA:190,4
DA:195,4
DA:197,4
DA:200,3
DA:205,20
DA:206,20
DA:218,20
DA:221,20
DA:224,20
DA:228,20
DA:229,30
DA:234,30
DA:235,30
DA:237,20
DA:240,3
DA:245,5
DA:246,5
DA:247,5
DA:249,14
DA:252,5
DA:255,3
DA:256,4
DA:257,4
DA:259,7
DA:260,7
DA:261,7
DA:265,4
DA:268,3
DA:274,6
DA:276,6
DA:277,1
DA:280,6
DA:281,6
DA:283,6
DA:289,6
DA:295,6
DA:298,3
DA:299,4
DA:317,4
DA:318,4
DA:319,24
DA:322,24
DA:324,4
DA:327,3
DA:331,3
DA:332,3
DA:333,3
DA:334,3
DA:336,10
DA:339,3
LF:116
LH:116
BRDA:62,0,0,0
BRDA:64,1,0,53
BRDA:64,1,1,2
BRDA:66,2,0,2
BRDA:66,2,1,53
BRDA:70,3,0,2
BRDA:70,3,1,53
BRDA:82,4,0,0
BRDA:92,5,0,4
BRDA:92,5,1,13
BRDA:94,6,0,3
BRDA:94,6,1,10
BRDA:95,7,0,6
BRDA:95,7,1,4
BRDA:96,8,0,5
BRDA:96,8,1,5
BRDA:97,9,0,3
BRDA:97,9,1,2
BRDA:102,10,0,4
BRDA:102,10,1,1
BRDA:107,11,0,4
BRDA:107,11,1,2
BRDA:108,12,0,4
BRDA:108,12,1,2
BRDA:108,13,0,6
BRDA:108,13,1,4
BRDA:108,13,2,4
BRDA:116,14,0,1
BRDA:116,14,1,5
BRDA:130,15,0,1
BRDA:130,15,1,7
BRDA:130,16,0,8
BRDA:130,16,1,8
BRDA:133,17,0,3
BRDA:133,17,1,4
BRDA:135,18,0,1
BRDA:135,18,1,3
BRDA:139,19,0,1
BRDA:139,19,1,2
BRDA:145,20,0,2
BRDA:145,20,1,2
BRDA:145,20,2,2
BRDA:145,20,3,1
BRDA:163,21,0,2
BRDA:163,21,1,5
BRDA:170,22,0,0
BRDA:174,23,0,6
BRDA:174,23,1,18
BRDA:185,24,0,5
BRDA:185,24,1,2
BRDA:188,25,0,2
BRDA:242,26,0,4
BRDA:243,27,0,5
BRDA:249,28,0,5
BRDA:249,28,1,9
BRDA:258,29,0,0
BRDA:276,30,0,1
BRDA:276,30,1,5
BRDA:329,31,0,3
BRDA:336,32,0,3
BRDA:336,32,1,7
BRF:61
BRH:57
end_of_record
TN:
SF:packages\Bible Visualization Utils\bibleVizUtils\domain\functions\math.tsx
FN:16,(anonymous_0)
FN:20,(anonymous_1)
FN:24,(anonymous_2)
FN:46,(anonymous_3)
FNF:4
FNH:3
FNDA:14,(anonymous_0)
FNDA:11,(anonymous_1)
FNDA:15,(anonymous_2)
FNDA:0,(anonymous_3)
DA:16,5
DA:17,14
DA:20,5
DA:21,11
DA:24,5
DA:25,15
DA:26,2
DA:27,2
DA:30,13
DA:31,13
DA:33,13
DA:34,25
DA:35,25
DA:37,25
DA:38,10
DA:39,10
DA:43,13
DA:46,5
DA:51,0
DA:52,0
DA:53,0
DA:54,0
DA:55,0
DA:60,0
DA:62,0
DA:64,0
DA:65,0
DA:70,0
LF:28
LH:18
BRDA:16,0,0,6
BRDA:21,1,0,11
BRDA:21,1,1,10
BRDA:25,2,0,2
BRDA:25,2,1,13
BRDA:37,3,0,10
BRDA:37,3,1,15
BRDA:60,4,0,0
BRDA:60,4,1,0
BRF:9
BRH:7
end_of_record
TN:
SF:packages\Bible Visualization Utils\bibleVizUtils\domain\functions\scripture.tsx
FN:3,FindPreviousValidGroupBookData
FNF:1
FNH:1
FNDA:11,FindPreviousValidGroupBookData
DA:6,11
DA:7,11
DA:8,110
DA:9,110
DA:10,5
DA:13,6
LF:6
LH:6
BRDA:9,0,0,5
BRDA:9,0,1,105
BRDA:9,1,0,110
BRDA:9,1,1,6
BRF:4
BRH:4
end_of_record
TN:
SF:packages\Bible Visualization Utils\bibleVizUtils\domain\functions\string.tsx
FN:3,(anonymous_0)
FN:9,(anonymous_1)
FN:14,(anonymous_2)
FN:18,(anonymous_3)
FNF:4
FNH:2
FNDA:12,(anonymous_0)
FNDA:14,(anonymous_1)
FNDA:0,(anonymous_2)
FNDA:0,(anonymous_3)
DA:3,2
DA:7,12
DA:9,14
DA:14,2
DA:15,0
DA:18,2
DA:21,0
DA:27,0
LF:8
LH:5
BRDA:9,0,0,14
BRDA:9,0,1,2
BRF:2
BRH:2
end_of_record
TN:
SF:packages\Bible Visualization Utils\bibleVizUtils\domain\functions\time.tsx
FN:18,(anonymous_0)
FN:33,(anonymous_1)
FNF:2
FNH:2
FNDA:8,(anonymous_0)
FNDA:24,(anonymous_1)
DA:18,1
DA:19,8
DA:21,8
DA:22,8
DA:24,8
DA:25,8
DA:27,8
DA:33,1
DA:34,24
DA:36,24
DA:45,24
DA:46,24
DA:47,24
DA:48,24
DA:49,24
DA:51,24
LF:16
LH:16
BRDA:33,0,0,22
BRF:1
BRH:1
end_of_record
TN:
SF:packages\Bible Visualization Utils\bibleVizUtils\domain\models\canvas.tsx
FNF:0
FNH:0
DA:21,8
DA:47,8
DA:100,8
DA:148,8
DA:163,8
DA:170,8
DA:177,8
DA:183,8
DA:213,8
DA:222,8
DA:228,8
DA:241,8
LF:12
LH:12
BRF:0
BRH:0
end_of_record
TN:
SF:packages\Bible Visualization Utils\bibleVizUtils\domain\models\highlight.tsx
FNF:0
FNH:0
DA:10,12
DA:18,12
LF:2
LH:2
BRF:0
BRH:0
end_of_record
TN:
SF:packages\Bible Visualization Utils\bibleVizUtils\domain\models\label.tsx
FNF:0
FNH:0
DA:1,10
DA:9,10
DA:16,10
DA:25,10
LF:4
LH:4
BRF:0
BRH:0
end_of_record
TN:
SF:packages\Bible Visualization Utils\bibleVizUtils\domain\models\selection.tsx
FNF:0
FNH:0
DA:1,11
DA:11,11
DA:27,11
DA:41,11
LF:4
LH:4
BRF:0
BRH:0
end_of_record
TN:
SF:packages\Bible Visualization Utils\bibleVizUtils\infrastructure\adapters\arrangement\ArrangementAdapter.tsx
FN:8,(anonymous_0)
FN:12,(anonymous_1)
FN:21,(anonymous_2)
FN:24,(anonymous_3)
FNF:4
FNH:4
FNDA:18,(anonymous_0)
FNDA:19,(anonymous_1)
FNDA:21,(anonymous_2)
FNDA:26,(anonymous_3)
DA:9,18
DA:13,19
DA:14,1
DA:18,18
DA:22,21
DA:25,26
LF:6
LH:6
BRDA:13,0,0,1
BRDA:13,0,1,18
BRF:2
BRH:2
end_of_record
TN:
SF:packages\Bible Visualization Utils\bibleVizUtils\infrastructure\adapters\arrangement\CustomArrangementStore.tsx
FN:20,(anonymous_0)
FN:34,(anonymous_1)
FN:42,(anonymous_2)
FN:50,(anonymous_3)
FN:51,(anonymous_4)
FN:56,(anonymous_5)
FNF:6
FNH:6
FNDA:32,(anonymous_0)
FNDA:10,(anonymous_1)
FNDA:10,(anonymous_2)
FNDA:9,(anonymous_3)
FNDA:10,(anonymous_4)
FNDA:19,(anonymous_5)
DA:24,32
DA:25,32
DA:26,23
DA:27,31
DA:30,32
DA:31,32
DA:35,10
DA:36,8
DA:37,8
DA:39,2
DA:43,10
DA:44,8
DA:45,8
DA:47,2
DA:50,32
DA:51,9
DA:52,10
DA:56,32
DA:57,19
LF:19
LH:19
BRDA:25,0,0,23
BRDA:25,0,1,9
BRDA:35,1,0,8
BRDA:35,1,1,2
BRDA:43,2,0,8
BRDA:43,2,1,2
BRF:6
BRH:6
end_of_record
TN:
SF:packages\Bible Visualization Utils\bibleVizUtils\infrastructure\adapters\casualos\ObjectPooler.tsx
FN:23,(anonymous_0)
FN:28,(anonymous_1)
FN:37,(anonymous_2)
FN:58,(anonymous_3)
FN:78,(anonymous_4)
FN:79,(anonymous_5)
FN:81,(anonymous_6)
FN:87,(anonymous_7)
FN:109,(anonymous_8)
FN:127,(anonymous_9)
FNF:10
FNH:10
FNDA:36,(anonymous_0)
FNDA:36,(anonymous_1)
FNDA:47,(anonymous_2)
FNDA:35,(anonymous_3)
FNDA:6,(anonymous_4)
FNDA:11,(anonymous_5)
FNDA:17,(anonymous_6)
FNDA:15,(anonymous_7)
FNDA:4,(anonymous_8)
FNDA:6,(anonymous_9)
DA:27,36
DA:29,36
DA:32,36
DA:33,36
DA:37,36
DA:38,47
DA:40,36
DA:47,49
DA:51,49
DA:52,49
DA:54,3
DA:56,49
DA:59,35
DA:61,35
DA:62,2
DA:68,33
DA:69,31
DA:71,2
DA:74,33
DA:75,33
DA:76,33
DA:79,11
DA:82,17
DA:84,17
DA:86,17
DA:87,15
DA:90,17
DA:91,15
DA:92,15
DA:93,15
DA:94,15
DA:95,1
DA:96,1
DA:98,1
DA:102,15
DA:103,15
DA:104,15
DA:105,15
DA:106,15
DA:110,4
DA:111,5
DA:115,6
DA:117,6
DA:118,1
DA:121,6
DA:122,9
DA:125,6
DA:128,6
DA:129,6
DA:130,6
LF:50
LH:50
BRDA:61,0,0,2
BRDA:61,0,1,33
BRDA:68,1,0,31
BRDA:68,1,1,2
BRDA:90,2,0,15
BRDA:90,2,1,2
BRDA:94,3,0,1
BRDA:94,3,1,14
BRDA:117,4,0,1
BRDA:117,4,1,5
BRF:10
BRH:10
end_of_record
TN:
SF:packages\Bible Visualization Utils\bibleVizUtils\infrastructure\adapters\casualos\renderOrderAdapter.tsx
FN:25,(anonymous_0)
FN:33,(anonymous_1)
FN:35,(anonymous_2)
FN:40,(anonymous_3)
FNF:4
FNH:4
FNDA:14,(anonymous_0)
FNDA:14,(anonymous_1)
FNDA:24,(anonymous_2)
FNDA:10,(anonymous_3)
DA:29,14
DA:30,14
DA:34,14
DA:35,14
DA:36,24
DA:37,24
DA:40,14
DA:42,10
DA:48,10
DA:53,10
DA:54,5
DA:55,5
DA:56,1
DA:58,4
DA:59,4
DA:60,4
DA:61,0
DA:62,4
DA:63,1
DA:65,3
DA:70,14
DA:71,14
DA:72,22
DA:73,22
LF:24
LH:23
BRDA:37,0,0,22
BRDA:37,0,1,2
BRDA:42,1,0,10
BRDA:42,1,1,10
BRDA:42,1,2,4
BRDA:48,2,0,10
BRDA:48,2,1,9
BRDA:48,2,2,5
BRDA:53,3,0,5
BRDA:53,3,1,5
BRDA:55,4,0,1
BRDA:55,4,1,4
BRDA:60,5,0,0
BRDA:60,5,1,4
BRDA:62,6,0,1
BRDA:62,6,1,3
BRF:16
BRH:15
end_of_record
TN:
SF:packages\Bible Visualization Utils\bibleVizUtils\infrastructure\adapters\labels\LabelAdapter.tsx
FN:70,(anonymous_0)
FN:87,(anonymous_1)
FN:297,(anonymous_2)
FNF:3
FNH:3
FNDA:27,(anonymous_0)
FNDA:16,(anonymous_1)
FNDA:11,(anonymous_2)
DA:76,27
DA:77,27
DA:78,27
DA:79,27
DA:82,27
DA:87,27
DA:99,16
DA:100,16
DA:101,16
DA:102,1
DA:104,15
DA:111,15
DA:112,15
DA:113,15
DA:117,15
DA:120,15
DA:121,15
DA:124,15
DA:125,15
DA:126,15
DA:129,15
DA:132,15
DA:136,15
DA:137,15
DA:138,15
DA:139,15
DA:144,15
DA:147,15
DA:154,15
DA:162,15
DA:163,15
DA:171,15
DA:172,2
DA:173,2
DA:174,2
DA:175,2
DA:187,2
DA:199,2
DA:223,2
DA:227,15
DA:240,15
DA:259,15
DA:274,15
DA:275,15
DA:276,15
DA:278,15
DA:283,15
DA:284,15
DA:285,2
DA:287,15
DA:289,15
DA:297,27
DA:298,11
DA:301,11
DA:302,11
DA:303,11
DA:304,3
DA:308,8
DA:312,8
DA:313,8
DA:314,8
DA:315,3
DA:316,3
DA:317,1
DA:321,2
LF:65
LH:65
BRDA:94,0,0,15
BRDA:101,1,0,1
BRDA:101,1,1,15
BRDA:117,2,0,0
BRDA:117,2,1,15
BRDA:121,3,0,0
BRDA:121,3,1,15
BRDA:171,4,0,2
BRDA:171,4,1,13
BRDA:173,5,0,2
BRDA:173,5,1,0
BRDA:177,6,0,0
BRDA:177,6,1,2
BRDA:209,7,0,0
BRDA:209,7,1,2
BRDA:284,8,0,2
BRDA:284,8,1,13
BRDA:293,9,0,2
BRDA:293,9,1,13
BRDA:303,10,0,3
BRDA:303,10,1,8
BRDA:303,11,0,11
BRDA:303,11,1,10
BRDA:303,11,2,9
BRDA:314,12,0,3
BRDA:314,12,1,5
BRDA:316,13,0,1
BRDA:316,13,1,2
BRF:28
BRH:23
end_of_record
TN:
SF:packages\Bible Visualization Utils\bibleVizUtils\infrastructure\adapters\labels\LabelDataStore.tsx
FN:11,(anonymous_0)
FN:15,(anonymous_1)
FN:19,(anonymous_2)
FN:23,(anonymous_3)
FN:35,(anonymous_4)
FN:45,(anonymous_5)
FN:55,(anonymous_6)
FN:65,(anonymous_7)
FNF:8
FNH:8
FNDA:30,(anonymous_0)
FNDA:6,(anonymous_1)
FNDA:4,(anonymous_2)
FNDA:4,(anonymous_3)
FNDA:4,(anonymous_4)
FNDA:4,(anonymous_5)
FNDA:4,(anonymous_6)
FNDA:15,(anonymous_7)
DA:12,30
DA:16,6
DA:20,4
DA:26,4
DA:27,3
DA:28,1
DA:32,3
DA:36,4
DA:37,3
DA:38,1
DA:42,3
DA:46,4
DA:47,3
DA:48,1
DA:52,3
DA:56,4
DA:57,3
DA:58,2
DA:62,2
DA:66,15
LF:20
LH:20
BRDA:11,0,0,11
BRDA:27,1,0,1
BRDA:27,1,1,2
BRDA:37,2,0,1
BRDA:37,2,1,2
BRDA:47,3,0,1
BRDA:47,3,1,2
BRDA:57,4,0,2
BRDA:57,4,1,1
BRF:9
BRH:9
end_of_record
TN:
SF:packages\Bible Visualization Utils\bibleVizUtils\infrastructure\adapters\labels\LabelFeedbackAdapter.tsx
FN:67,(anonymous_0)
FN:96,(anonymous_1)
FN:132,(anonymous_2)
FN:144,(anonymous_3)
FN:155,(anonymous_4)
FN:171,(anonymous_5)
FN:176,(anonymous_6)
FN:227,(anonymous_7)
FN:230,(anonymous_8)
FN:239,(anonymous_9)
FN:263,(anonymous_10)
FN:290,(anonymous_11)
FN:302,(anonymous_12)
FN:351,(anonymous_13)
FN:433,(anonymous_14)
FN:467,(anonymous_15)
FN:485,(anonymous_16)
FNF:17
FNH:17
FNDA:52,(anonymous_0)
FNDA:52,(anonymous_1)
FNDA:48,(anonymous_2)
FNDA:26,(anonymous_3)
FNDA:13,(anonymous_4)
FNDA:1,(anonymous_5)
FNDA:40,(anonymous_6)
FNDA:1,(anonymous_7)
FNDA:9,(anonymous_8)
FNDA:11,(anonymous_9)
FNDA:1,(anonymous_10)
FNDA:7,(anonymous_11)
FNDA:9,(anonymous_12)
FNDA:4,(anonymous_13)
FNDA:2,(anonymous_14)
FNDA:2,(anonymous_15)
FNDA:3,(anonymous_16)
DA:67,1
DA:82,52
DA:96,1
DA:111,52
DA:126,48
DA:138,48
DA:139,48
DA:140,48
DA:141,48
DA:145,26
DA:146,1
DA:149,26
DA:153,26
DA:155,26
DA:156,13
DA:159,26
DA:163,13
DA:164,13
DA:165,13
DA:167,13
DA:172,1
DA:176,13
DA:177,40
DA:178,12
DA:181,28
DA:183,28
DA:184,2
DA:189,26
DA:190,26
DA:191,26
DA:193,26
DA:201,26
DA:209,26
DA:217,26
DA:227,13
DA:231,9
DA:233,9
DA:234,7
DA:235,7
DA:247,11
DA:248,11
DA:251,11
DA:253,7
DA:254,7
DA:264,1
DA:291,7
DA:298,0
DA:310,9
DA:311,9
DA:313,9
DA:315,6
DA:316,6
DA:347,0
DA:361,4
DA:363,4
DA:366,4
DA:368,4
DA:370,3
DA:371,3
DA:402,0
DA:413,24
DA:416,24
DA:417,3
DA:421,21
DA:422,21
DA:423,2
DA:427,19
DA:428,19
DA:429,2
DA:433,17
DA:435,2
DA:436,2
DA:437,1
DA:441,1
DA:443,16
DA:444,16
DA:445,2
DA:448,16
DA:458,24
DA:459,24
DA:460,24
DA:461,22
DA:463,24
DA:464,24
DA:465,22
DA:467,24
DA:468,2
DA:470,24
DA:471,2
DA:472,1
DA:475,24
DA:476,2
DA:477,2
DA:478,2
DA:481,24
DA:482,24
DA:486,3
DA:487,3
DA:489,3
LF:99
LH:96
BRDA:145,0,0,1
BRDA:145,0,1,25
BRDA:170,1,0,1
BRDA:170,1,1,12
BRDA:177,2,0,12
BRDA:177,2,1,28
BRDA:183,3,0,2
BRDA:183,3,1,26
BRDA:233,4,0,7
BRDA:233,4,1,2
BRDA:255,5,0,7
BRDA:255,5,1,6
BRDA:263,6,0,7
BRDA:263,6,1,0
BRDA:282,7,0,7
BRDA:282,7,1,6
BRDA:318,8,0,6
BRDA:318,8,1,5
BRDA:337,9,0,6
BRDA:337,9,1,5
BRDA:373,10,0,3
BRDA:373,10,1,3
BRDA:392,11,0,3
BRDA:392,11,1,3
BRDA:416,12,0,3
BRDA:416,12,1,21
BRDA:422,13,0,2
BRDA:422,13,1,19
BRDA:428,14,0,2
BRDA:428,14,1,17
BRDA:436,15,0,1
BRDA:436,15,1,1
BRDA:444,16,0,2
BRDA:444,16,1,14
BRDA:460,17,0,22
BRDA:460,17,1,2
BRDA:464,18,0,22
BRDA:464,18,1,2
BRDA:471,19,0,1
BRDA:471,19,1,1
BRDA:475,20,0,2
BRDA:475,20,1,22
BRDA:477,21,0,2
BRDA:477,21,1,0
BRF:44
BRH:42
end_of_record
TN:
SF:packages\Bible Visualization Utils\bibleVizUtils\infrastructure\adapters\labels\LabelsRepository.tsx
FN:4,(anonymous_0)
FNF:1
FNH:1
FNDA:9,(anonymous_0)
DA:5,9
LF:1
LH:1
BRF:0
BRH:0
end_of_record
TN:
SF:packages\Bible Visualization Utils\bibleVizUtils\infrastructure\adapters\pieceActivity\ActivityIndicatorBotsRepository.tsx
FN:12,(anonymous_0)
FN:17,(anonymous_1)
FN:26,(anonymous_2)
FNF:3
FNH:3
FNDA:60,(anonymous_0)
FNDA:10,(anonymous_1)
FNDA:10,(anonymous_2)
DA:12,1
DA:13,60
DA:20,10
DA:29,10
LF:4
LH:4
BRF:0
BRH:0
end_of_record
TN:
SF:packages\Bible Visualization Utils\bibleVizUtils\infrastructure\adapters\pieceActivity\ActivityIndicatorsAdapter.tsx
FN:57,(anonymous_0)
FN:106,(anonymous_1)
FN:107,(anonymous_2)
FN:178,(anonymous_3)
FN:196,(anonymous_4)
FN:254,(anonymous_5)
FN:269,(anonymous_6)
FN:403,(anonymous_7)
FN:407,(anonymous_8)
FN:414,(anonymous_9)
FN:424,(anonymous_10)
FN:430,(anonymous_11)
FN:473,(anonymous_12)
FN:477,(anonymous_13)
FN:482,(anonymous_14)
FN:487,(anonymous_15)
FNF:16
FNH:16
FNDA:7,(anonymous_0)
FNDA:3,(anonymous_1)
FNDA:6,(anonymous_2)
FNDA:2,(anonymous_3)
FNDA:25,(anonymous_4)
FNDA:61,(anonymous_5)
FNDA:29,(anonymous_6)
FNDA:27,(anonymous_7)
FNDA:2,(anonymous_8)
FNDA:4,(anonymous_9)
FNDA:3,(anonymous_10)
FNDA:21,(anonymous_11)
FNDA:4,(anonymous_12)
FNDA:3,(anonymous_13)
FNDA:3,(anonymous_14)
FNDA:1,(anonymous_15)
DA:57,1
DA:63,7
DA:64,7
DA:65,7
DA:66,1
DA:70,6
DA:71,6
DA:72,1
DA:76,5
DA:77,5
DA:78,1
DA:82,4
DA:83,1
DA:87,3
DA:88,3
DA:103,3
DA:106,1
DA:107,3
DA:113,6
DA:114,6
DA:116,6
DA:117,1
DA:122,5
DA:123,5
DA:125,5
DA:128,1
DA:129,1
DA:131,1
DA:133,4
DA:134,4
DA:138,5
DA:151,3
DA:154,1
DA:178,1
DA:179,2
DA:180,2
DA:183,2
DA:186,2
DA:188,2
DA:196,1
DA:197,25
DA:198,25
DA:201,25
DA:204,25
DA:206,25
DA:214,1
DA:262,61
DA:263,61
DA:264,61
DA:265,61
DA:266,61
DA:267,61
DA:269,61
DA:273,29
DA:275,29
DA:276,29
DA:277,29
DA:278,29
DA:279,2
DA:281,27
DA:284,29
DA:285,1
DA:290,28
DA:292,28
DA:294,28
DA:295,1
DA:301,27
DA:303,27
DA:304,29
DA:312,29
DA:313,3
DA:316,26
DA:321,29
DA:322,2
DA:327,27
DA:338,27
DA:341,22
DA:342,22
DA:343,22
DA:347,22
DA:361,22
DA:364,3
DA:365,3
DA:367,3
DA:381,3
DA:384,2
DA:397,2
DA:400,27
DA:401,27
DA:403,25
DA:404,27
DA:407,61
DA:410,2
DA:411,2
DA:414,61
DA:418,4
DA:419,4
DA:420,3
DA:424,61
DA:425,3
DA:426,3
DA:427,3
DA:435,21
DA:436,21
DA:437,17
DA:438,1
DA:442,16
DA:445,16
DA:446,2
DA:450,14
DA:452,14
DA:453,1
DA:457,13
DA:459,13
DA:467,8
DA:468,8
DA:469,8
DA:470,8
DA:476,4
DA:477,4
DA:478,3
DA:480,4
DA:486,3
DA:487,3
DA:488,1
DA:490,3
LF:126
LH:126
BRDA:65,0,0,1
BRDA:65,0,1,6
BRDA:71,1,0,1
BRDA:71,1,1,5
BRDA:77,2,0,1
BRDA:77,2,1,4
BRDA:82,3,0,1
BRDA:82,3,1,3
BRDA:100,4,0,1
BRDA:100,4,1,2
BRDA:101,5,0,1
BRDA:101,5,1,2
BRDA:116,6,0,1
BRDA:116,6,1,5
BRDA:125,7,0,1
BRDA:125,7,1,4
BRDA:273,8,0,2
BRDA:273,8,1,27
BRDA:278,9,0,2
BRDA:278,9,1,27
BRDA:284,10,0,1
BRDA:284,10,1,28
BRDA:294,11,0,1
BRDA:294,11,1,27
BRDA:312,12,0,3
BRDA:312,12,1,26
BRDA:321,13,0,2
BRDA:321,13,1,27
BRDA:329,14,0,2
BRDA:329,14,1,25
BRDA:338,15,0,22
BRDA:338,15,1,3
BRDA:338,15,2,2
BRDA:342,16,0,2
BRDA:342,16,1,20
BRDA:343,17,0,2
BRDA:343,17,1,20
BRDA:348,18,0,22
BRDA:348,18,1,0
BRDA:419,19,0,3
BRDA:419,19,1,1
BRDA:436,20,0,17
BRDA:436,20,1,4
BRDA:437,21,0,1
BRDA:437,21,1,16
BRDA:445,22,0,2
BRDA:445,22,1,14
BRDA:452,23,0,1
BRDA:452,23,1,13
BRF:49
BRH:48
end_of_record
TN:
SF:packages\Bible Visualization Utils\bibleVizUtils\infrastructure\adapters\pieceActivity\ActivityNotificationAdapter.tsx
FN:32,(anonymous_0)
FN:37,(anonymous_1)
FN:50,(anonymous_2)
FN:105,(anonymous_3)
FN:180,(anonymous_4)
FNF:5
FNH:5
FNDA:41,(anonymous_0)
FNDA:3,(anonymous_1)
FNDA:18,(anonymous_2)
FNDA:13,(anonymous_3)
FNDA:8,(anonymous_4)
DA:33,41
DA:34,41
DA:39,3
DA:40,3
DA:41,1
DA:45,2
DA:60,18
DA:63,18
DA:64,3
DA:67,15
DA:72,18
DA:73,2
DA:78,16
DA:79,1
DA:84,15
DA:85,15
DA:86,15
DA:88,15
DA:102,15
DA:103,15
DA:106,13
DA:107,1
DA:111,12
DA:114,12
DA:115,1
DA:119,11
DA:120,1
DA:124,10
DA:125,1
DA:129,9
DA:130,1
DA:134,8
DA:135,8
DA:137,8
DA:138,1
DA:143,7
DA:146,7
DA:147,7
DA:148,7
DA:149,7
DA:154,7
DA:164,7
DA:169,7
DA:174,7
DA:181,8
DA:182,1
DA:186,7
DA:187,7
DA:189,7
DA:190,4
DA:194,4
DA:195,1
DA:200,3
DA:204,3
DA:206,3
DA:207,1
DA:212,2
DA:213,1
DA:214,1
LF:59
LH:59
BRDA:40,0,0,1
BRDA:40,0,1,2
BRDA:58,1,0,18
BRDA:59,2,0,18
BRDA:63,3,0,3
BRDA:63,3,1,15
BRDA:72,4,0,2
BRDA:72,4,1,16
BRDA:78,5,0,1
BRDA:78,5,1,15
BRDA:84,6,0,1
BRDA:84,6,1,14
BRDA:85,7,0,1
BRDA:85,7,1,14
BRDA:106,8,0,1
BRDA:106,8,1,12
BRDA:114,9,0,1
BRDA:114,9,1,11
BRDA:119,10,0,1
BRDA:119,10,1,10
BRDA:124,11,0,1
BRDA:124,11,1,9
BRDA:129,12,0,1
BRDA:129,12,1,8
BRDA:137,13,0,1
BRDA:137,13,1,7
BRDA:143,14,0,1
BRDA:143,14,1,6
BRDA:149,15,0,1
BRDA:149,15,1,6
BRDA:181,16,0,1
BRDA:181,16,1,7
BRDA:187,17,0,7
BRDA:187,17,1,5
BRDA:189,18,0,3
BRDA:189,18,1,4
BRDA:194,19,0,1
BRDA:194,19,1,3
BRDA:206,20,0,1
BRDA:206,20,1,2
BRDA:212,21,0,1
BRDA:212,21,1,1
BRDA:212,22,0,2
BRDA:212,22,1,1
BRF:44
BRH:44
end_of_record
TN:
SF:packages\Bible Visualization Utils\bibleVizUtils\infrastructure\adapters\session\SessionProvider.tsx
FN:21,(anonymous_0)
FN:27,(anonymous_1)
FN:57,(anonymous_2)
FN:61,(anonymous_3)
FN:62,(anonymous_4)
FN:74,(anonymous_5)
FN:78,(anonymous_6)
FN:82,(anonymous_7)
FN:84,(anonymous_8)
FNF:9
FNH:7
FNDA:30,(anonymous_0)
FNDA:24,(anonymous_1)
FNDA:0,(anonymous_2)
FNDA:4,(anonymous_3)
FNDA:7,(anonymous_4)
FNDA:17,(anonymous_5)
FNDA:0,(anonymous_6)
FNDA:5,(anonymous_7)
FNDA:7,(anonymous_8)
DA:22,30
DA:23,30
DA:24,30
DA:28,24
DA:38,24
DA:39,15
DA:40,14
DA:41,14
DA:42,13
DA:43,14
DA:44,12
DA:54,24
DA:58,0
DA:62,4
DA:63,7
DA:75,17
DA:79,0
DA:83,5
DA:85,7
DA:91,17
DA:92,80
DA:93,17
DA:97,17
DA:98,17
DA:100,17
DA:102,17
DA:103,17
DA:107,0
DA:108,0
DA:109,0
DA:110,0
LF:31
LH:25
BRDA:33,0,0,24
BRDA:33,0,1,3
BRDA:34,1,0,24
BRDA:34,1,1,23
BRDA:39,2,0,14
BRDA:39,2,1,1
BRDA:41,3,0,13
BRDA:41,3,1,1
BRDA:43,4,0,12
BRDA:43,4,1,2
BRDA:46,5,0,12
BRDA:46,5,1,1
BRDA:47,6,0,12
BRDA:47,6,1,12
BRDA:84,7,0,5
BRDA:84,7,1,2
BRDA:103,8,0,17
BRDA:103,8,1,1
BRDA:107,9,0,0
BRDA:107,9,1,0
BRDA:107,10,0,0
BRDA:107,10,1,0
BRF:22
BRH:18
end_of_record
TN:
SF:packages\Bible Visualization Utils\bibleVizUtils\infrastructure\adapters\user\UserDatabase.tsx
FN:5,(anonymous_0)
FNF:1
FNH:1
FNDA:5,(anonymous_0)
DA:6,5
LF:1
LH:1
BRF:0
BRH:0
end_of_record
TN:
SF:packages\Bible Visualization Utils\bibleVizUtils\infrastructure\adapters\userPresence\SeedBiblePresenceProvider.tsx
FN:13,(anonymous_0)
FN:17,(anonymous_1)
FN:21,(anonymous_2)
FN:25,(anonymous_3)
FN:45,(anonymous_4)
FN:46,(anonymous_5)
FNF:6
FNH:6
FNDA:21,(anonymous_0)
FNDA:2,(anonymous_1)
FNDA:9,(anonymous_2)
FNDA:7,(anonymous_3)
FNDA:10,(anonymous_4)
FNDA:11,(anonymous_5)
DA:14,21
DA:18,2
DA:22,9
DA:26,7
DA:28,7
DA:29,1
DA:32,6
DA:42,6
DA:46,10
DA:47,11
DA:52,10
DA:53,10
DA:54,11
DA:55,10
DA:56,10
DA:57,10
DA:65,10
LF:17
LH:17
BRDA:28,0,0,1
BRDA:28,0,1,6
BRDA:34,1,0,6
BRDA:34,1,1,1
BRDA:36,2,0,6
BRDA:36,2,1,1
BRDA:54,3,0,10
BRDA:54,3,1,1
BRF:8
BRH:8
end_of_record
TN:
SF:packages\Bible Visualization Utils\bibleVizUtils\infrastructure\adapters\userPresence\UserColorStore.tsx
FN:15,(anonymous_0)
FN:20,(anonymous_1)
FN:25,(anonymous_2)
FN:34,(anonymous_3)
FN:46,(anonymous_4)
FN:59,(anonymous_5)
FN:67,(anonymous_6)
FN:68,(anonymous_7)
FNF:8
FNH:8
FNDA:33,(anonymous_0)
FNDA:68,(anonymous_1)
FNDA:34,(anonymous_2)
FNDA:39,(anonymous_3)
FNDA:10,(anonymous_4)
FNDA:7,(anonymous_5)
FNDA:11,(anonymous_6)
FNDA:10,(anonymous_7)
DA:16,33
DA:17,33
DA:21,68
DA:23,68
DA:25,67
DA:26,34
DA:27,34
DA:29,34
DA:31,67
DA:35,39
DA:36,39
DA:37,39
DA:38,8
DA:39,8
DA:40,8
DA:41,31
DA:43,39
DA:47,10
DA:48,10
DA:49,7
DA:50,7
DA:51,7
DA:52,7
DA:53,7
DA:56,3
DA:60,7
DA:61,7
DA:62,5
DA:64,2
DA:68,11
DA:69,10
LF:31
LH:31
BRDA:23,0,0,1
BRDA:23,0,1,67
BRDA:23,1,0,68
BRDA:23,1,1,10
BRDA:26,2,0,34
BRDA:26,2,1,30
BRDA:27,3,0,34
BRDA:27,3,1,26
BRDA:29,4,0,34
BRDA:29,4,1,11
BRDA:37,5,0,8
BRDA:37,5,1,31
BRDA:38,6,0,1
BRDA:38,6,1,7
BRDA:38,7,0,8
BRDA:38,7,1,1
BRDA:39,8,0,1
BRDA:39,8,1,7
BRDA:39,9,0,8
BRDA:39,9,1,1
BRDA:48,10,0,7
BRDA:48,10,1,3
BRDA:50,11,0,7
BRDA:50,11,1,0
BRDA:61,12,0,5
BRDA:61,12,1,2
BRF:26
BRH:25
end_of_record
TN:
SF:packages\Bible Visualization Utils\bibleVizUtils\infrastructure\config\activityIndicators\ActivityIndicatorsConfigProvider.tsx
FN:7,(anonymous_0)
FNF:1
FNH:1
FNDA:44,(anonymous_0)
DA:10,44
LF:1
LH:1
BRF:0
BRH:0
end_of_record
TN:
SF:packages\Bible Visualization Utils\bibleVizUtils\infrastructure\config\activityIndicators\visuals.tsx
FNF:0
FNH:0
DA:1,1
LF:1
LH:1
BRF:0
BRH:0
end_of_record
TN:
SF:packages\Bible Visualization Utils\bibleVizUtils\infrastructure\config\arrangements\ArrangementsConfigProvider.tsx
FN:16,(anonymous_0)
FN:21,(anonymous_1)
FN:22,(anonymous_2)
FN:27,(anonymous_3)
FN:37,(anonymous_4)
FNF:5
FNH:5
FNDA:23,(anonymous_0)
FNDA:7,(anonymous_1)
FNDA:35,(anonymous_2)
FNDA:5,(anonymous_3)
FNDA:33,(anonymous_4)
DA:17,23
DA:21,23
DA:22,7
DA:23,35
DA:27,23
DA:28,5
DA:40,33
LF:7
LH:7
BRF:0
BRH:0
end_of_record
TN:
SF:packages\Bible Visualization Utils\bibleVizUtils\infrastructure\config\arrangements\sectionNames.tsx
FNF:0
FNH:0
DA:1,1
LF:1
LH:1
BRF:0
BRH:0
end_of_record
TN:
SF:packages\Bible Visualization Utils\bibleVizUtils\infrastructure\config\arrangements\staticArrangements.tsx
FNF:0
FNH:0
DA:3,1
LF:1
LH:1
BRF:0
BRH:0
end_of_record
TN:
SF:packages\Bible Visualization Utils\bibleVizUtils\infrastructure\config\labels\LabelFeedbackConfigProvider.tsx
FN:36,(anonymous_0)
FN:42,(anonymous_1)
FN:48,(anonymous_2)
FN:52,(anonymous_3)
FN:56,(anonymous_4)
FN:60,(anonymous_5)
FN:64,(anonymous_6)
FNF:7
FNH:7
FNDA:10,(anonymous_0)
FNDA:4,(anonymous_1)
FNDA:3,(anonymous_2)
FNDA:3,(anonymous_3)
FNDA:4,(anonymous_4)
FNDA:12,(anonymous_5)
FNDA:6,(anonymous_6)
DA:19,1
DA:20,1
DA:21,1
DA:23,1
DA:30,1
DA:39,10
DA:45,4
DA:49,3
DA:53,3
DA:57,4
DA:61,12
DA:65,6
LF:12
LH:12
BRF:0
BRH:0
end_of_record
TN:
SF:packages\Bible Visualization Utils\bibleVizUtils\infrastructure\config\labels\LabelsConfigProvider.tsx
FN:27,(anonymous_0)
FN:30,(anonymous_1)
FN:34,(anonymous_2)
FN:40,(anonymous_3)
FN:46,(anonymous_4)
FN:52,(anonymous_5)
FN:58,(anonymous_6)
FNF:7
FNH:7
FNDA:9,(anonymous_0)
FNDA:20,(anonymous_1)
FNDA:16,(anonymous_2)
FNDA:6,(anonymous_3)
FNDA:15,(anonymous_4)
FNDA:8,(anonymous_5)
FNDA:6,(anonymous_6)
DA:28,9
DA:31,20
DA:37,16
DA:41,6
DA:49,15
DA:55,8
DA:61,6
LF:7
LH:7
BRF:0
BRH:0
end_of_record
TN:
SF:packages\Bible Visualization Utils\bibleVizUtils\infrastructure\config\labels\date.tsx
FNF:0
FNH:0
DA:1,1
LF:1
LH:1
BRF:0
BRH:0
end_of_record
TN:
SF:packages\Bible Visualization Utils\bibleVizUtils\infrastructure\config\labels\fonts.tsx
FNF:0
FNH:0
DA:1,1
LF:1
LH:1
BRF:0
BRH:0
end_of_record
TN:
SF:packages\Bible Visualization Utils\bibleVizUtils\infrastructure\config\labels\formAddresses.tsx
FNF:0
FNH:0
DA:1,1
LF:1
LH:1
BRF:0
BRH:0
end_of_record
TN:
SF:packages\Bible Visualization Utils\bibleVizUtils\infrastructure\config\labels\showAnimation.tsx
FNF:0
FNH:0
DA:6,2
DA:14,2
LF:2
LH:2
BRF:0
BRH:0
end_of_record
TN:
SF:packages\Bible Visualization Utils\bibleVizUtils\infrastructure\config\meshes\MeshesConfigProvider.tsx
FN:7,(anonymous_0)
FNF:1
FNH:1
FNDA:8,(anonymous_0)
DA:8,8
LF:1
LH:1
BRF:0
BRH:0
end_of_record
TN:
SF:packages\Bible Visualization Utils\bibleVizUtils\infrastructure\config\meshes\urls.tsx
FNF:0
FNH:0
DA:1,1
LF:1
LH:1
BRF:0
BRH:0
end_of_record
TN:
SF:packages\Bible Visualization Utils\bibleVizUtils\infrastructure\config\readingHistory\ReadingHistoryConfigProvider.tsx
FN:4,(anonymous_0)
FNF:1
FNH:1
FNDA:6,(anonymous_0)
DA:1,1
DA:5,6
LF:2
LH:2
BRF:0
BRH:0
end_of_record
TN:
SF:packages\Bible Visualization Utils\bibleVizUtils\infrastructure\config\scriptureMap3D\ScriptureMap3DConfigProvider.tsx
FN:7,(anonymous_0)
FN:13,(anonymous_1)
FNF:2
FNH:2
FNDA:71,(anonymous_0)
FNDA:67,(anonymous_1)
DA:8,71
DA:13,29
DA:14,67
DA:15,67
LF:4
LH:4
BRF:0
BRH:0
end_of_record
TN:
SF:packages\Bible Visualization Utils\bibleVizUtils\infrastructure\config\scriptureMap3D\measurements.tsx
FNF:0
FNH:0
DA:1,1
DA:2,1
DA:3,1
DA:4,1
DA:7,1
DA:11,1
LF:6
LH:6
BRF:0
BRH:0
end_of_record
TN:
SF:packages\Bible Visualization Utils\bibleVizUtils\infrastructure\config\stacks\StackConfigProvider.tsx
FN:12,(anonymous_0)
FN:18,(anonymous_1)
FN:22,(anonymous_2)
FN:28,(anonymous_3)
FN:32,(anonymous_4)
FN:38,(anonymous_5)
FNF:6
FNH:6
FNDA:65,(anonymous_0)
FNDA:61,(anonymous_1)
FNDA:64,(anonymous_2)
FNDA:60,(anonymous_3)
FNDA:22,(anonymous_4)
FNDA:18,(anonymous_5)
DA:13,65
DA:18,56
DA:19,61
DA:23,64
DA:28,56
DA:29,60
DA:33,22
DA:38,56
DA:39,18
LF:9
LH:9
BRF:0
BRH:0
end_of_record
TN:
SF:packages\Bible Visualization Utils\bibleVizUtils\infrastructure\config\stacks\animations.tsx
FNF:0
FNH:0
DA:1,1
LF:1
LH:1
BRF:0
BRH:0
end_of_record
TN:
SF:packages\Bible Visualization Utils\bibleVizUtils\infrastructure\config\stacks\measurements.tsx
FNF:0
FNH:0
DA:1,1
LF:1
LH:1
BRF:0
BRH:0
end_of_record
TN:
SF:packages\Bible Visualization Utils\bibleVizUtils\infrastructure\config\stacks\spacings.tsx
FNF:0
FNH:0
DA:1,1
LF:1
LH:1
BRF:0
BRH:0
end_of_record
TN:
SF:packages\Bible Visualization Utils\bibleVizUtils\infrastructure\controllers\arrangement\ArrangementController.tsx
FN:5,(anonymous_0)
FN:9,(anonymous_1)
FNF:2
FNH:2
FNDA:5,(anonymous_0)
FNDA:6,(anonymous_1)
DA:6,5
DA:10,6
LF:2
LH:2
BRF:0
BRH:0
end_of_record
TN:
SF:packages\Bible Visualization Utils\bibleVizUtils\infrastructure\controllers\label\LabelInteractionController.tsx
FN:22,(anonymous_0)
FN:30,(anonymous_1)
FN:35,(anonymous_2)
FNF:3
FNH:3
FNDA:12,(anonymous_0)
FNDA:6,(anonymous_1)
FNDA:6,(anonymous_2)
DA:26,12
DA:27,12
DA:31,6
DA:32,6
DA:36,6
DA:37,6
LF:6
LH:6
BRF:0
BRH:0
end_of_record
TN:
SF:packages\Bible Visualization Utils\bibleVizUtils\infrastructure\controllers\session\SessionController.tsx
FN:6,(anonymous_0)
FN:10,(anonymous_1)
FN:13,(anonymous_2)
FN:20,(anonymous_3)
FNF:4
FNH:4
FNDA:13,(anonymous_0)
FNDA:9,(anonymous_1)
FNDA:10,(anonymous_2)
FNDA:5,(anonymous_3)
DA:7,13
DA:11,9
DA:13,10
DA:15,8
DA:16,5
DA:21,5
LF:6
LH:6
BRDA:11,0,0,1
BRDA:11,0,1,8
BRDA:15,1,0,5
BRDA:15,1,1,3
BRF:4
BRH:4
end_of_record
TN:
SF:packages\Bible Visualization Utils\bibleVizUtils\infrastructure\controllers\session\UserColorController.tsx
FN:7,(anonymous_0)
FN:9,(anonymous_1)
FN:14,(anonymous_2)
FN:18,(anonymous_3)
FN:22,(anonymous_4)
FN:26,(anonymous_5)
FN:30,(anonymous_6)
FN:34,(anonymous_7)
FNF:8
FNH:8
FNDA:10,(anonymous_0)
FNDA:1,(anonymous_1)
FNDA:2,(anonymous_2)
FNDA:2,(anonymous_3)
FNDA:2,(anonymous_4)
FNDA:2,(anonymous_5)
FNDA:2,(anonymous_6)
FNDA:14,(anonymous_7)
DA:8,10
DA:9,1
DA:15,2
DA:19,2
DA:23,2
DA:27,2
DA:31,2
DA:35,14
LF:8
LH:8
BRF:0
BRH:0
end_of_record
TN:
SF:packages\Bible Visualization Utils\bibleVizUtils\infrastructure\controllers\userPresence\UserPresenceController.tsx
FN:5,(anonymous_0)
FN:9,(anonymous_1)
FN:12,(anonymous_2)
FNF:3
FNH:3
FNDA:7,(anonymous_0)
FNDA:5,(anonymous_1)
FNDA:5,(anonymous_2)
DA:6,7
DA:10,5
DA:13,5
LF:3
LH:3
BRF:0
BRH:0
end_of_record
TN:
SF:packages\Bible Visualization Utils\bibleVizUtils\infrastructure\data\BibleVizDataRepository.tsx
FN:7,(anonymous_0)
FN:11,(anonymous_1)
FN:15,(anonymous_2)
FN:19,(anonymous_3)
FNF:4
FNH:4
FNDA:6,(anonymous_0)
FNDA:9,(anonymous_1)
FNDA:4,(anonymous_2)
FNDA:8,(anonymous_3)
DA:8,6
DA:12,9
DA:16,4
DA:22,8
LF:4
LH:4
BRF:0
BRH:0
end_of_record
TN:
SF:packages\Bible Visualization Utils\bibleVizUtils\infrastructure\data\booksStaticInfo.tsx
FNF:0
FNH:0
DA:3,1
LF:1
LH:1
BRF:0
BRH:0
end_of_record
TN:
SF:packages\Bible Visualization Utils\bibleVizUtils\infrastructure\data\testamentNames.tsx
FNF:0
FNH:0
DA:1,1
LF:1
LH:1
BRF:0
BRH:0
end_of_record
TN:
SF:packages\Bible Visualization Utils\bibleVizUtils\infrastructure\functions\casualos.tsx
FN:23,(anonymous_0)
FN:38,(anonymous_1)
FN:47,(anonymous_2)
FN:55,(anonymous_3)
FN:62,(anonymous_4)
FN:72,(anonymous_5)
FN:94,(anonymous_6)
FN:114,(anonymous_7)
FN:120,(anonymous_8)
FN:126,(anonymous_9)
FN:139,ApplyStrictMod
FNF:11
FNH:11
FNDA:6,(anonymous_0)
FNDA:6,(anonymous_1)
FNDA:6,(anonymous_2)
FNDA:4,(anonymous_3)
FNDA:17,(anonymous_4)
FNDA:8,(anonymous_5)
FNDA:5,(anonymous_6)
FNDA:4,(anonymous_7)
FNDA:4,(anonymous_8)
FNDA:3,(anonymous_9)
FNDA:4,ApplyStrictMod
DA:23,1
DA:26,6
DA:27,6
DA:29,6
DA:34,6
DA:35,6
DA:38,1
DA:44,6
DA:47,6
DA:48,6
DA:49,1
DA:51,5
DA:55,1
DA:56,4
DA:57,4
DA:58,1
DA:62,1
DA:63,17
DA:69,17
DA:72,1
DA:73,8
DA:74,8
DA:75,8
DA:76,8
DA:77,8
DA:79,8
DA:80,8
DA:81,5
DA:82,5
DA:84,3
DA:85,3
DA:86,3
DA:87,3
DA:88,3
DA:91,8
DA:94,1
DA:98,5
DA:99,5
DA:100,5
DA:101,2
DA:102,2
DA:104,1
DA:105,1
DA:106,1
DA:107,1
DA:108,1
DA:111,5
DA:114,1
DA:115,4
DA:116,4
DA:117,4
DA:120,1
DA:121,4
DA:122,4
DA:123,4
DA:126,1
DA:135,3
DA:143,4
LF:58
LH:58
BRDA:30,0,0,6
BRDA:30,0,1,5
BRDA:31,1,0,6
BRDA:31,1,1,5
BRDA:32,2,0,6
BRDA:32,2,1,5
BRDA:44,3,0,5
BRDA:44,3,1,1
BRDA:48,4,0,1
BRDA:48,4,1,5
BRDA:57,5,0,1
BRDA:57,5,1,3
BRDA:64,6,0,17
BRDA:64,6,1,16
BRDA:64,6,2,2
BRDA:65,7,0,17
BRDA:65,7,1,15
BRDA:65,7,2,2
BRDA:66,8,0,17
BRDA:66,8,1,16
BRDA:66,8,2,2
BRDA:73,9,0,8
BRDA:73,9,1,8
BRDA:73,9,2,7
BRDA:79,10,0,8
BRDA:79,10,1,7
BRDA:80,11,0,5
BRDA:80,11,1,3
BRDA:82,12,0,3
BRDA:82,12,1,2
BRDA:84,13,0,3
BRDA:84,13,1,3
BRDA:84,13,2,2
BRDA:99,14,0,5
BRDA:99,14,1,5
BRDA:100,15,0,2
BRDA:100,15,1,3
BRDA:102,16,0,1
BRDA:102,16,1,1
BRDA:104,17,0,1
BRDA:104,17,1,1
BRDA:104,17,2,1
BRDA:143,18,0,3
BRDA:143,18,1,1
BRF:44
BRH:44
end_of_record
TN:
SF:packages\Bible Visualization Utils\bibleVizUtils\infrastructure\functions\layout.tsx
FN:73,(anonymous_0)
FN:87,(anonymous_1)
FN:101,(anonymous_2)
FN:115,(anonymous_3)
FN:145,(anonymous_4)
FN:162,(anonymous_5)
FN:177,(anonymous_6)
FN:180,(anonymous_7)
FN:189,(anonymous_8)
FN:190,(anonymous_9)
FN:191,(anonymous_10)
FN:192,(anonymous_11)
FN:208,(anonymous_12)
FN:222,(anonymous_13)
FN:236,(anonymous_14)
FN:251,(anonymous_15)
FN:277,(anonymous_16)
FN:295,(anonymous_17)
FN:355,(anonymous_18)
FN:356,(anonymous_19)
FN:364,(anonymous_20)
FN:371,(anonymous_21)
FN:382,(anonymous_22)
FN:397,(anonymous_23)
FN:413,(anonymous_24)
FN:417,(anonymous_25)
FN:432,(anonymous_26)
FN:461,(anonymous_27)
FNF:28
FNH:28
FNDA:4,(anonymous_0)
FNDA:2,(anonymous_1)
FNDA:2,(anonymous_2)
FNDA:2,(anonymous_3)
FNDA:2,(anonymous_4)
FNDA:2,(anonymous_5)
FNDA:2,(anonymous_6)
FNDA:2,(anonymous_7)
FNDA:2,(anonymous_8)
FNDA:2,(anonymous_9)
FNDA:2,(anonymous_10)
FNDA:2,(anonymous_11)
FNDA:2,(anonymous_12)
FNDA:2,(anonymous_13)
FNDA:2,(anonymous_14)
FNDA:2,(anonymous_15)
FNDA:11,(anonymous_16)
FNDA:62,(anonymous_17)
FNDA:7,(anonymous_18)
FNDA:14,(anonymous_19)
FNDA:14,(anonymous_20)
FNDA:6,(anonymous_21)
FNDA:10,(anonymous_22)
FNDA:8,(anonymous_23)
FNDA:8,(anonymous_24)
FNDA:8,(anonymous_25)
FNDA:7,(anonymous_26)
FNDA:6,(anonymous_27)
DA:72,1
DA:79,4
DA:93,2
DA:107,2
DA:121,2
DA:144,1
DA:151,2
DA:168,2
DA:178,2
DA:181,2
DA:182,2
DA:188,1
DA:189,2
DA:190,2
DA:191,2
DA:192,2
DA:207,1
DA:214,2
DA:228,2
DA:242,2
DA:256,2
DA:277,1
DA:285,11
DA:286,11
DA:287,11
DA:288,11
DA:289,11
DA:290,11
DA:292,11
DA:293,23
DA:295,62
DA:297,23
DA:298,22
DA:300,22
DA:303,3
DA:304,3
DA:305,3
DA:306,3
DA:308,19
DA:311,3
DA:312,0
DA:315,3
DA:316,3
DA:317,1
DA:318,1
DA:319,1
DA:321,2
DA:322,2
DA:330,16
DA:332,16
DA:335,12
DA:336,1
DA:337,1
DA:339,12
DA:340,12
DA:344,12
DA:350,11
DA:351,11
DA:355,1
DA:356,14
DA:358,7
DA:360,7
DA:362,7
DA:364,7
DA:365,14
DA:366,14
DA:367,14
DA:371,1
DA:374,6
DA:376,6
DA:378,6
DA:382,1
DA:389,10
DA:397,1
DA:404,8
DA:413,1
DA:414,8
DA:417,1
DA:424,8
DA:432,1
DA:442,7
DA:461,1
DA:465,6
DA:469,6
DA:473,6
LF:85
LH:84
BRDA:280,0,0,10
BRDA:281,1,0,10
BRDA:282,2,0,0
BRDA:297,3,0,22
BRDA:297,3,1,1
BRDA:300,4,0,3
BRDA:300,4,1,19
BRDA:308,5,0,3
BRDA:308,5,1,16
BRDA:311,6,0,0
BRDA:311,6,1,3
BRDA:311,7,0,3
BRDA:311,7,1,0
BRDA:316,8,0,1
BRDA:316,8,1,2
BRDA:323,9,0,2
BRDA:323,9,1,0
BRDA:332,10,0,12
BRDA:332,10,1,4
BRDA:332,11,0,16
BRDA:332,11,1,7
BRDA:335,12,0,1
BRDA:335,12,1,11
BRDA:341,13,0,10
BRDA:341,13,1,2
BRDA:360,14,0,5
BRDA:360,14,1,2
BRDA:376,15,0,3
BRDA:376,15,1,3
BRDA:378,16,0,4
BRDA:378,16,1,2
BRDA:445,17,0,5
BRDA:445,17,1,2
BRF:33
BRH:29
end_of_record
TN:
SF:packages\Bible Visualization Utils\bibleVizUtils\infrastructure\mappers\ActivityIndicatorMapper.tsx
FN:5,(anonymous_0)
FN:37,(anonymous_1)
FNF:2
FNH:2
FNDA:19,(anonymous_0)
FNDA:5,(anonymous_1)
DA:6,19
DA:7,8
DA:8,3
DA:12,5
DA:19,11
DA:20,3
DA:24,8
DA:25,3
DA:30,5
DA:40,5
DA:42,5
DA:43,1
DA:46,4
LF:13
LH:13
BRDA:6,0,0,8
BRDA:6,0,1,11
BRDA:7,1,0,3
BRDA:7,1,1,5
BRDA:19,2,0,3
BRDA:19,2,1,8
BRDA:24,3,0,3
BRDA:24,3,1,5
BRDA:42,4,0,1
BRDA:42,4,1,4
BRF:10
BRH:10
end_of_record
TN:
SF:packages\Bible Visualization Utils\bibleVizUtils\infrastructure\mappers\ActivityNotificationMapper.tsx
FN:5,(anonymous_0)
FN:11,(anonymous_1)
FNF:2
FNH:2
FNDA:6,(anonymous_0)
FNDA:6,(anonymous_1)
DA:6,6
DA:14,6
DA:16,6
DA:17,1
DA:20,5
LF:5
LH:5
BRDA:16,0,0,1
BRDA:16,0,1,5
BRF:2
BRH:2
end_of_record
TN:
SF:packages\Bible Visualization Utils\bibleVizUtils\infrastructure\mappers\ArrangementMapper.tsx
FN:19,(anonymous_0)
FN:23,(anonymous_1)
FN:31,(anonymous_2)
FN:35,(anonymous_3)
FN:40,(anonymous_4)
FN:71,(anonymous_5)
FN:79,(anonymous_6)
FN:85,(anonymous_7)
FN:95,(anonymous_8)
FNF:9
FNH:9
FNDA:36,(anonymous_0)
FNDA:24,(anonymous_1)
FNDA:26,(anonymous_2)
FNDA:27,(anonymous_3)
FNDA:29,(anonymous_4)
FNDA:15,(anonymous_5)
FNDA:15,(anonymous_6)
FNDA:15,(anonymous_7)
FNDA:17,(anonymous_8)
DA:20,36
DA:28,24
DA:29,24
DA:32,26
DA:36,27
DA:42,29
DA:43,29
DA:44,1
DA:48,28
DA:75,15
DA:76,15
DA:80,15
DA:86,15
DA:91,15
DA:96,17
LF:15
LH:15
BRDA:43,0,0,1
BRDA:43,0,1,28
BRDA:98,1,0,17
BRDA:98,1,1,0
BRF:4
BRH:3
end_of_record
TN:
[...]
BRDA:137,3,0,1
BRDA:137,3,1,1271
BRDA:137,4,0,1272
BRDA:137,4,1,180
BRDA:168,5,0,8
BRDA:168,5,1,1
BRDA:178,6,0,18
BRDA:178,6,1,8
BRDA:203,7,0,1
BRDA:203,7,1,6
BRDA:209,8,0,1
BRDA:209,8,1,35
BRDA:215,9,0,34
BRDA:215,9,1,1
BRDA:215,10,0,35
BRDA:215,10,1,34
BRDA:218,11,0,34
BRDA:218,11,1,0
BRDA:219,12,0,33
BRDA:219,12,1,1
BRDA:232,13,0,1
BRDA:232,13,1,32
BRDA:241,14,0,0
BRDA:241,14,1,4
BRDA:261,15,0,26
BRDA:261,15,1,22
BRDA:261,16,0,48
BRDA:261,16,1,22
BRDA:272,17,0,1
BRDA:272,17,1,1243
BRDA:272,18,0,1244
BRDA:272,18,1,152
BRDA:281,19,0,33
BRDA:281,19,1,1210
BRDA:281,20,0,1243
BRDA:281,20,1,33
BRDA:284,21,0,33
BRDA:284,21,1,1
BRDA:294,22,0,4
BRDA:294,22,1,1239
BRDA:294,23,0,1243
BRDA:294,23,1,855
BRDA:300,24,0,4
BRDA:300,24,1,18
BRDA:347,25,0,48
BRDA:347,25,1,312
BRDA:353,26,0,72
BRDA:353,26,1,288
BRDA:358,27,0,30
BRDA:358,27,1,42
BRDA:360,28,0,0
BRDA:360,28,1,30
BRDA:372,29,0,72
BRDA:372,29,1,0
BRDA:372,30,0,72
BRDA:372,30,1,30
BRDA:388,31,0,2
BRDA:388,31,1,2514
BRDA:388,32,0,2516
BRDA:388,32,1,332
BRDA:423,33,0,2514
BRDA:423,33,1,0
BRDA:432,34,0,1
BRDA:432,34,1,1
BRDA:438,35,0,2514
BRDA:438,35,1,2500
BRDA:439,36,0,2514
BRDA:439,36,1,2500
BRDA:457,37,0,3
BRDA:457,37,1,75
BRDA:486,38,0,26
BRDA:486,38,1,0
BRDA:489,39,0,1
BRDA:489,39,1,25
BRF:80
BRH:73
end_of_record
TN:
SF:packages\today-screen\todayScreen\infrastructure\presentation\hooks\useResumeReadingSection.tsx
FN:14,(anonymous_0)
FN:30,(anonymous_1)
FN:41,(anonymous_2)
FNF:3
FNH:3
FNDA:6,(anonymous_0)
FNDA:5,(anonymous_1)
FNDA:1,(anonymous_2)
DA:3,1
DA:14,1
DA:22,6
DA:24,6
DA:25,1
DA:30,5
DA:31,5
DA:41,5
DA:42,1
DA:49,5
LF:10
LH:10
BRDA:24,0,0,1
BRDA:24,0,1,5
BRDA:34,1,0,5
BRDA:34,1,1,2
BRF:4
BRH:4
end_of_record
TN:
SF:packages\today-screen\todayScreen\infrastructure\presentation\hooks\useSearchBar.tsx
FN:30,(anonymous_0)
FN:41,(anonymous_1)
FN:48,(anonymous_2)
FN:52,(anonymous_3)
FN:53,(anonymous_4)
FN:60,(anonymous_5)
FN:82,(anonymous_6)
FN:84,(anonymous_7)
FN:89,(anonymous_8)
FN:99,(anonymous_9)
FN:103,(anonymous_10)
FNF:11
FNH:11
FNDA:14,(anonymous_0)
FNDA:14,(anonymous_1)
FNDA:1,(anonymous_2)
FNDA:14,(anonymous_3)
FNDA:14,(anonymous_4)
FNDA:14,(anonymous_5)
FNDA:8,(anonymous_6)
FNDA:5,(anonymous_7)
FNDA:3,(anonymous_8)
FNDA:3,(anonymous_9)
FNDA:2,(anonymous_10)
DA:8,1
DA:28,1
DA:30,1
DA:31,14
DA:33,14
DA:34,14
DA:35,14
DA:36,14
DA:37,14
DA:39,14
DA:41,14
DA:45,14
DA:46,14
DA:48,14
DA:49,1
DA:52,14
DA:53,14
DA:54,14
DA:55,8
DA:60,14
DA:61,14
DA:62,14
DA:64,14
DA:65,3
DA:66,3
DA:69,14
DA:70,14
DA:72,14
DA:73,3
DA:74,3
DA:75,3
DA:76,3
DA:79,11
DA:80,11
DA:82,11
DA:83,8
DA:85,5
DA:86,4
DA:87,4
DA:90,3
DA:91,2
DA:92,2
DA:93,2
DA:99,14
DA:100,3
DA:103,14
DA:104,2
DA:110,2
DA:111,2
DA:114,14
LF:50
LH:50
BRDA:54,0,0,8
BRDA:54,0,1,6
BRDA:64,1,0,3
BRDA:64,1,1,11
BRDA:72,2,0,3
BRDA:72,2,1,11
BRDA:85,3,0,1
BRDA:85,3,1,4
BRDA:90,4,0,1
BRDA:90,4,1,2
BRDA:94,5,0,1
BRDA:94,5,1,1
BRDA:108,6,0,2
BRDA:108,6,1,1
BRF:14
BRH:14
end_of_record
TN:
SF:packages\today-screen\todayScreen\infrastructure\presentation\hooks\useSearchSection.tsx
FN:15,(anonymous_0)
FN:19,(anonymous_1)
FN:26,(anonymous_2)
FNF:3
FNH:3
FNDA:4,(anonymous_0)
FNDA:4,(anonymous_1)
FNDA:4,(anonymous_2)
DA:2,1
DA:15,1
DA:17,4
DA:19,4
DA:20,4
DA:26,4
DA:27,4
DA:34,4
LF:8
LH:8
BRF:0
BRH:0
end_of_record
TN:
SF:packages\today-screen\todayScreen\infrastructure\presentation\hooks\useSocialSection.tsx
FN:22,(anonymous_0)
FN:32,(anonymous_1)
FN:39,(anonymous_2)
FN:41,(anonymous_3)
FN:46,(anonymous_4)
FN:52,(anonymous_5)
FN:60,(anonymous_6)
FN:66,(anonymous_7)
FN:72,(anonymous_8)
FN:74,(anonymous_9)
FN:81,(anonymous_10)
FN:83,(anonymous_11)
FN:90,(anonymous_12)
FN:91,(anonymous_13)
FNF:14
FNH:14
FNDA:29,(anonymous_0)
FNDA:10,(anonymous_1)
FNDA:10,(anonymous_2)
FNDA:1,(anonymous_3)
FNDA:3,(anonymous_4)
FNDA:14,(anonymous_5)
FNDA:12,(anonymous_6)
FNDA:12,(anonymous_7)
FNDA:10,(anonymous_8)
FNDA:20,(anonymous_9)
FNDA:10,(anonymous_10)
FNDA:20,(anonymous_11)
FNDA:2,(anonymous_12)
FNDA:2,(anonymous_13)
DA:8,1
DA:22,1
DA:29,29
DA:31,29
DA:32,10
DA:35,29
DA:36,29
DA:37,29
DA:39,29
DA:41,29
DA:42,1
DA:43,1
DA:46,29
DA:47,3
DA:52,29
DA:53,14
DA:54,14
DA:55,2
DA:56,2
DA:59,12
DA:60,12
DA:61,12
DA:62,11
DA:66,12
DA:67,12
DA:71,29
DA:73,10
DA:75,20
DA:76,20
DA:81,29
DA:82,10
DA:84,20
DA:89,29
DA:91,2
DA:92,2
DA:93,2
DA:99,29
LF:37
LH:37
BRDA:54,0,0,2
BRDA:54,0,1,12
BRDA:61,1,0,11
BRDA:61,1,1,1
BRF:4
BRH:4
end_of_record
TN:
SF:packages\today-screen\todayScreen\infrastructure\presentation\hooks\useTodayContainer.tsx
FN:11,(anonymous_0)
FN:13,(anonymous_1)
FNF:2
FNH:2
FNDA:3,(anonymous_0)
FNDA:3,(anonymous_1)
DA:4,1
DA:11,1
DA:12,3
DA:13,3
DA:14,3
DA:15,2
DA:20,1
DA:26,3
LF:8
LH:8
BRDA:14,0,0,2
BRDA:14,0,1,1
BRDA:14,1,0,3
BRDA:14,1,1,2
BRF:4
BRH:4
end_of_record
TN:
SF:packages\today-screen\todayScreen\infrastructure\presentation\hooks\useTodayContent.tsx
FN:11,(anonymous_0)
FN:20,(anonymous_1)
FNF:2
FNH:2
FNDA:4,(anonymous_0)
FNDA:4,(anonymous_1)
DA:4,1
DA:11,1
DA:12,4
DA:14,4
DA:15,4
DA:16,4
DA:17,4
DA:18,4
DA:20,4
DA:21,4
DA:22,4
DA:23,1
DA:25,4
DA:26,4
DA:28,4
DA:29,0
DA:31,4
DA:32,4
DA:34,4
DA:37,4
LF:20
LH:19
BRDA:22,0,0,1
BRDA:22,0,1,3
BRDA:25,1,0,4
BRDA:25,1,1,0
BRDA:28,2,0,0
BRDA:28,2,1,4
BRDA:31,3,0,4
BRDA:31,3,1,0
BRF:8
BRH:5
end_of_record
TN:
SF:packages\today-screen\todayScreen\infrastructure\presentation\hooks\useWelcome.tsx
FN:31,(anonymous_0)
FN:46,(anonymous_1)
FN:52,(anonymous_2)
FN:57,(anonymous_3)
FN:60,(anonymous_4)
FN:77,(anonymous_5)
FN:83,(anonymous_6)
FN:92,(anonymous_7)
FN:98,(anonymous_8)
FNF:9
FNH:9
FNDA:15,(anonymous_0)
FNDA:14,(anonymous_1)
FNDA:2,(anonymous_2)
FNDA:15,(anonymous_3)
FNDA:15,(anonymous_4)
FNDA:15,(anonymous_5)
FNDA:14,(anonymous_6)
FNDA:2,(anonymous_7)
FNDA:14,(anonymous_8)
DA:9,1
DA:29,1
DA:31,1
DA:44,15
DA:46,15
DA:47,14
DA:52,15
DA:53,2
DA:55,15
DA:57,15
DA:58,15
DA:60,15
DA:61,15
DA:62,15
DA:64,15
DA:65,15
DA:70,15
DA:71,14
DA:75,15
DA:77,15
DA:78,15
DA:83,15
DA:84,14
DA:92,15
DA:93,2
DA:94,2
DA:95,2
DA:98,15
DA:99,14
DA:106,15
LF:30
LH:30
BRDA:47,0,0,1
BRDA:47,0,1,13
BRDA:62,1,0,15
BRDA:62,1,1,3
BRDA:62,1,2,2
BRDA:67,2,0,15
BRDA:67,2,1,1
BRDA:70,3,0,14
BRDA:70,3,1,1
BRDA:94,4,0,2
BRDA:94,4,1,1
BRDA:94,4,2,1
BRF:12
BRH:12
end_of_record
TN:
SF:packages\twitchPub-extension\ext_twitchPub\host\twitchPubManager.tsx
FN:11,(anonymous_0)
FN:30,(anonymous_1)
FN:33,(anonymous_2)
FN:38,(anonymous_3)
FN:79,createRateLimiter
FN:98,wait
FN:99,(anonymous_6)
FN:102,checkRateLimit
FN:122,processQueue
FN:151,enqueue
FN:157,CreateTwitchPubState
FN:167,(anonymous_11)
FN:203,(anonymous_12)
FN:213,(anonymous_13)
FN:217,(anonymous_14)
FN:221,(anonymous_15)
FN:227,(anonymous_16)
FN:234,(anonymous_17)
FN:274,(anonymous_18)
FN:295,(anonymous_19)
FN:306,(anonymous_20)
FN:327,(anonymous_21)
FN:345,(anonymous_22)
FN:354,(anonymous_23)
FN:372,(anonymous_24)
FNF:25
FNH:24
FNDA:9,(anonymous_0)
FNDA:9,(anonymous_1)
FNDA:0,(anonymous_2)
FNDA:32,(anonymous_3)
FNDA:12,createRateLimiter
FNDA:5,wait
FNDA:5,(anonymous_6)
FNDA:11,checkRateLimit
FNDA:11,processQueue
FNDA:11,enqueue
FNDA:12,CreateTwitchPubState
FNDA:12,(anonymous_11)
FNDA:11,(anonymous_12)
FNDA:1,(anonymous_13)
FNDA:2,(anonymous_14)
FNDA:1,(anonymous_15)
FNDA:2,(anonymous_16)
FNDA:11,(anonymous_17)
FNDA:2,(anonymous_18)
FNDA:2,(anonymous_19)
FNDA:20,(anonymous_20)
FNDA:28,(anonymous_21)
FNDA:29,(anonymous_22)
FNDA:2,(anonymous_23)
FNDA:38,(anonymous_24)
DA:11,1
DA:18,9
DA:31,9
DA:34,0
DA:38,1
DA:50,32
DA:51,32
DA:52,32
DA:56,32
DA:58,32
DA:69,32
DA:76,32
DA:88,12
DA:89,12
DA:90,12
DA:91,12
DA:92,12
DA:93,12
DA:94,12
DA:95,12
DA:96,12
DA:99,5
DA:104,11
DA:105,11
DA:106,5
DA:110,11
DA:111,11
DA:112,0
DA:113,0
DA:115,11
DA:116,0
DA:117,0
DA:118,0
DA:123,11
DA:124,10
DA:126,10
DA:127,11
DA:131,11
DA:133,11
DA:134,11
DA:135,11
DA:137,11
DA:138,11
DA:140,11
DA:141,11
DA:142,11
DA:143,11
DA:144,11
DA:148,10
DA:151,12
DA:152,11
DA:153,11
DA:159,12
DA:162,12
DA:165,12
DA:166,12
DA:167,12
DA:168,12
DA:169,12
DA:170,1
DA:171,1
DA:173,0
DA:176,12
DA:186,12
DA:187,12
DA:189,12
DA:192,12
DA:200,12
DA:202,12
DA:204,11
DA:213,12
DA:214,1
DA:217,12
DA:218,2
DA:219,1
DA:221,2
DA:222,1
DA:224,2
DA:227,12
DA:228,2
DA:229,2
DA:231,2
DA:234,12
DA:235,11
DA:236,11
DA:237,0
DA:239,11
DA:240,11
DA:242,11
DA:243,11
DA:250,11
DA:251,11
DA:252,11
DA:253,11
DA:259,10
DA:271,11
DA:274,12
DA:284,2
DA:285,2
DA:291,0
DA:293,2
DA:296,2
DA:299,2
DA:300,2
DA:302,1
DA:303,1
DA:306,12
DA:307,20
DA:308,0
DA:314,20
DA:318,1
DA:327,12
DA:328,28
DA:329,28
DA:335,21
DA:336,7
DA:345,12
DA:346,29
DA:347,29
DA:348,19
DA:349,10
DA:350,2
DA:351,0
DA:353,2
DA:354,2
DA:355,2
DA:363,2
DA:365,8
DA:366,0
DA:367,0
DA:372,12
DA:373,38
DA:374,38
DA:375,38
DA:376,38
DA:380,38
DA:381,38
DA:385,38
DA:393,38
DA:399,12
LF:140
LH:127
BRDA:44,0,0,21
BRDA:45,1,0,21
BRDA:46,2,0,21
BRDA:47,3,0,21
BRDA:50,4,0,32
BRDA:50,4,1,26
BRDA:54,5,0,32
BRDA:54,5,1,0
BRDA:105,6,0,5
BRDA:105,6,1,6
BRDA:105,7,0,11
BRDA:105,7,1,5
BRDA:111,8,0,0
BRDA:111,8,1,11
BRDA:115,9,0,0
BRDA:115,9,1,11
BRDA:123,10,0,1
BRDA:123,10,1,10
BRDA:160,11,0,12
BRDA:160,11,1,11
BRDA:164,12,0,12
BRDA:164,12,1,11
BRDA:169,13,0,11
BRDA:169,13,1,1
BRDA:178,14,0,12
BRDA:178,14,1,11
BRDA:180,15,0,12
BRDA:180,15,1,11
BRDA:182,16,0,12
BRDA:182,16,1,11
BRDA:183,17,0,12
BRDA:183,17,1,11
BRDA:190,18,0,12
BRDA:190,18,1,11
BRDA:195,19,0,12
BRDA:195,19,1,11
BRDA:196,20,0,12
BRDA:196,20,1,11
BRDA:197,21,0,12
BRDA:197,21,1,11
BRDA:218,22,0,1
BRDA:218,22,1,1
BRDA:228,23,0,2
BRDA:228,23,1,0
BRDA:236,24,0,0
BRDA:236,24,1,11
BRDA:236,25,0,11
BRDA:236,25,1,11
BRDA:236,25,2,11
BRDA:240,26,0,0
BRDA:240,26,1,11
BRDA:244,27,0,11
BRDA:244,27,1,0
BRDA:245,28,0,11
BRDA:245,28,1,0
BRDA:246,29,0,11
BRDA:246,29,1,0
BRDA:250,30,0,11
BRDA:250,30,1,0
BRDA:252,31,0,5
BRDA:252,31,1,6
BRDA:253,32,0,10
BRDA:253,32,1,1
BRDA:254,33,0,11
BRDA:254,33,1,5
BRDA:254,33,2,3
BRDA:254,33,3,2
BRDA:285,34,0,0
BRDA:285,34,1,2
BRDA:286,35,0,2
BRDA:286,35,1,2
BRDA:286,35,2,2
BRDA:286,35,3,2
BRDA:296,36,0,0
BRDA:296,36,1,2
BRDA:296,37,0,0
BRDA:296,37,1,2
BRDA:296,38,0,0
BRDA:296,38,1,2
BRDA:300,39,0,1
BRDA:300,39,1,1
BRDA:307,40,0,0
BRDA:307,40,1,20
BRDA:307,41,0,20
BRDA:307,41,1,1
BRDA:314,42,0,1
BRDA:314,42,1,19
BRDA:315,43,0,20
BRDA:315,43,1,9
BRDA:329,44,0,21
BRDA:329,44,1,7
BRDA:330,45,0,28
BRDA:330,45,1,17
BRDA:330,45,2,17
BRDA:330,45,3,9
BRDA:347,46,0,19
BRDA:347,46,1,10
BRDA:347,47,0,29
BRDA:347,47,1,18
BRDA:347,47,2,18
BRDA:349,48,0,2
BRDA:349,48,1,8
BRDA:350,49,0,0
BRDA:350,49,1,2
BRDA:365,50,0,0
BRDA:365,50,1,8
BRDA:375,51,0,38
BRDA:375,51,1,37
BRF:108
BRH:91
end_of_record
TN:
SF:packages\twitchPub-extension\ext_twitchPub\host\utils.tsx
FN:8,(anonymous_0)
FN:28,(anonymous_1)
FN:55,(anonymous_2)
FN:64,(anonymous_3)
FN:76,(anonymous_4)
FN:87,(anonymous_5)
FN:94,(anonymous_6)
FN:96,(anonymous_7)
FN:104,(anonymous_8)
FN:113,(anonymous_9)
FNF:10
FNH:1
FNDA:1,(anonymous_0)
FNDA:0,(anonymous_1)
FNDA:0,(anonymous_2)
FNDA:0,(anonymous_3)
FNDA:0,(anonymous_4)
FNDA:0,(anonymous_5)
FNDA:0,(anonymous_6)
FNDA:0,(anonymous_7)
FNDA:0,(anonymous_8)
FNDA:0,(anonymous_9)
DA:6,1
DA:8,1
DA:14,1
DA:20,1
DA:21,1
DA:22,0
DA:23,0
DA:24,0
DA:28,1
DA:34,0
DA:40,0
DA:41,0
DA:42,0
DA:43,0
DA:44,0
DA:45,0
DA:46,0
DA:49,0
DA:50,0
DA:53,0
DA:54,0
DA:55,0
DA:56,0
DA:64,0
DA:65,0
DA:75,0
DA:76,0
DA:77,0
DA:87,1
DA:88,0
DA:89,0
DA:93,0
DA:94,0
DA:95,0
DA:97,0
DA:98,0
DA:99,0
DA:100,0
DA:101,0
DA:102,0
DA:105,0
DA:106,0
DA:109,0
DA:113,1
DA:114,0
LF:45
LH:8
BRDA:21,0,0,0
BRDA:21,0,1,1
BRDA:21,1,0,1
BRDA:21,1,1,1
BRDA:36,2,0,0
BRDA:36,2,1,0
BRDA:43,3,0,0
BRDA:43,3,1,0
BRDA:49,4,0,0
BRDA:49,4,1,0
BRDA:54,5,0,0
BRDA:54,5,1,0
BRF:12
BRH:3
end_of_record
TN:
SF:packages\twitchSub-extension\ext_twitchSub\client\initializeTwitchWS.tsx
FN:16,startWebSocketClient
FN:24,(anonymous_1)
FN:28,(anonymous_2)
FN:36,(anonymous_3)
FN:40,(anonymous_4)
FN:49,(anonymous_5)
FN:60,handleWebSocketMessage
FN:109,registerEventSubListeners
FN:155,initializeTwitchWS
FNF:9
FNH:4
FNDA:19,startWebSocketClient
FNDA:0,(anonymous_1)
FNDA:0,(anonymous_2)
FNDA:0,(anonymous_3)
FNDA:1,(anonymous_4)
FNDA:1,(anonymous_5)
FNDA:0,handleWebSocketMessage
FNDA:0,registerEventSubListeners
FNDA:18,initializeTwitchWS
DA:14,2
DA:17,19
DA:18,19
DA:19,1
DA:20,1
DA:22,18
DA:24,18
DA:25,0
DA:28,18
DA:29,0
DA:36,18
DA:37,0
DA:40,18
DA:41,1
DA:46,1
DA:47,1
DA:49,1
DA:50,1
DA:51,0
DA:53,1
DA:57,18
DA:64,0
DA:65,0
DA:66,0
DA:67,0
DA:69,0
DA:70,0
DA:72,0
DA:73,0
DA:74,0
DA:75,0
DA:79,0
DA:80,0
DA:82,0
DA:88,0
DA:89,0
DA:92,0
DA:93,0
DA:94,0
DA:96,0
DA:102,0
DA:104,0
DA:110,0
DA:111,0
DA:112,0
DA:113,0
DA:116,0
DA:139,0
DA:140,0
DA:141,0
DA:146,0
DA:148,0
DA:149,0
DA:156,18
DA:158,18
DA:159,0
DA:160,0
DA:162,18
LF:58
LH:20
BRDA:18,0,0,1
BRDA:18,0,1,18
BRDA:43,1,0,1
BRDA:43,1,1,0
BRDA:50,2,0,0
BRDA:50,2,1,1
BRDA:65,3,0,0
BRDA:65,3,1,0
BRDA:70,4,0,0
BRDA:70,4,1,0
BRDA:80,5,0,0
BRDA:82,6,0,0
BRDA:82,6,1,0
BRDA:83,7,0,0
BRDA:83,7,1,0
BRDA:90,8,0,0
BRDA:90,8,1,0
BRDA:111,9,0,0
BRDA:111,9,1,0
BRDA:139,10,0,0
BRDA:139,10,1,0
BRDA:158,11,0,0
BRDA:158,11,1,18
BRF:23
BRH:5
end_of_record
TN:
SF:packages\twitchSub-extension\ext_twitchSub\client\twitchSubManager.tsx
FN:9,getBooleanMaskValue
FN:21,CreateTwitchSubState
FN:65,(anonymous_2)
FN:66,(anonymous_3)
FN:82,(anonymous_4)
FN:96,(anonymous_5)
FN:118,(anonymous_6)
FN:128,(anonymous_7)
FN:176,(anonymous_8)
FN:207,(anonymous_9)
FN:211,(anonymous_10)
FN:237,(anonymous_11)
FN:263,(anonymous_12)
FN:289,getConfig
FN:360,openBookAndChapter
FN:367,(anonymous_15)
FN:393,addTwitchIcon
FN:427,(anonymous_17)
FN:436,expandRange
FN:438,(anonymous_19)
FNF:20
FNH:19
FNDA:9,getBooleanMaskValue
FNDA:9,CreateTwitchSubState
FNDA:9,(anonymous_2)
FNDA:9,(anonymous_3)
FNDA:25,(anonymous_4)
FNDA:13,(anonymous_5)
FNDA:33,(anonymous_6)
FNDA:7,(anonymous_7)
FNDA:2,(anonymous_8)
FNDA:1,(anonymous_9)
FNDA:2,(anonymous_10)
FNDA:9,(anonymous_11)
FNDA:12,(anonymous_12)
FNDA:9,getConfig
FNDA:6,openBookAndChapter
FNDA:6,(anonymous_15)
FNDA:18,addTwitchIcon
FNDA:0,(anonymous_17)
FNDA:1,expandRange
FNDA:3,(anonymous_19)
DA:7,1
DA:10,9
DA:11,0
DA:14,9
DA:15,0
DA:18,9
DA:24,9
DA:25,9
DA:27,9
DA:33,9
DA:40,9
DA:49,9
DA:60,9
DA:61,9
DA:63,9
DA:65,9
DA:66,9
DA:67,9
DA:68,8
DA:69,8
DA:70,8
DA:71,8
DA:72,8
DA:74,8
DA:75,8
DA:76,8
DA:77,8
DA:82,9
DA:83,25
DA:84,16
DA:96,9
DA:97,13
DA:102,1
DA:108,1
DA:109,1
DA:110,1
DA:111,1
DA:118,9
DA:119,33
DA:124,18
DA:128,9
DA:129,7
DA:130,7
DA:133,5
DA:141,5
DA:143,5
DA:144,1
DA:149,5
DA:163,5
DA:166,2
DA:167,1
DA:170,1
DA:172,1
DA:176,1
DA:184,2
DA:193,2
DA:194,2
DA:204,1
DA:206,1
DA:207,1
DA:210,1
DA:211,1
DA:212,2
DA:237,9
DA:238,9
DA:239,0
DA:241,0
DA:242,0
DA:243,0
DA:244,0
DA:246,0
DA:255,9
DA:256,9
DA:257,0
DA:258,0
DA:263,9
DA:264,12
DA:268,12
DA:278,9
DA:296,9
DA:297,9
DA:298,8
DA:299,8
DA:301,0
DA:302,0
DA:306,1
DA:307,1
DA:309,1
DA:310,1
DA:311,0
DA:312,0
DA:315,1
DA:316,1
DA:317,1
DA:318,0
DA:319,0
DA:328,1
DA:330,1
DA:334,1
DA:335,0
DA:336,0
DA:339,1
DA:350,1
DA:352,1
DA:353,0
DA:356,1
DA:357,1
DA:366,6
DA:367,6
DA:369,6
DA:370,0
DA:374,0
DA:377,6
DA:379,6
DA:380,6
DA:381,0
DA:382,0
DA:383,0
DA:386,6
DA:401,18
DA:403,18
DA:404,18
DA:405,18
DA:408,0
DA:410,0
DA:411,0
DA:412,0
DA:427,0
DA:428,0
DA:429,0
DA:432,0
DA:433,0
DA:437,1
DA:438,3
LF:134
LH:101
BRDA:10,0,0,0
BRDA:10,0,1,9
BRDA:14,1,0,0
BRDA:14,1,1,9
BRDA:33,2,0,0
BRDA:33,2,1,9
BRDA:34,3,0,0
BRDA:34,3,1,0
BRDA:42,4,0,9
BRDA:42,4,1,0
BRDA:44,5,0,9
BRDA:44,5,1,0
BRDA:46,6,0,9
BRDA:46,6,1,0
BRDA:67,7,0,8
BRDA:67,7,1,1
BRDA:75,8,0,8
BRDA:75,8,1,7
BRDA:76,9,0,8
BRDA:76,9,1,7
BRDA:77,10,0,8
BRDA:77,10,1,7
BRDA:83,11,0,16
BRDA:83,11,1,9
BRDA:97,12,0,1
BRDA:97,12,1,12
BRDA:98,13,0,13
BRDA:98,13,1,3
BRDA:98,13,2,2
BRDA:119,14,0,18
BRDA:119,14,1,15
BRDA:120,15,0,33
BRDA:120,15,1,24
BRDA:120,15,2,18
BRDA:129,16,0,7
BRDA:129,16,1,0
BRDA:129,17,0,7
BRDA:129,17,1,7
BRDA:129,17,2,7
BRDA:130,18,0,5
BRDA:130,18,1,2
BRDA:143,19,0,1
BRDA:143,19,1,4
BRDA:151,20,0,3
BRDA:151,20,1,2
BRDA:151,21,0,5
BRDA:151,21,1,4
BRDA:153,22,0,2
BRDA:153,22,1,0
BRDA:155,23,0,4
BRDA:155,23,1,1
BRDA:157,24,0,1
BRDA:157,24,1,0
BRDA:158,25,0,4
BRDA:158,25,1,1
BRDA:160,26,0,1
BRDA:160,26,1,0
BRDA:166,27,0,1
BRDA:166,27,1,1
BRDA:193,28,0,1
BRDA:193,28,1,1
BRDA:210,29,0,1
BRDA:210,29,1,0
BRDA:215,30,0,1
BRDA:215,30,1,1
BRDA:223,31,0,2
BRDA:223,31,1,1
BRDA:224,32,0,2
BRDA:224,32,1,1
BRDA:238,33,0,0
BRDA:238,33,1,9
BRDA:239,34,0,0
BRDA:239,34,1,0
BRDA:256,35,0,0
BRDA:256,35,1,9
BRDA:297,36,0,8
BRDA:297,36,1,1
BRDA:310,37,0,0
BRDA:310,37,1,1
BRDA:315,38,0,1
BRDA:315,38,1,0
BRDA:317,39,0,0
BRDA:317,39,1,1
BRDA:334,40,0,0
BRDA:334,40,1,1
BRDA:352,41,0,0
BRDA:352,41,1,1
BRDA:369,42,0,0
BRDA:369,42,1,6
BRDA:380,43,0,0
BRDA:380,43,1,6
BRDA:401,44,0,18
BRDA:401,44,1,18
BRDA:403,45,0,18
BRDA:403,45,1,0
BRDA:421,46,0,0
BRDA:421,46,1,0
BRF:97
BRH:70
end_of_record
TN:
SF:script\lib\translation.ts
FN:22,encodeValueForHtml
FN:25,(anonymous_1)
FN:37,decodeValueFromHtml
FN:50,translateResources
FN:70,(anonymous_4)
FNF:5
FNH:3
FNDA:3,encodeValueForHtml
FNDA:7,(anonymous_1)
FNDA:3,decodeValueFromHtml
FNDA:0,translateResources
FNDA:0,(anonymous_4)
DA:14,1
DA:15,1
DA:23,3
DA:26,7
DA:38,3
DA:41,1
DA:55,0
DA:59,0
DA:60,0
DA:62,0
DA:63,0
DA:64,0
DA:65,0
DA:70,0
DA:73,0
DA:74,0
DA:75,0
DA:79,0
DA:80,0
DA:82,0
DA:83,0
DA:85,0
DA:93,0
DA:98,0
DA:101,0
LF:25
LH:6
BRDA:26,0,0,2
BRDA:26,0,1,5
BRDA:67,1,0,0
BRDA:67,1,1,0
BRDA:68,2,0,0
BRDA:68,2,1,0
BRDA:73,3,0,0
BRDA:73,3,1,0
BRDA:76,4,0,0
BRDA:76,4,1,0
BRDA:82,5,0,0
BRDA:82,5,1,0
BRF:12
BRH:2
end_of_record
TN:
SF:test\mocks\typesense.ts
FN:2,(anonymous_0)
FNF:1
FNH:1
FNDA:39,(anonymous_0)
DA:1,4
DA:2,39
LF:2
LH:2
BRF:0
BRH:0
end_of_record
TN:
SF:test\unit\seed-bible\managers\testUtils\mockBibleApiData.ts
FN:196,createResponse
FN:208,makeUrl
FN:215,makeAltUrl
FN:219,makeExampleUrl
FN:223,makeChapter
FN:229,(anonymous_5)
FN:256,createDefaultManagerResponseMap
FN:273,createDefaultSelectorManagerResponseMap
FN:299,createExampleManagerResponseMap
FN:317,createReadingManagerResponseMap
FNF:10
FNH:10
FNDA:1023,createResponse
FNDA:1042,makeUrl
FNDA:42,makeAltUrl
FNDA:771,makeExampleUrl
FNDA:554,makeChapter
FNDA:737,(anonymous_5)
FNDA:4,createDefaultManagerResponseMap
FNDA:22,createDefaultSelectorManagerResponseMap
FNDA:82,createExampleManagerResponseMap
FNDA:40,createReadingManagerResponseMap
DA:17,10
DA:18,10
DA:20,10
DA:36,10
DA:52,10
DA:68,10
DA:72,10
DA:117,10
DA:162,10
DA:181,10
DA:201,1023
DA:212,1042
DA:216,42
DA:220,771
DA:229,737
DA:232,554
DA:257,4
DA:274,22
DA:300,82
DA:318,40
LF:20
LH:20
BRDA:198,0,0,1022
BRDA:199,1,0,1022
BRDA:210,2,0,229
BRDA:229,3,0,554
BRDA:229,3,1,0
BRDA:240,4,0,216
BRDA:240,4,1,338
BRDA:243,5,0,216
BRDA:243,5,1,338
BRF:9
BRH:8
end_of_record
TN:
SF:test\unit\seed-bible\testUtils\createTestSeedBibleState.ts
FN:28,waitFor
FN:39,(anonymous_1)
FN:45,waitForInitialLoad
FN:49,(anonymous_3)
FN:52,waitForTabsToLoad
FN:57,(anonymous_5)
FN:63,ensureGlobalRuntime
FN:84,(anonymous_7)
FN:88,(anonymous_8)
FN:92,(anonymous_9)
FN:98,installFreeUseBibleApiMock
FN:104,(anonymous_11)
FN:115,ensureI18nInitialized
FN:136,createTestSeedBibleState
FNF:14
FNH:12
FNDA:157,waitFor
FNDA:151,(anonymous_1)
FNDA:70,waitForInitialLoad
FNDA:212,(anonymous_3)
FNDA:65,waitForTabsToLoad
FNDA:65,(anonymous_5)
FNDA:65,ensureGlobalRuntime
FNDA:0,(anonymous_7)
FNDA:0,(anonymous_8)
FNDA:39,(anonymous_9)
FNDA:65,installFreeUseBibleApiMock
FNDA:145,(anonymous_11)
FNDA:65,ensureI18nInitialized
FNDA:65,createTestSeedBibleState
DA:32,157
DA:34,157
DA:35,151
DA:36,0
DA:39,151
DA:40,151
DA:41,151
DA:49,212
DA:56,65
DA:58,65
DA:66,65
DA:69,65
DA:72,65
DA:78,65
DA:79,65
DA:84,0
DA:88,0
DA:92,39
DA:95,65
DA:102,65
DA:105,145
DA:106,145
DA:107,50
DA:110,95
DA:116,65
DA:117,61
DA:120,4
DA:143,65
DA:145,65
DA:146,65
DA:147,65
DA:150,65
DA:151,65
DA:152,65
DA:154,65
LF:35
LH:32
BRDA:30,0,0,87
BRDA:35,1,0,0
BRDA:35,1,1,151
BRDA:74,2,0,65
BRDA:74,2,1,64
BRDA:78,3,0,65
BRDA:78,3,1,0
BRDA:82,4,0,65
BRDA:82,4,1,0
BRDA:86,5,0,65
BRDA:86,5,1,0
BRDA:90,6,0,61
BRDA:90,6,1,4
BRDA:103,7,0,65
BRDA:103,7,1,6
BRDA:106,8,0,50
BRDA:106,8,1,95
BRDA:116,9,0,61
BRDA:116,9,1,4
BRDA:137,10,0,36
BRDA:140,11,0,37
BRDA:142,12,0,65
BRF:22
BRH:18
end_of_record
